TpTrace Verbose: 0 : 24388, 1, 2024/04/29, 17:06:16.141, 3469967188423, vstest.console.dll, Version: 17.9.0-release-24072-02 Current process architecture: X64
TpTrace Verbose: 0 : 24388, 1, 2024/04/29, 17:06:16.147, 3469967242076, vstest.console.dll, Runtime location: C:\Program Files\dotnet\shared\Microsoft.NETCore.App\8.0.4
TpTrace Verbose: 0 : 24388, 1, 2024/04/29, 17:06:16.153, 3469967301848, vstest.console.dll, ArtifactProcessingPostProcessModeProcessorExecutor.Initialize: ArtifactProcessingMode.Collect
TpTrace Verbose: 0 : 24388, 1, 2024/04/29, 17:06:16.153, 3469967304305, vstest.console.dll, TestSessionCorrelationIdProcessorModeProcessorExecutor.Initialize: TestSessionCorrelationId '18668_926219cf-96cb-4f7c-b50f-3b8b43593e74'
TpTrace Information: 0 : 24388, 1, 2024/04/29, 17:06:16.168, 3469967452980, vstest.console.dll, FilePatternParser: The given file C:\Users\ValMe\Documents\GitHub\DP_BUJ0034\UnitTests\bin\Debug\net7.0\fine-code-coverage\build-output\UnitTests.dll is a full path.
TpTrace Verbose: 0 : 24388, 1, 2024/04/29, 17:06:16.180, 3469967572978, vstest.console.dll, TestPluginCache.DiscoverTestExtensions: finding test extensions in assemblies ends with: RuntimeProvider.dll TPluginInfo: Microsoft.VisualStudio.TestPlatform.Common.ExtensionFramework.Utilities.TestRuntimePluginInformation TExtension: Microsoft.VisualStudio.TestPlatform.ObjectModel.Host.ITestRuntimeProvider
TpTrace Verbose: 0 : 24388, 1, 2024/04/29, 17:06:16.182, 3469967591296, vstest.console.dll, TestPluginCache.GetExtensionPaths: Filtered extension paths: 
TpTrace Verbose: 0 : 24388, 1, 2024/04/29, 17:06:16.182, 3469967592960, vstest.console.dll, TestPluginCache.GetExtensionPaths: Added default extension paths: C:\Program Files\dotnet\sdk\8.0.204\Extensions\Microsoft.Diagnostics.NETCore.Client.dll
C:\Program Files\dotnet\sdk\8.0.204\Extensions\Microsoft.TestPlatform.Extensions.BlameDataCollector.dll
C:\Program Files\dotnet\sdk\8.0.204\Extensions\Microsoft.TestPlatform.Extensions.EventLogCollector.dll
C:\Program Files\dotnet\sdk\8.0.204\Extensions\Microsoft.TestPlatform.TestHostRuntimeProvider.dll
C:\Program Files\dotnet\sdk\8.0.204\Extensions\Microsoft.VisualStudio.TestPlatform.Extensions.Html.TestLogger.dll
C:\Program Files\dotnet\sdk\8.0.204\Extensions\Microsoft.VisualStudio.TestPlatform.Extensions.Trx.TestLogger.dll
TpTrace Verbose: 0 : 24388, 1, 2024/04/29, 17:06:16.182, 3469967593362, vstest.console.dll, TestPluginCache.GetExtensionPaths: Added unfilterableExtensionPaths: 
TpTrace Information: 0 : 24388, 1, 2024/04/29, 17:06:16.183, 3469967603197, vstest.console.dll, AssemblyResolver.ctor: Creating AssemblyResolver with searchDirectories C:\Program Files\dotnet\sdk\8.0.204\Extensions,C:\Program Files\dotnet\sdk\8.0.204
TpTrace Verbose: 0 : 24388, 1, 2024/04/29, 17:06:16.185, 3469967624129, vstest.console.dll, TestPluginCache.DiscoverTestExtensions: Discovering the extensions using extension path.
TpTrace Verbose: 0 : 24388, 1, 2024/04/29, 17:06:16.185, 3469967626248, vstest.console.dll, TestPluginCache.GetExtensionPaths: Filtered extension paths: 
TpTrace Verbose: 0 : 24388, 1, 2024/04/29, 17:06:16.185, 3469967626774, vstest.console.dll, TestPluginCache.GetExtensionPaths: Added default extension paths: C:\Program Files\dotnet\sdk\8.0.204\Extensions\Microsoft.Diagnostics.NETCore.Client.dll
C:\Program Files\dotnet\sdk\8.0.204\Extensions\Microsoft.TestPlatform.Extensions.BlameDataCollector.dll
C:\Program Files\dotnet\sdk\8.0.204\Extensions\Microsoft.TestPlatform.Extensions.EventLogCollector.dll
C:\Program Files\dotnet\sdk\8.0.204\Extensions\Microsoft.TestPlatform.TestHostRuntimeProvider.dll
C:\Program Files\dotnet\sdk\8.0.204\Extensions\Microsoft.VisualStudio.TestPlatform.Extensions.Html.TestLogger.dll
C:\Program Files\dotnet\sdk\8.0.204\Extensions\Microsoft.VisualStudio.TestPlatform.Extensions.Trx.TestLogger.dll
TpTrace Verbose: 0 : 24388, 1, 2024/04/29, 17:06:16.185, 3469967627109, vstest.console.dll, TestPluginCache.GetExtensionPaths: Added unfilterableExtensionPaths: 
TpTrace Verbose: 0 : 24388, 1, 2024/04/29, 17:06:16.185, 3469967627834, vstest.console.dll, TestPluginCache.DiscoverTestExtensions: Discovering the extensions using allExtensionPaths: C:\Program Files\dotnet\sdk\8.0.204\Extensions\Microsoft.Diagnostics.NETCore.Client.dll
C:\Program Files\dotnet\sdk\8.0.204\Extensions\Microsoft.TestPlatform.Extensions.BlameDataCollector.dll
C:\Program Files\dotnet\sdk\8.0.204\Extensions\Microsoft.TestPlatform.Extensions.EventLogCollector.dll
C:\Program Files\dotnet\sdk\8.0.204\Extensions\Microsoft.TestPlatform.TestHostRuntimeProvider.dll
C:\Program Files\dotnet\sdk\8.0.204\Extensions\Microsoft.VisualStudio.TestPlatform.Extensions.Html.TestLogger.dll
C:\Program Files\dotnet\sdk\8.0.204\Extensions\Microsoft.VisualStudio.TestPlatform.Extensions.Trx.TestLogger.dll
TpTrace Information: 0 : 24388, 1, 2024/04/29, 17:06:16.186, 3469967630209, vstest.console.dll, AssemblyResolver.AddSearchDirectories: Adding more searchDirectories C:\Program Files\dotnet\sdk\8.0.204\Extensions,C:\Program Files\dotnet\sdk\8.0.204
TpTrace Information: 0 : 24388, 1, 2024/04/29, 17:06:16.186, 3469967630944, vstest.console.dll, AssemblyResolver.AddSearchDirectories: Adding more searchDirectories C:\Program Files\dotnet\sdk\8.0.204\Extensions,C:\Program Files\dotnet\sdk\8.0.204
TpTrace Information: 0 : 24388, 1, 2024/04/29, 17:06:16.186, 3469967631328, vstest.console.dll, AssemblyResolver.AddSearchDirectories: Adding more searchDirectories C:\Program Files\dotnet\sdk\8.0.204\Extensions,C:\Program Files\dotnet\sdk\8.0.204
TpTrace Information: 0 : 24388, 1, 2024/04/29, 17:06:16.186, 3469967631732, vstest.console.dll, AssemblyResolver.AddSearchDirectories: Adding more searchDirectories C:\Program Files\dotnet\sdk\8.0.204\Extensions,C:\Program Files\dotnet\sdk\8.0.204
TpTrace Information: 0 : 24388, 1, 2024/04/29, 17:06:16.186, 3469967632065, vstest.console.dll, AssemblyResolver.AddSearchDirectories: Adding more searchDirectories C:\Program Files\dotnet\sdk\8.0.204\Extensions,C:\Program Files\dotnet\sdk\8.0.204
TpTrace Information: 0 : 24388, 1, 2024/04/29, 17:06:16.186, 3469967632374, vstest.console.dll, AssemblyResolver.AddSearchDirectories: Adding more searchDirectories C:\Program Files\dotnet\sdk\8.0.204\Extensions,C:\Program Files\dotnet\sdk\8.0.204
TpTrace Information: 0 : 24388, 1, 2024/04/29, 17:06:16.186, 3469967636220, vstest.console.dll, AssemblyResolver.OnResolve: Microsoft.Diagnostics.NETCore.Client: Resolving assembly.
TpTrace Information: 0 : 24388, 1, 2024/04/29, 17:06:16.186, 3469967637266, vstest.console.dll, AssemblyResolver.OnResolve: Microsoft.Diagnostics.NETCore.Client: Searching in: 'C:\Program Files\dotnet\sdk\8.0.204\Extensions'.
TpTrace Information: 0 : 24388, 1, 2024/04/29, 17:06:16.200, 3469967776715, vstest.console.dll, AssemblyResolver.OnResolve: Microsoft.Diagnostics.NETCore.Client: Loading assembly 'C:\Program Files\dotnet\sdk\8.0.204\Extensions\Microsoft.Diagnostics.NETCore.Client.dll'.
TpTrace Information: 0 : 24388, 1, 2024/04/29, 17:06:16.202, 3469967799175, vstest.console.dll, AssemblyResolver.OnResolve: Resolved assembly: Microsoft.Diagnostics.NETCore.Client, from path: C:\Program Files\dotnet\sdk\8.0.204\Extensions\Microsoft.Diagnostics.NETCore.Client.dll
TpTrace Verbose: 0 : 24388, 1, 2024/04/29, 17:06:16.209, 3469967861621, vstest.console.dll, MetadataReaderExtensionsHelper: Discovering extensions inside assembly 'Microsoft.Diagnostics.NETCore.Client, Version=0.2.9.2401, Culture=neutral, PublicKeyToken=31bf3856ad364e35' file path 'C:\Program Files\dotnet\sdk\8.0.204\Extensions\Microsoft.Diagnostics.NETCore.Client.dll'
TpTrace Information: 0 : 24388, 1, 2024/04/29, 17:06:16.217, 3469967950163, vstest.console.dll, AssemblyResolver.OnResolve: Microsoft.Bcl.AsyncInterfaces: Resolving assembly.
TpTrace Information: 0 : 24388, 1, 2024/04/29, 17:06:16.218, 3469967952397, vstest.console.dll, AssemblyResolver.OnResolve: Microsoft.Bcl.AsyncInterfaces: Searching in: 'C:\Program Files\dotnet\sdk\8.0.204\Extensions'.
TpTrace Information: 0 : 24388, 1, 2024/04/29, 17:06:16.218, 3469967954348, vstest.console.dll, AssemblyResolver.OnResolve: Microsoft.Bcl.AsyncInterfaces: Assembly path does not exist: 'C:\Program Files\dotnet\sdk\8.0.204\Extensions\Microsoft.Bcl.AsyncInterfaces.dll', returning.
TpTrace Information: 0 : 24388, 1, 2024/04/29, 17:06:16.218, 3469967956360, vstest.console.dll, AssemblyResolver.OnResolve: Microsoft.Bcl.AsyncInterfaces: Assembly path does not exist: 'C:\Program Files\dotnet\sdk\8.0.204\Extensions\Microsoft.Bcl.AsyncInterfaces.exe', returning.
TpTrace Information: 0 : 24388, 1, 2024/04/29, 17:06:16.218, 3469967957176, vstest.console.dll, AssemblyResolver.OnResolve: Microsoft.Bcl.AsyncInterfaces: Searching in: 'C:\Program Files\dotnet\sdk\8.0.204'.
TpTrace Information: 0 : 24388, 1, 2024/04/29, 17:06:16.218, 3469967958350, vstest.console.dll, AssemblyResolver.OnResolve: Microsoft.Bcl.AsyncInterfaces: Assembly path does not exist: 'C:\Program Files\dotnet\sdk\8.0.204\Microsoft.Bcl.AsyncInterfaces.dll', returning.
TpTrace Information: 0 : 24388, 1, 2024/04/29, 17:06:16.218, 3469967959615, vstest.console.dll, AssemblyResolver.OnResolve: Microsoft.Bcl.AsyncInterfaces: Assembly path does not exist: 'C:\Program Files\dotnet\sdk\8.0.204\Microsoft.Bcl.AsyncInterfaces.exe', returning.
TpTrace Information: 0 : 24388, 1, 2024/04/29, 17:06:16.218, 3469967960149, vstest.console.dll, AssemblyResolver.OnResolve: Microsoft.Bcl.AsyncInterfaces: Failed to load assembly.
TpTrace Verbose: 0 : 24388, 1, 2024/04/29, 17:06:16.219, 3469967960782, vstest.console.dll, CurrentDomainAssemblyResolve: Resolving assembly 'Microsoft.Bcl.AsyncInterfaces'.
TpTrace Information: 0 : 24388, 1, 2024/04/29, 17:06:16.219, 3469967962092, vstest.console.dll, AssemblyResolver.OnResolve: Microsoft.Bcl.AsyncInterfaces: Resolving assembly.
TpTrace Information: 0 : 24388, 1, 2024/04/29, 17:06:16.219, 3469967962854, vstest.console.dll, AssemblyResolver.OnResolve: Microsoft.Bcl.AsyncInterfaces: Resolved from cache.
TpTrace Verbose: 0 : 24388, 1, 2024/04/29, 17:06:16.219, 3469967963320, vstest.console.dll, CurrentDomainAssemblyResolve: Resolving assembly 'Microsoft.Bcl.AsyncInterfaces'.
TpTrace Verbose: 0 : 24388, 1, 2024/04/29, 17:06:16.219, 3469967963903, vstest.console.dll, CurrentDomainAssemblyResolve: Failed to resolve assembly 'Microsoft.Bcl.AsyncInterfaces'.
TpTrace Verbose: 0 : 24388, 1, 2024/04/29, 17:06:16.225, 3469968030058, vstest.console.dll, CurrentDomainAssemblyResolve: Failed to resolve assembly 'Microsoft.Bcl.AsyncInterfaces'.
TpTrace Warning: 0 : 24388, 1, 2024/04/29, 17:06:16.255, 3469968328442, vstest.console.dll, TestPluginDiscoverer: Failed to get types from assembly 'Microsoft.Diagnostics.NETCore.Client, Version=0.2.9.2401, Culture=neutral, PublicKeyToken=31bf3856ad364e35'. Error: System.Reflection.ReflectionTypeLoadException: Unable to load one or more of the requested types.
Could not load file or assembly 'Microsoft.Bcl.AsyncInterfaces, Version=6.0.0.0, Culture=neutral, PublicKeyToken=cc7b13ffcd2ddd51'. Systém nemůže nalézt uvedený soubor.
   at System.Reflection.RuntimeModule.GetTypes(RuntimeModule module)
   at System.Reflection.RuntimeModule.GetTypes()
   at Microsoft.VisualStudio.TestPlatform.Common.ExtensionFramework.TestPluginDiscoverer.GetTestExtensionsFromAssembly[TPluginInfo,TExtension](Assembly assembly, Dictionary`2 pluginInfos, String filePath) in /_/src/Microsoft.TestPlatform.Common/ExtensionFramework/TestPluginDiscoverer.cs:line 158
System.IO.FileNotFoundException: Could not load file or assembly 'Microsoft.Bcl.AsyncInterfaces, Version=6.0.0.0, Culture=neutral, PublicKeyToken=cc7b13ffcd2ddd51'. Systém nemůže nalézt uvedený soubor.
File name: 'Microsoft.Bcl.AsyncInterfaces, Version=6.0.0.0, Culture=neutral, PublicKeyToken=cc7b13ffcd2ddd51'
 ---> System.IO.FileNotFoundException: Could not load file or assembly 'Microsoft.Bcl.AsyncInterfaces, Culture=neutral, PublicKeyToken=null'. Systém nemůže nalézt uvedený soubor.
File name: 'Microsoft.Bcl.AsyncInterfaces, Culture=neutral, PublicKeyToken=null'
   at System.Reflection.RuntimeAssembly.InternalLoad(AssemblyName assemblyName, StackCrawlMark& stackMark, AssemblyLoadContext assemblyLoadContext, RuntimeAssembly requestingAssembly, Boolean throwOnFileNotFound)
   at System.Reflection.Assembly.Load(AssemblyName assemblyRef)
   at Microsoft.VisualStudio.TestPlatform.Common.ExtensionFramework.TestPluginCache.CurrentDomainAssemblyResolve(Object sender, AssemblyResolveEventArgs args) in /_/src/Microsoft.TestPlatform.Common/ExtensionFramework/TestPluginCache.cs:line 513
   at System.Runtime.Loader.AssemblyLoadContext.GetFirstResolvedAssemblyFromResolvingEvent(AssemblyName assemblyName)
   at System.Runtime.Loader.AssemblyLoadContext.ResolveUsingEvent(AssemblyName assemblyName)
   at System.Runtime.Loader.AssemblyLoadContext.ResolveUsingResolvingEvent(IntPtr gchManagedAssemblyLoadContext, AssemblyName assemblyName)
TpTrace Warning: 0 : 24388, 1, 2024/04/29, 17:06:16.256, 3469968334497, vstest.console.dll, LoaderExceptions: System.IO.FileNotFoundException: Could not load file or assembly 'Microsoft.Bcl.AsyncInterfaces, Version=6.0.0.0, Culture=neutral, PublicKeyToken=cc7b13ffcd2ddd51'. Systém nemůže nalézt uvedený soubor.
File name: 'Microsoft.Bcl.AsyncInterfaces, Version=6.0.0.0, Culture=neutral, PublicKeyToken=cc7b13ffcd2ddd51'
 ---> System.IO.FileNotFoundException: Could not load file or assembly 'Microsoft.Bcl.AsyncInterfaces, Culture=neutral, PublicKeyToken=null'. Systém nemůže nalézt uvedený soubor.
File name: 'Microsoft.Bcl.AsyncInterfaces, Culture=neutral, PublicKeyToken=null'
   at System.Reflection.RuntimeAssembly.InternalLoad(AssemblyName assemblyName, StackCrawlMark& stackMark, AssemblyLoadContext assemblyLoadContext, RuntimeAssembly requestingAssembly, Boolean throwOnFileNotFound)
   at System.Reflection.Assembly.Load(AssemblyName assemblyRef)
   at Microsoft.VisualStudio.TestPlatform.Common.ExtensionFramework.TestPluginCache.CurrentDomainAssemblyResolve(Object sender, AssemblyResolveEventArgs args) in /_/src/Microsoft.TestPlatform.Common/ExtensionFramework/TestPluginCache.cs:line 513
   at System.Runtime.Loader.AssemblyLoadContext.GetFirstResolvedAssemblyFromResolvingEvent(AssemblyName assemblyName)
   at System.Runtime.Loader.AssemblyLoadContext.ResolveUsingEvent(AssemblyName assemblyName)
   at System.Runtime.Loader.AssemblyLoadContext.ResolveUsingResolvingEvent(IntPtr gchManagedAssemblyLoadContext, AssemblyName assemblyName)
TpTrace Information: 0 : 24388, 1, 2024/04/29, 17:06:16.256, 3469968337307, vstest.console.dll, AssemblyResolver.OnResolve: Microsoft.TestPlatform.Extensions.BlameDataCollector: Resolving assembly.
TpTrace Information: 0 : 24388, 1, 2024/04/29, 17:06:16.256, 3469968338143, vstest.console.dll, AssemblyResolver.OnResolve: Microsoft.TestPlatform.Extensions.BlameDataCollector: Searching in: 'C:\Program Files\dotnet\sdk\8.0.204\Extensions'.
TpTrace Information: 0 : 24388, 1, 2024/04/29, 17:06:16.258, 3469968351336, vstest.console.dll, AssemblyResolver.OnResolve: Microsoft.TestPlatform.Extensions.BlameDataCollector: Loading assembly 'C:\Program Files\dotnet\sdk\8.0.204\Extensions\Microsoft.TestPlatform.Extensions.BlameDataCollector.dll'.
TpTrace Information: 0 : 24388, 1, 2024/04/29, 17:06:16.260, 3469968371352, vstest.console.dll, AssemblyResolver.OnResolve: Resolved assembly: Microsoft.TestPlatform.Extensions.BlameDataCollector, from path: C:\Program Files\dotnet\sdk\8.0.204\Extensions\Microsoft.TestPlatform.Extensions.BlameDataCollector.dll
TpTrace Verbose: 0 : 24388, 1, 2024/04/29, 17:06:16.260, 3469968373747, vstest.console.dll, MetadataReaderExtensionsHelper: Discovering extensions inside assembly 'Microsoft.TestPlatform.Extensions.BlameDataCollector, Version=15.0.0.0, Culture=neutral, PublicKeyToken=b03f5f7f11d50a3a' file path 'C:\Program Files\dotnet\sdk\8.0.204\Extensions\Microsoft.TestPlatform.Extensions.BlameDataCollector.dll'
TpTrace Information: 0 : 24388, 1, 2024/04/29, 17:06:16.263, 3469968404541, vstest.console.dll, AssemblyResolver.OnResolve: Microsoft.TestPlatform.Extensions.EventLogCollector: Resolving assembly.
TpTrace Information: 0 : 24388, 1, 2024/04/29, 17:06:16.263, 3469968406083, vstest.console.dll, AssemblyResolver.OnResolve: Microsoft.TestPlatform.Extensions.EventLogCollector: Searching in: 'C:\Program Files\dotnet\sdk\8.0.204\Extensions'.
TpTrace Information: 0 : 24388, 1, 2024/04/29, 17:06:16.264, 3469968419222, vstest.console.dll, AssemblyResolver.OnResolve: Microsoft.TestPlatform.Extensions.EventLogCollector: Loading assembly 'C:\Program Files\dotnet\sdk\8.0.204\Extensions\Microsoft.TestPlatform.Extensions.EventLogCollector.dll'.
TpTrace Information: 0 : 24388, 1, 2024/04/29, 17:06:16.265, 3469968429010, vstest.console.dll, AssemblyResolver.OnResolve: Resolved assembly: Microsoft.TestPlatform.Extensions.EventLogCollector, from path: C:\Program Files\dotnet\sdk\8.0.204\Extensions\Microsoft.TestPlatform.Extensions.EventLogCollector.dll
TpTrace Verbose: 0 : 24388, 1, 2024/04/29, 17:06:16.266, 3469968430796, vstest.console.dll, MetadataReaderExtensionsHelper: Discovering extensions inside assembly 'Microsoft.TestPlatform.Extensions.EventLogCollector, Version=15.0.0.0, Culture=neutral, PublicKeyToken=b03f5f7f11d50a3a' file path 'C:\Program Files\dotnet\sdk\8.0.204\Extensions\Microsoft.TestPlatform.Extensions.EventLogCollector.dll'
TpTrace Information: 0 : 24388, 1, 2024/04/29, 17:06:16.271, 3469968489577, vstest.console.dll, AssemblyResolver.OnResolve: Microsoft.TestPlatform.TestHostRuntimeProvider: Resolving assembly.
TpTrace Information: 0 : 24388, 1, 2024/04/29, 17:06:16.272, 3469968491581, vstest.console.dll, AssemblyResolver.OnResolve: Microsoft.TestPlatform.TestHostRuntimeProvider: Searching in: 'C:\Program Files\dotnet\sdk\8.0.204\Extensions'.
TpTrace Information: 0 : 24388, 1, 2024/04/29, 17:06:16.273, 3469968507899, vstest.console.dll, AssemblyResolver.OnResolve: Microsoft.TestPlatform.TestHostRuntimeProvider: Loading assembly 'C:\Program Files\dotnet\sdk\8.0.204\Extensions\Microsoft.TestPlatform.TestHostRuntimeProvider.dll'.
TpTrace Information: 0 : 24388, 1, 2024/04/29, 17:06:16.275, 3469968522084, vstest.console.dll, AssemblyResolver.OnResolve: Resolved assembly: Microsoft.TestPlatform.TestHostRuntimeProvider, from path: C:\Program Files\dotnet\sdk\8.0.204\Extensions\Microsoft.TestPlatform.TestHostRuntimeProvider.dll
TpTrace Verbose: 0 : 24388, 1, 2024/04/29, 17:06:16.275, 3469968523792, vstest.console.dll, MetadataReaderExtensionsHelper: Discovering extensions inside assembly 'Microsoft.TestPlatform.TestHostRuntimeProvider, Version=15.0.0.0, Culture=neutral, PublicKeyToken=b03f5f7f11d50a3a' file path 'C:\Program Files\dotnet\sdk\8.0.204\Extensions\Microsoft.TestPlatform.TestHostRuntimeProvider.dll'
TpTrace Information: 0 : 24388, 1, 2024/04/29, 17:06:16.278, 3469968558487, vstest.console.dll, GetTestExtensionFromType: Register extension with identifier data 'HostProvider://DefaultTestHost' and type 'Microsoft.VisualStudio.TestPlatform.CrossPlatEngine.Hosting.DefaultTestHostManager, Microsoft.TestPlatform.TestHostRuntimeProvider, Version=15.0.0.0, Culture=neutral, PublicKeyToken=b03f5f7f11d50a3a' inside file 'C:\Program Files\dotnet\sdk\8.0.204\Extensions\Microsoft.TestPlatform.TestHostRuntimeProvider.dll'
TpTrace Information: 0 : 24388, 1, 2024/04/29, 17:06:16.279, 3469968563266, vstest.console.dll, GetTestExtensionFromType: Register extension with identifier data 'HostProvider://DotnetTestHost' and type 'Microsoft.VisualStudio.TestPlatform.CrossPlatEngine.Hosting.DotnetTestHostManager, Microsoft.TestPlatform.TestHostRuntimeProvider, Version=15.0.0.0, Culture=neutral, PublicKeyToken=b03f5f7f11d50a3a' inside file 'C:\Program Files\dotnet\sdk\8.0.204\Extensions\Microsoft.TestPlatform.TestHostRuntimeProvider.dll'
TpTrace Information: 0 : 24388, 1, 2024/04/29, 17:06:16.279, 3469968564959, vstest.console.dll, AssemblyResolver.OnResolve: Microsoft.VisualStudio.TestPlatform.Extensions.Html.TestLogger: Resolving assembly.
TpTrace Information: 0 : 24388, 1, 2024/04/29, 17:06:16.279, 3469968565644, vstest.console.dll, AssemblyResolver.OnResolve: Microsoft.VisualStudio.TestPlatform.Extensions.Html.TestLogger: Searching in: 'C:\Program Files\dotnet\sdk\8.0.204\Extensions'.
TpTrace Information: 0 : 24388, 1, 2024/04/29, 17:06:16.280, 3469968577455, vstest.console.dll, AssemblyResolver.OnResolve: Microsoft.VisualStudio.TestPlatform.Extensions.Html.TestLogger: Loading assembly 'C:\Program Files\dotnet\sdk\8.0.204\Extensions\Microsoft.VisualStudio.TestPlatform.Extensions.Html.TestLogger.dll'.
TpTrace Information: 0 : 24388, 1, 2024/04/29, 17:06:16.282, 3469968592880, vstest.console.dll, AssemblyResolver.OnResolve: Resolved assembly: Microsoft.VisualStudio.TestPlatform.Extensions.Html.TestLogger, from path: C:\Program Files\dotnet\sdk\8.0.204\Extensions\Microsoft.VisualStudio.TestPlatform.Extensions.Html.TestLogger.dll
TpTrace Verbose: 0 : 24388, 1, 2024/04/29, 17:06:16.282, 3469968595085, vstest.console.dll, MetadataReaderExtensionsHelper: Discovering extensions inside assembly 'Microsoft.VisualStudio.TestPlatform.Extensions.Html.TestLogger, Version=15.0.0.0, Culture=neutral, PublicKeyToken=b03f5f7f11d50a3a' file path 'C:\Program Files\dotnet\sdk\8.0.204\Extensions\Microsoft.VisualStudio.TestPlatform.Extensions.Html.TestLogger.dll'
TpTrace Information: 0 : 24388, 1, 2024/04/29, 17:06:16.284, 3469968614585, vstest.console.dll, AssemblyResolver.OnResolve: Microsoft.VisualStudio.TestPlatform.Extensions.Trx.TestLogger: Resolving assembly.
TpTrace Information: 0 : 24388, 1, 2024/04/29, 17:06:16.284, 3469968616135, vstest.console.dll, AssemblyResolver.OnResolve: Microsoft.VisualStudio.TestPlatform.Extensions.Trx.TestLogger: Searching in: 'C:\Program Files\dotnet\sdk\8.0.204\Extensions'.
TpTrace Information: 0 : 24388, 1, 2024/04/29, 17:06:16.285, 3469968629646, vstest.console.dll, AssemblyResolver.OnResolve: Microsoft.VisualStudio.TestPlatform.Extensions.Trx.TestLogger: Loading assembly 'C:\Program Files\dotnet\sdk\8.0.204\Extensions\Microsoft.VisualStudio.TestPlatform.Extensions.Trx.TestLogger.dll'.
TpTrace Information: 0 : 24388, 1, 2024/04/29, 17:06:16.288, 3469968654704, vstest.console.dll, AssemblyResolver.OnResolve: Resolved assembly: Microsoft.VisualStudio.TestPlatform.Extensions.Trx.TestLogger, from path: C:\Program Files\dotnet\sdk\8.0.204\Extensions\Microsoft.VisualStudio.TestPlatform.Extensions.Trx.TestLogger.dll
TpTrace Verbose: 0 : 24388, 1, 2024/04/29, 17:06:16.288, 3469968656444, vstest.console.dll, MetadataReaderExtensionsHelper: Discovering extensions inside assembly 'Microsoft.VisualStudio.TestPlatform.Extensions.Trx.TestLogger, Version=15.0.0.0, Culture=neutral, PublicKeyToken=b03f5f7f11d50a3a' file path 'C:\Program Files\dotnet\sdk\8.0.204\Extensions\Microsoft.VisualStudio.TestPlatform.Extensions.Trx.TestLogger.dll'
TpTrace Verbose: 0 : 24388, 1, 2024/04/29, 17:06:16.291, 3469968685567, vstest.console.dll, TestPluginCache: Discovered the extensions using extension path ''.
TpTrace Verbose: 0 : 24388, 1, 2024/04/29, 17:06:16.291, 3469968687073, vstest.console.dll, TestPluginCache: Discoverers are ''.
TpTrace Verbose: 0 : 24388, 1, 2024/04/29, 17:06:16.291, 3469968687476, vstest.console.dll, TestPluginCache: Executors are ''.
TpTrace Verbose: 0 : 24388, 1, 2024/04/29, 17:06:16.291, 3469968687798, vstest.console.dll, TestPluginCache: Executors2 are ''.
TpTrace Verbose: 0 : 24388, 1, 2024/04/29, 17:06:16.291, 3469968688116, vstest.console.dll, TestPluginCache: Setting providers are ''.
TpTrace Verbose: 0 : 24388, 1, 2024/04/29, 17:06:16.291, 3469968688661, vstest.console.dll, TestPluginCache: Loggers are ''.
TpTrace Verbose: 0 : 24388, 1, 2024/04/29, 17:06:16.292, 3469968691178, vstest.console.dll, TestPluginCache: TestHosts are 'HostProvider://DefaultTestHost,HostProvider://DotnetTestHost'.
TpTrace Verbose: 0 : 24388, 1, 2024/04/29, 17:06:16.292, 3469968691734, vstest.console.dll, TestPluginCache: DataCollectors are ''.
TpTrace Information: 0 : 24388, 1, 2024/04/29, 17:06:16.323, 3469969004864, vstest.console.dll, RunTestsArgumentProcessor:Execute: Test run is starting.
TpTrace Verbose: 0 : 24388, 1, 2024/04/29, 17:06:16.323, 3469969006094, vstest.console.dll, RunTestsArgumentProcessor:Execute: Queuing Test run.
TpTrace Information: 0 : 24388, 1, 2024/04/29, 17:06:16.323, 3469969008947, vstest.console.dll, TestRequestManager.RunTests: run tests started.
TpTrace Information: 0 : 24388, 1, 2024/04/29, 17:06:16.325, 3469969024897, vstest.console.dll, AssemblyMetadataProvider.GetFrameworkName: Determined framework:'.NETCoreApp,Version=v7.0' for source: 'C:\Users\ValMe\Documents\GitHub\DP_BUJ0034\UnitTests\bin\Debug\net7.0\fine-code-coverage\build-output\UnitTests.dll'
TpTrace Information: 0 : 24388, 1, 2024/04/29, 17:06:16.325, 3469969027326, vstest.console.dll, Determined framework for all sources: .NETCoreApp,Version=v7.0
TpTrace Verbose: 0 : 24388, 1, 2024/04/29, 17:06:16.326, 3469969031574, vstest.console.dll, TestRequestManager.UpdateRunSettingsIfRequired: Default architecture: X64 IsDefaultTargetArchitecture: True, Current process architecture: X64 OperatingSystem: Windows.
TpTrace Information: 0 : 24388, 1, 2024/04/29, 17:06:16.328, 3469969053138, vstest.console.dll, AssemblyMetadataProvider.GetArchitecture: Determined architecture:AnyCPU info for assembly: C:\Users\ValMe\Documents\GitHub\DP_BUJ0034\UnitTests\bin\Debug\net7.0\fine-code-coverage\build-output\UnitTests.dll
TpTrace Information: 0 : 24388, 1, 2024/04/29, 17:06:16.328, 3469969054221, vstest.console.dll, Determined platform for source 'C:\Users\ValMe\Documents\GitHub\DP_BUJ0034\UnitTests\bin\Debug\net7.0\fine-code-coverage\build-output\UnitTests.dll' was AnyCPU and it will use the default plaform X64.
TpTrace Information: 0 : 24388, 1, 2024/04/29, 17:06:16.328, 3469969054535, vstest.console.dll, None of the sources provided any runnable platform, using the default platform: X64
TpTrace Information: 0 : 24388, 1, 2024/04/29, 17:06:16.328, 3469969056197, vstest.console.dll, Platform was updated to 'X64'.
TpTrace Information: 0 : 24388, 1, 2024/04/29, 17:06:16.334, 3469969117316, vstest.console.dll, InferRunSettingsHelper.IsTestSettingsEnabled: Unable to navigate to RunSettings/MSTest. Current node: RunSettings
TpTrace Information: 0 : 24388, 1, 2024/04/29, 17:06:16.336, 3469969130803, vstest.console.dll, AssemblyResolver.OnResolve: Microsoft.VisualStudio.TestPlatform.Fakes: Resolving assembly.
TpTrace Information: 0 : 24388, 1, 2024/04/29, 17:06:16.336, 3469969132246, vstest.console.dll, AssemblyResolver.OnResolve: Microsoft.VisualStudio.TestPlatform.Fakes: Searching in: 'C:\Program Files\dotnet\sdk\8.0.204\Extensions'.
TpTrace Information: 0 : 24388, 1, 2024/04/29, 17:06:16.336, 3469969133737, vstest.console.dll, AssemblyResolver.OnResolve: Microsoft.VisualStudio.TestPlatform.Fakes: Assembly path does not exist: 'C:\Program Files\dotnet\sdk\8.0.204\Extensions\Microsoft.VisualStudio.TestPlatform.Fakes.dll', returning.
TpTrace Information: 0 : 24388, 1, 2024/04/29, 17:06:16.336, 3469969134491, vstest.console.dll, AssemblyResolver.OnResolve: Microsoft.VisualStudio.TestPlatform.Fakes: Assembly path does not exist: 'C:\Program Files\dotnet\sdk\8.0.204\Extensions\Microsoft.VisualStudio.TestPlatform.Fakes.exe', returning.
TpTrace Information: 0 : 24388, 1, 2024/04/29, 17:06:16.336, 3469969134828, vstest.console.dll, AssemblyResolver.OnResolve: Microsoft.VisualStudio.TestPlatform.Fakes: Searching in: 'C:\Program Files\dotnet\sdk\8.0.204'.
TpTrace Information: 0 : 24388, 1, 2024/04/29, 17:06:16.336, 3469969135576, vstest.console.dll, AssemblyResolver.OnResolve: Microsoft.VisualStudio.TestPlatform.Fakes: Assembly path does not exist: 'C:\Program Files\dotnet\sdk\8.0.204\Microsoft.VisualStudio.TestPlatform.Fakes.dll', returning.
TpTrace Information: 0 : 24388, 1, 2024/04/29, 17:06:16.336, 3469969136395, vstest.console.dll, AssemblyResolver.OnResolve: Microsoft.VisualStudio.TestPlatform.Fakes: Assembly path does not exist: 'C:\Program Files\dotnet\sdk\8.0.204\Microsoft.VisualStudio.TestPlatform.Fakes.exe', returning.
TpTrace Information: 0 : 24388, 1, 2024/04/29, 17:06:16.336, 3469969136723, vstest.console.dll, AssemblyResolver.OnResolve: Microsoft.VisualStudio.TestPlatform.Fakes: Failed to load assembly.
TpTrace Information: 0 : 24388, 1, 2024/04/29, 17:06:16.337, 3469969141303, vstest.console.dll, Failed to load assembly Microsoft.VisualStudio.TestPlatform.Fakes, Version=17.0.0.0, Culture=neutral. Reason:System.IO.FileNotFoundException: Could not load file or assembly 'Microsoft.VisualStudio.TestPlatform.Fakes, Version=17.0.0.0, Culture=neutral, PublicKeyToken=null'. Systém nemůže nalézt uvedený soubor.
File name: 'Microsoft.VisualStudio.TestPlatform.Fakes, Version=17.0.0.0, Culture=neutral, PublicKeyToken=null'
   at System.Reflection.RuntimeAssembly.InternalLoad(AssemblyName assemblyName, StackCrawlMark& stackMark, AssemblyLoadContext assemblyLoadContext, RuntimeAssembly requestingAssembly, Boolean throwOnFileNotFound)
   at System.Reflection.Assembly.Load(AssemblyName assemblyRef)
   at Microsoft.VisualStudio.TestPlatform.Common.Utilities.FakesUtilities.LoadTestPlatformAssembly() in /_/src/Microsoft.TestPlatform.Common/Utilities/FakesUtilities.cs:line 272
TpTrace Verbose: 0 : 24388, 1, 2024/04/29, 17:06:16.342, 3469969192267, vstest.console.dll, TestPluginCache.DiscoverTestExtensions: finding test extensions in assemblies ends with: TestLogger.dll TPluginInfo: Microsoft.VisualStudio.TestPlatform.Common.ExtensionFramework.Utilities.TestLoggerPluginInformation TExtension: Microsoft.VisualStudio.TestPlatform.ObjectModel.Client.ITestLogger
TpTrace Verbose: 0 : 24388, 1, 2024/04/29, 17:06:16.342, 3469969193898, vstest.console.dll, TestPluginCache.GetExtensionPaths: Filtered extension paths: 
TpTrace Verbose: 0 : 24388, 1, 2024/04/29, 17:06:16.342, 3469969194356, vstest.console.dll, TestPluginCache.GetExtensionPaths: Added default extension paths: C:\Program Files\dotnet\sdk\8.0.204\Extensions\Microsoft.Diagnostics.NETCore.Client.dll
C:\Program Files\dotnet\sdk\8.0.204\Extensions\Microsoft.TestPlatform.Extensions.BlameDataCollector.dll
C:\Program Files\dotnet\sdk\8.0.204\Extensions\Microsoft.TestPlatform.Extensions.EventLogCollector.dll
C:\Program Files\dotnet\sdk\8.0.204\Extensions\Microsoft.TestPlatform.TestHostRuntimeProvider.dll
C:\Program Files\dotnet\sdk\8.0.204\Extensions\Microsoft.VisualStudio.TestPlatform.Extensions.Html.TestLogger.dll
C:\Program Files\dotnet\sdk\8.0.204\Extensions\Microsoft.VisualStudio.TestPlatform.Extensions.Trx.TestLogger.dll
TpTrace Verbose: 0 : 24388, 1, 2024/04/29, 17:06:16.342, 3469969194649, vstest.console.dll, TestPluginCache.GetExtensionPaths: Added unfilterableExtensionPaths: 
TpTrace Information: 0 : 24388, 1, 2024/04/29, 17:06:16.342, 3469969197190, vstest.console.dll, AssemblyResolver.AddSearchDirectories: Adding more searchDirectories C:\Program Files\dotnet\sdk\8.0.204\Extensions,C:\Program Files\dotnet\sdk\8.0.204
TpTrace Verbose: 0 : 24388, 1, 2024/04/29, 17:06:16.342, 3469969197793, vstest.console.dll, TestPluginCache.DiscoverTestExtensions: Discovering the extensions using extension path.
TpTrace Verbose: 0 : 24388, 1, 2024/04/29, 17:06:16.342, 3469969198161, vstest.console.dll, TestPluginCache.GetExtensionPaths: Filtered extension paths: 
TpTrace Verbose: 0 : 24388, 1, 2024/04/29, 17:06:16.342, 3469969198884, vstest.console.dll, TestPluginCache.GetExtensionPaths: Added default extension paths: C:\Program Files\dotnet\sdk\8.0.204\Extensions\Microsoft.Diagnostics.NETCore.Client.dll
C:\Program Files\dotnet\sdk\8.0.204\Extensions\Microsoft.TestPlatform.Extensions.BlameDataCollector.dll
C:\Program Files\dotnet\sdk\8.0.204\Extensions\Microsoft.TestPlatform.Extensions.EventLogCollector.dll
C:\Program Files\dotnet\sdk\8.0.204\Extensions\Microsoft.TestPlatform.TestHostRuntimeProvider.dll
C:\Program Files\dotnet\sdk\8.0.204\Extensions\Microsoft.VisualStudio.TestPlatform.Extensions.Html.TestLogger.dll
C:\Program Files\dotnet\sdk\8.0.204\Extensions\Microsoft.VisualStudio.TestPlatform.Extensions.Trx.TestLogger.dll
TpTrace Verbose: 0 : 24388, 1, 2024/04/29, 17:06:16.342, 3469969199311, vstest.console.dll, TestPluginCache.GetExtensionPaths: Added unfilterableExtensionPaths: 
TpTrace Verbose: 0 : 24388, 1, 2024/04/29, 17:06:16.342, 3469969199673, vstest.console.dll, TestPluginCache.DiscoverTestExtensions: Discovering the extensions using allExtensionPaths: C:\Program Files\dotnet\sdk\8.0.204\Extensions\Microsoft.Diagnostics.NETCore.Client.dll
C:\Program Files\dotnet\sdk\8.0.204\Extensions\Microsoft.TestPlatform.Extensions.BlameDataCollector.dll
C:\Program Files\dotnet\sdk\8.0.204\Extensions\Microsoft.TestPlatform.Extensions.EventLogCollector.dll
C:\Program Files\dotnet\sdk\8.0.204\Extensions\Microsoft.TestPlatform.TestHostRuntimeProvider.dll
C:\Program Files\dotnet\sdk\8.0.204\Extensions\Microsoft.VisualStudio.TestPlatform.Extensions.Html.TestLogger.dll
C:\Program Files\dotnet\sdk\8.0.204\Extensions\Microsoft.VisualStudio.TestPlatform.Extensions.Trx.TestLogger.dll
TpTrace Information: 0 : 24388, 1, 2024/04/29, 17:06:16.343, 3469969200267, vstest.console.dll, AssemblyResolver.AddSearchDirectories: Adding more searchDirectories C:\Program Files\dotnet\sdk\8.0.204\Extensions,C:\Program Files\dotnet\sdk\8.0.204
TpTrace Information: 0 : 24388, 1, 2024/04/29, 17:06:16.343, 3469969200846, vstest.console.dll, AssemblyResolver.AddSearchDirectories: Adding more searchDirectories C:\Program Files\dotnet\sdk\8.0.204\Extensions,C:\Program Files\dotnet\sdk\8.0.204
TpTrace Information: 0 : 24388, 1, 2024/04/29, 17:06:16.343, 3469969201228, vstest.console.dll, AssemblyResolver.AddSearchDirectories: Adding more searchDirectories C:\Program Files\dotnet\sdk\8.0.204\Extensions,C:\Program Files\dotnet\sdk\8.0.204
TpTrace Information: 0 : 24388, 1, 2024/04/29, 17:06:16.343, 3469969201559, vstest.console.dll, AssemblyResolver.AddSearchDirectories: Adding more searchDirectories C:\Program Files\dotnet\sdk\8.0.204\Extensions,C:\Program Files\dotnet\sdk\8.0.204
TpTrace Information: 0 : 24388, 1, 2024/04/29, 17:06:16.343, 3469969201877, vstest.console.dll, AssemblyResolver.AddSearchDirectories: Adding more searchDirectories C:\Program Files\dotnet\sdk\8.0.204\Extensions,C:\Program Files\dotnet\sdk\8.0.204
TpTrace Information: 0 : 24388, 1, 2024/04/29, 17:06:16.343, 3469969202280, vstest.console.dll, AssemblyResolver.AddSearchDirectories: Adding more searchDirectories C:\Program Files\dotnet\sdk\8.0.204\Extensions,C:\Program Files\dotnet\sdk\8.0.204
TpTrace Verbose: 0 : 24388, 1, 2024/04/29, 17:06:16.343, 3469969203522, vstest.console.dll, MetadataReaderExtensionsHelper: Discovering extensions inside assembly 'Microsoft.Diagnostics.NETCore.Client, Version=0.2.9.2401, Culture=neutral, PublicKeyToken=31bf3856ad364e35' file path 'C:\Program Files\dotnet\sdk\8.0.204\Extensions\Microsoft.Diagnostics.NETCore.Client.dll'
TpTrace Information: 0 : 24388, 1, 2024/04/29, 17:06:16.344, 3469969216662, vstest.console.dll, AssemblyResolver.OnResolve: Microsoft.Bcl.AsyncInterfaces: Resolving assembly.
TpTrace Information: 0 : 24388, 1, 2024/04/29, 17:06:16.344, 3469969217651, vstest.console.dll, AssemblyResolver.OnResolve: Microsoft.Bcl.AsyncInterfaces: Resolved from cache.
TpTrace Verbose: 0 : 24388, 1, 2024/04/29, 17:06:16.344, 3469969217971, vstest.console.dll, CurrentDomainAssemblyResolve: Resolving assembly 'Microsoft.Bcl.AsyncInterfaces'.
TpTrace Information: 0 : 24388, 1, 2024/04/29, 17:06:16.344, 3469969218948, vstest.console.dll, AssemblyResolver.OnResolve: Microsoft.Bcl.AsyncInterfaces: Resolving assembly.
TpTrace Information: 0 : 24388, 1, 2024/04/29, 17:06:16.344, 3469969219581, vstest.console.dll, AssemblyResolver.OnResolve: Microsoft.Bcl.AsyncInterfaces: Resolved from cache.
TpTrace Verbose: 0 : 24388, 1, 2024/04/29, 17:06:16.344, 3469969220016, vstest.console.dll, CurrentDomainAssemblyResolve: Resolving assembly 'Microsoft.Bcl.AsyncInterfaces'.
TpTrace Verbose: 0 : 24388, 1, 2024/04/29, 17:06:16.345, 3469969220286, vstest.console.dll, CurrentDomainAssemblyResolve: Failed to resolve assembly 'Microsoft.Bcl.AsyncInterfaces'.
TpTrace Verbose: 0 : 24388, 1, 2024/04/29, 17:06:16.345, 3469969221832, vstest.console.dll, CurrentDomainAssemblyResolve: Failed to resolve assembly 'Microsoft.Bcl.AsyncInterfaces'.
TpTrace Warning: 0 : 24388, 1, 2024/04/29, 17:06:16.345, 3469969225685, vstest.console.dll, TestPluginDiscoverer: Failed to get types from assembly 'Microsoft.Diagnostics.NETCore.Client, Version=0.2.9.2401, Culture=neutral, PublicKeyToken=31bf3856ad364e35'. Error: System.Reflection.ReflectionTypeLoadException: Unable to load one or more of the requested types.
Could not load file or assembly 'Microsoft.Bcl.AsyncInterfaces, Version=6.0.0.0, Culture=neutral, PublicKeyToken=cc7b13ffcd2ddd51'. Systém nemůže nalézt uvedený soubor.
   at System.Reflection.RuntimeModule.GetTypes(RuntimeModule module)
   at System.Reflection.RuntimeModule.GetTypes()
   at Microsoft.VisualStudio.TestPlatform.Common.ExtensionFramework.TestPluginDiscoverer.GetTestExtensionsFromAssembly[TPluginInfo,TExtension](Assembly assembly, Dictionary`2 pluginInfos, String filePath) in /_/src/Microsoft.TestPlatform.Common/ExtensionFramework/TestPluginDiscoverer.cs:line 158
System.IO.FileNotFoundException: Could not load file or assembly 'Microsoft.Bcl.AsyncInterfaces, Version=6.0.0.0, Culture=neutral, PublicKeyToken=cc7b13ffcd2ddd51'. Systém nemůže nalézt uvedený soubor.
File name: 'Microsoft.Bcl.AsyncInterfaces, Version=6.0.0.0, Culture=neutral, PublicKeyToken=cc7b13ffcd2ddd51'
 ---> System.IO.FileNotFoundException: Could not load file or assembly 'Microsoft.Bcl.AsyncInterfaces, Culture=neutral, PublicKeyToken=null'. Systém nemůže nalézt uvedený soubor.
File name: 'Microsoft.Bcl.AsyncInterfaces, Culture=neutral, PublicKeyToken=null'
   at System.Reflection.RuntimeAssembly.InternalLoad(AssemblyName assemblyName, StackCrawlMark& stackMark, AssemblyLoadContext assemblyLoadContext, RuntimeAssembly requestingAssembly, Boolean throwOnFileNotFound)
   at System.Reflection.Assembly.Load(AssemblyName assemblyRef)
   at Microsoft.VisualStudio.TestPlatform.Common.ExtensionFramework.TestPluginCache.CurrentDomainAssemblyResolve(Object sender, AssemblyResolveEventArgs args) in /_/src/Microsoft.TestPlatform.Common/ExtensionFramework/TestPluginCache.cs:line 513
   at System.Runtime.Loader.AssemblyLoadContext.GetFirstResolvedAssemblyFromResolvingEvent(AssemblyName assemblyName)
   at System.Runtime.Loader.AssemblyLoadContext.ResolveUsingEvent(AssemblyName assemblyName)
   at System.Runtime.Loader.AssemblyLoadContext.ResolveUsingResolvingEvent(IntPtr gchManagedAssemblyLoadContext, AssemblyName assemblyName)
TpTrace Warning: 0 : 24388, 1, 2024/04/29, 17:06:16.345, 3469969227471, vstest.console.dll, LoaderExceptions: System.IO.FileNotFoundException: Could not load file or assembly 'Microsoft.Bcl.AsyncInterfaces, Version=6.0.0.0, Culture=neutral, PublicKeyToken=cc7b13ffcd2ddd51'. Systém nemůže nalézt uvedený soubor.
File name: 'Microsoft.Bcl.AsyncInterfaces, Version=6.0.0.0, Culture=neutral, PublicKeyToken=cc7b13ffcd2ddd51'
 ---> System.IO.FileNotFoundException: Could not load file or assembly 'Microsoft.Bcl.AsyncInterfaces, Culture=neutral, PublicKeyToken=null'. Systém nemůže nalézt uvedený soubor.
File name: 'Microsoft.Bcl.AsyncInterfaces, Culture=neutral, PublicKeyToken=null'
   at System.Reflection.RuntimeAssembly.InternalLoad(AssemblyName assemblyName, StackCrawlMark& stackMark, AssemblyLoadContext assemblyLoadContext, RuntimeAssembly requestingAssembly, Boolean throwOnFileNotFound)
   at System.Reflection.Assembly.Load(AssemblyName assemblyRef)
   at Microsoft.VisualStudio.TestPlatform.Common.ExtensionFramework.TestPluginCache.CurrentDomainAssemblyResolve(Object sender, AssemblyResolveEventArgs args) in /_/src/Microsoft.TestPlatform.Common/ExtensionFramework/TestPluginCache.cs:line 513
   at System.Runtime.Loader.AssemblyLoadContext.GetFirstResolvedAssemblyFromResolvingEvent(AssemblyName assemblyName)
   at System.Runtime.Loader.AssemblyLoadContext.ResolveUsingEvent(AssemblyName assemblyName)
   at System.Runtime.Loader.AssemblyLoadContext.ResolveUsingResolvingEvent(IntPtr gchManagedAssemblyLoadContext, AssemblyName assemblyName)
TpTrace Verbose: 0 : 24388, 1, 2024/04/29, 17:06:16.345, 3469969229403, vstest.console.dll, MetadataReaderExtensionsHelper: Discovering extensions inside assembly 'Microsoft.TestPlatform.Extensions.BlameDataCollector, Version=15.0.0.0, Culture=neutral, PublicKeyToken=b03f5f7f11d50a3a' file path 'C:\Program Files\dotnet\sdk\8.0.204\Extensions\Microsoft.TestPlatform.Extensions.BlameDataCollector.dll'
TpTrace Information: 0 : 24388, 1, 2024/04/29, 17:06:16.346, 3469969239031, vstest.console.dll, GetTestExtensionFromType: Register extension with identifier data 'logger://Microsoft/TestPlatform/Extensions/Blame/v1' and type 'Microsoft.TestPlatform.Extensions.BlameDataCollector.BlameLogger, Microsoft.TestPlatform.Extensions.BlameDataCollector, Version=15.0.0.0, Culture=neutral, PublicKeyToken=b03f5f7f11d50a3a' inside file 'C:\Program Files\dotnet\sdk\8.0.204\Extensions\Microsoft.TestPlatform.Extensions.BlameDataCollector.dll'
TpTrace Verbose: 0 : 24388, 1, 2024/04/29, 17:06:16.347, 3469969240498, vstest.console.dll, MetadataReaderExtensionsHelper: Discovering extensions inside assembly 'Microsoft.TestPlatform.Extensions.EventLogCollector, Version=15.0.0.0, Culture=neutral, PublicKeyToken=b03f5f7f11d50a3a' file path 'C:\Program Files\dotnet\sdk\8.0.204\Extensions\Microsoft.TestPlatform.Extensions.EventLogCollector.dll'
TpTrace Verbose: 0 : 24388, 1, 2024/04/29, 17:06:16.348, 3469969250857, vstest.console.dll, MetadataReaderExtensionsHelper: Discovering extensions inside assembly 'Microsoft.TestPlatform.TestHostRuntimeProvider, Version=15.0.0.0, Culture=neutral, PublicKeyToken=b03f5f7f11d50a3a' file path 'C:\Program Files\dotnet\sdk\8.0.204\Extensions\Microsoft.TestPlatform.TestHostRuntimeProvider.dll'
TpTrace Verbose: 0 : 24388, 1, 2024/04/29, 17:06:16.349, 3469969261255, vstest.console.dll, MetadataReaderExtensionsHelper: Discovering extensions inside assembly 'Microsoft.VisualStudio.TestPlatform.Extensions.Html.TestLogger, Version=15.0.0.0, Culture=neutral, PublicKeyToken=b03f5f7f11d50a3a' file path 'C:\Program Files\dotnet\sdk\8.0.204\Extensions\Microsoft.VisualStudio.TestPlatform.Extensions.Html.TestLogger.dll'
TpTrace Information: 0 : 24388, 1, 2024/04/29, 17:06:16.350, 3469969275795, vstest.console.dll, GetTestExtensionFromType: Register extension with identifier data 'logger://Microsoft/TestPlatform/HtmlLogger/v1' and type 'Microsoft.VisualStudio.TestPlatform.Extensions.HtmlLogger.HtmlLogger, Microsoft.VisualStudio.TestPlatform.Extensions.Html.TestLogger, Version=15.0.0.0, Culture=neutral, PublicKeyToken=b03f5f7f11d50a3a' inside file 'C:\Program Files\dotnet\sdk\8.0.204\Extensions\Microsoft.VisualStudio.TestPlatform.Extensions.Html.TestLogger.dll'
TpTrace Verbose: 0 : 24388, 1, 2024/04/29, 17:06:16.350, 3469969277364, vstest.console.dll, MetadataReaderExtensionsHelper: Discovering extensions inside assembly 'Microsoft.VisualStudio.TestPlatform.Extensions.Trx.TestLogger, Version=15.0.0.0, Culture=neutral, PublicKeyToken=b03f5f7f11d50a3a' file path 'C:\Program Files\dotnet\sdk\8.0.204\Extensions\Microsoft.VisualStudio.TestPlatform.Extensions.Trx.TestLogger.dll'
TpTrace Information: 0 : 24388, 1, 2024/04/29, 17:06:16.351, 3469969286669, vstest.console.dll, GetTestExtensionFromType: Register extension with identifier data 'logger://Microsoft/TestPlatform/TrxLogger/v1' and type 'Microsoft.VisualStudio.TestPlatform.Extensions.TrxLogger.TrxLogger, Microsoft.VisualStudio.TestPlatform.Extensions.Trx.TestLogger, Version=15.0.0.0, Culture=neutral, PublicKeyToken=b03f5f7f11d50a3a' inside file 'C:\Program Files\dotnet\sdk\8.0.204\Extensions\Microsoft.VisualStudio.TestPlatform.Extensions.Trx.TestLogger.dll'
TpTrace Verbose: 0 : 24388, 1, 2024/04/29, 17:06:16.351, 3469969287864, vstest.console.dll, TestPluginCache: Discovered the extensions using extension path ''.
TpTrace Verbose: 0 : 24388, 1, 2024/04/29, 17:06:16.351, 3469969288192, vstest.console.dll, TestPluginCache: Discoverers are ''.
TpTrace Verbose: 0 : 24388, 1, 2024/04/29, 17:06:16.351, 3469969288577, vstest.console.dll, TestPluginCache: Executors are ''.
TpTrace Verbose: 0 : 24388, 1, 2024/04/29, 17:06:16.351, 3469969288829, vstest.console.dll, TestPluginCache: Executors2 are ''.
TpTrace Verbose: 0 : 24388, 1, 2024/04/29, 17:06:16.351, 3469969289068, vstest.console.dll, TestPluginCache: Setting providers are ''.
TpTrace Verbose: 0 : 24388, 1, 2024/04/29, 17:06:16.352, 3469969292218, vstest.console.dll, TestPluginCache: Loggers are 'logger://Microsoft/TestPlatform/Extensions/Blame/v1,logger://Microsoft/TestPlatform/HtmlLogger/v1,logger://Microsoft/TestPlatform/TrxLogger/v1'.
TpTrace Verbose: 0 : 24388, 1, 2024/04/29, 17:06:16.352, 3469969293702, vstest.console.dll, TestPluginCache: TestHosts are 'HostProvider://DefaultTestHost,HostProvider://DotnetTestHost'.
TpTrace Verbose: 0 : 24388, 1, 2024/04/29, 17:06:16.352, 3469969294060, vstest.console.dll, TestPluginCache: DataCollectors are ''.
TpTrace Information: 0 : 24388, 1, 2024/04/29, 17:06:16.353, 3469969306268, vstest.console.dll, TestPluginManager.CreateTestExtension: Attempting to load test extension: Microsoft.TestPlatform.Extensions.BlameDataCollector.BlameLogger
TpTrace Verbose: 0 : 24388, 1, 2024/04/29, 17:06:16.368, 3469969453892, vstest.console.dll, TestEngine: Initializing Parallel Execution as MaxCpuCount is set to: 1
TpTrace Information: 0 : 24388, 1, 2024/04/29, 17:06:16.370, 3469969474758, vstest.console.dll, TestPluginManager.CreateTestExtension: Attempting to load test extension: Microsoft.VisualStudio.TestPlatform.CrossPlatEngine.Hosting.DefaultTestHostManager
TpTrace Information: 0 : 24388, 1, 2024/04/29, 17:06:16.371, 3469969489914, vstest.console.dll, TestPluginManager.CreateTestExtension: Attempting to load test extension: Microsoft.VisualStudio.TestPlatform.CrossPlatEngine.Hosting.DotnetTestHostManager
TpTrace Information: 0 : 24388, 1, 2024/04/29, 17:06:16.372, 3469969497126, vstest.console.dll, InferRunSettingsHelper.IsTestSettingsEnabled: Unable to navigate to RunSettings/MSTest. Current node: RunSettings
TpTrace Verbose: 0 : 24388, 1, 2024/04/29, 17:06:16.373, 3469969505347, vstest.console.dll, ParallelOperationManager.ClearSlots: Clearing all slots. Slots should accept more work: True
TpTrace Verbose: 0 : 24388, 1, 2024/04/29, 17:06:16.374, 3469969512817, vstest.console.dll, ParallelOperationManager.SetOccupiedSlotCount: Setting slot counts AvailableSlotCount = 1, OccupiedSlotCount = 0.
TpTrace Verbose: 0 : 24388, 1, 2024/04/29, 17:06:16.374, 3469969516172, vstest.console.dll, Occupied slots:

TpTrace Verbose: 0 : 24388, 1, 2024/04/29, 17:06:16.378, 3469969552085, vstest.console.dll, TestEngine.GetExecutionManager: Chosen execution manager 'Microsoft.VisualStudio.TestPlatform.CrossPlatEngine.Client.Parallel.ParallelProxyExecutionManager, Microsoft.TestPlatform.CrossPlatEngine, Version=15.0.0.0, Culture=neutral, PublicKeyToken=b03f5f7f11d50a3a' ParallelLevel '1'.
TpTrace Verbose: 0 : 24388, 1, 2024/04/29, 17:06:16.378, 3469969554214, vstest.console.dll, TestRunRequest.ExecuteAsync: Creating test run request.
TpTrace Verbose: 0 : 24388, 1, 2024/04/29, 17:06:16.378, 3469969556607, vstest.console.dll, TestRunRequest.ExecuteAsync: Starting.
TpTrace Information: 0 : 24388, 1, 2024/04/29, 17:06:16.382, 3469969594254, vstest.console.dll, TestRunRequest.ExecuteAsync: Starting run with settings:TestRunCriteria:
   KeepAlive=False,FrequencyOfRunStatsChangeEvent=10,RunStatsChangeEventTimeout=00:00:01.5000000,TestCaseFilter=,TestExecutorLauncher=
   Settingsxml=<RunSettings>
  <RunConfiguration>
    <ResultsDirectory>C:\Users\ValMe\Documents\GitHub\DP_BUJ0034\UnitTests\bin\Debug\net7.0\fine-code-coverage\coverage-tool-output</ResultsDirectory>
    <TargetPlatform>X64</TargetPlatform>
    <TargetFrameworkVersion>.NETCoreApp,Version=v7.0</TargetFrameworkVersion>
    <DesignMode>False</DesignMode>
    <CollectSourceInformation>False</CollectSourceInformation>
  </RunConfiguration>
  <LoggerRunSettings>
    <Loggers>
      <Logger friendlyName="blame" enabled="True" />
      <Logger friendlyName="Console" uri="logger://microsoft/TestPlatform/ConsoleLogger/v1" assemblyQualifiedName="Microsoft.VisualStudio.TestPlatform.CommandLine.Internal.ConsoleLogger, vstest.console, Version=15.0.0.0, Culture=neutral, PublicKeyToken=b03f5f7f11d50a3a" codeBase="C:\Program Files\dotnet\sdk\8.0.204\vstest.console.dll" enabled="True" />
    </Loggers>
  </LoggerRunSettings>
  <DataCollectionRunSettings>
    <DataCollectors>
      <DataCollector friendlyName="blame" enabled="True">
        <Configuration>
          <ResultsDirectory>C:\Users\ValMe\Documents\GitHub\DP_BUJ0034\UnitTests\bin\Debug\net7.0\fine-code-coverage\coverage-tool-output</ResultsDirectory>
        </Configuration>
      </DataCollector>
    </DataCollectors>
  </DataCollectionRunSettings>
</RunSettings>

TpTrace Verbose: 0 : 24388, 1, 2024/04/29, 17:06:16.382, 3469969595996, vstest.console.dll, TestRunRequest.ExecuteAsync: Wait for the first run request is over.
TpTrace Verbose: 0 : 24388, 1, 2024/04/29, 17:06:16.382, 3469969600041, vstest.console.dll, MulticastDelegateUtilities.SafeInvoke: TestRun.TestRunStart: Invoking callbacks was skipped because there are no subscribers.
TpTrace Verbose: 0 : 24388, 4, 2024/04/29, 17:06:16.383, 3469969602750, vstest.console.dll, MulticastDelegateUtilities.SafeInvoke: InternalTestLoggerEvents.SendTestRunStart: Invoking callback 1/1 for Microsoft.VisualStudio.TestPlatform.CommandLine.Internal.ConsoleLogger., took 0 ms.
TpTrace Verbose: 0 : 24388, 1, 2024/04/29, 17:06:16.384, 3469969612649, vstest.console.dll, ParallelProxyExecutionManager: Start execution. Total sources: 1
TpTrace Verbose: 0 : 24388, 1, 2024/04/29, 17:06:16.384, 3469969616912, vstest.console.dll, ParallelOperationManager.StartWork: Starting adding 1 workloads.
TpTrace Verbose: 0 : 24388, 1, 2024/04/29, 17:06:16.384, 3469969617648, vstest.console.dll, ParallelOperationManager.ClearSlots: Clearing all slots. Slots should accept more work: True
TpTrace Verbose: 0 : 24388, 1, 2024/04/29, 17:06:16.384, 3469969618848, vstest.console.dll, ParallelOperationManager.SetOccupiedSlotCount: Setting slot counts AvailableSlotCount = 1, OccupiedSlotCount = 0.
TpTrace Verbose: 0 : 24388, 1, 2024/04/29, 17:06:16.384, 3469969619394, vstest.console.dll, Occupied slots:

TpTrace Verbose: 0 : 24388, 1, 2024/04/29, 17:06:16.386, 3469969634510, vstest.console.dll, TestRequestSender is acting as server.
TpTrace Verbose: 0 : 24388, 1, 2024/04/29, 17:06:16.388, 3469969650903, vstest.console.dll, ParallelOperationManager.RunWorkInParallel: Adding 1 workload to slot, remaining workloads 0.
TpTrace Verbose: 0 : 24388, 1, 2024/04/29, 17:06:16.388, 3469969651994, vstest.console.dll, ParallelOperationManager.SetOccupiedSlotCount: Setting slot counts AvailableSlotCount = 0, OccupiedSlotCount = 1.
TpTrace Verbose: 0 : 24388, 1, 2024/04/29, 17:06:16.388, 3469969653338, vstest.console.dll, Occupied slots:
0: C:\Users\ValMe\Documents\GitHub\DP_BUJ0034\UnitTests\bin\Debug\net7.0\fine-code-coverage\build-output\UnitTests.dll
TpTrace Verbose: 0 : 24388, 1, 2024/04/29, 17:06:16.389, 3469969664572, vstest.console.dll, ParallelOperationManager.RunWorkInParallel: Started host in slot number 0 for work (source): C:\Users\ValMe\Documents\GitHub\DP_BUJ0034\UnitTests\bin\Debug\net7.0\fine-code-coverage\build-output\UnitTests.dll.
TpTrace Verbose: 0 : 24388, 1, 2024/04/29, 17:06:16.390, 3469969675152, vstest.console.dll, ParallelOperationManager.RunWorkInParallel: We started 1 work items, which is the max parallel level. Won't start more work.
TpTrace Verbose: 0 : 24388, 1, 2024/04/29, 17:06:16.390, 3469969676609, vstest.console.dll, ParallelOperationManager.RunWorkInParallel: We started 1 work items in here, returning True.
TpTrace Information: 0 : 24388, 1, 2024/04/29, 17:06:16.390, 3469969677304, vstest.console.dll, TestRunRequest.ExecuteAsync: Started.
TpTrace Verbose: 0 : 24388, 5, 2024/04/29, 17:06:16.390, 3469969678117, vstest.console.dll, ParallelProxyExecutionManager.StartTestRunOnConcurrentManager: Initializing uninitialized client. Started clients: 0
TpTrace Verbose: 0 : 24388, 5, 2024/04/29, 17:06:16.391, 3469969680483, vstest.console.dll, DataCollectionRequestSender.InitializeCommunication : Initialize communication. 
TpTrace Verbose: 0 : 24388, 1, 2024/04/29, 17:06:16.391, 3469969683896, vstest.console.dll, TestRunRequest.WaitForCompletion: Waiting with timeout -1.
TpTrace Information: 0 : 24388, 5, 2024/04/29, 17:06:16.402, 3469969794672, vstest.console.dll, Listening on Endpoint : 127.0.0.1:57596
TpTrace Verbose: 0 : 24388, 5, 2024/04/29, 17:06:16.409, 3469969869086, vstest.console.dll, DotnetDataCollectionLauncher: Adding  --runtimeconfig "C:\Program Files\dotnet\sdk\8.0.204\datacollector.runtimeconfig.json" in args
TpTrace Verbose: 0 : 24388, 5, 2024/04/29, 17:06:16.410, 3469969870691, vstest.console.dll, DotnetDataCollectionLauncher: Adding  --depsfile "C:\Program Files\dotnet\sdk\8.0.204\datacollector.deps.json" in args
TpTrace Verbose: 0 : 24388, 5, 2024/04/29, 17:06:16.410, 3469969872472, vstest.console.dll, DotnetDataCollectionLauncher: Full path of dotnet.exe is C:\Program Files\dotnet\dotnet.exe
TpTrace Information: 0 : 24388, 5, 2024/04/29, 17:06:16.418, 3469969956066, vstest.console.dll, ProxyDataCollectionManager.Initialize: Launched datacollector processId: 20628 port: 57596
TpTrace Information: 0 : 24388, 5, 2024/04/29, 17:06:16.418, 3469969958184, vstest.console.dll, ProxyDataCollectionManager.Initialize: waiting for connection with timeout: 90 seconds
TpTrace Verbose: 0 : 24388, 5, 2024/04/29, 17:06:16.418, 3469969959176, vstest.console.dll, DataCollectionRequestSender.WaitForRequestHandlerConnection : Waiting for connection with timeout: 90000
TpTrace Information: 0 : 24388, 7, 2024/04/29, 17:06:16.616, 3469971935989, vstest.console.dll, Using the buffer size of 16384 bytes
TpTrace Verbose: 0 : 24388, 5, 2024/04/29, 17:06:16.616, 3469971936284, vstest.console.dll, SocketCommunicationManager.WaitForClientConnection took: 197 ms, with 90000 ms timeout, and finished with True.
TpTrace Information: 0 : 24388, 7, 2024/04/29, 17:06:16.616, 3469971937823, vstest.console.dll, Accepted Client request and set the flag
TpTrace Verbose: 0 : 24388, 5, 2024/04/29, 17:06:16.616, 3469971939580, vstest.console.dll, ProxyDataCollectionManager.InvokeDataCollectionServiceAction: Starting.
TpTrace Information: 0 : 24388, 5, 2024/04/29, 17:06:16.617, 3469971940866, vstest.console.dll, ProxyDataCollectionManager.BeforeTestRunStart: Get environment variable and port for datacollector processId: 20628 port: 57596
TpTrace Verbose: 0 : 24388, 5, 2024/04/29, 17:06:16.617, 3469971942748, vstest.console.dll, DataCollectionRequestSender.SendBeforeTestRunStartAndGetResult: Send BeforeTestRunStart message with settingsXml <RunSettings><RunConfiguration><ResultsDirectory>C:\Users\ValMe\Documents\GitHub\DP_BUJ0034\UnitTests\bin\Debug\net7.0\fine-code-coverage\coverage-tool-output</ResultsDirectory><TargetPlatform>X64</TargetPlatform><TargetFrameworkVersion>.NETCoreApp,Version=v7.0</TargetFrameworkVersion><DesignMode>False</DesignMode><CollectSourceInformation>False</CollectSourceInformation><TestAdaptersPaths>C:\Program Files\dotnet\sdk\8.0.204\Extensions</TestAdaptersPaths></RunConfiguration><LoggerRunSettings><Loggers><Logger friendlyName="blame" enabled="True" /><Logger friendlyName="Console" uri="logger://microsoft/TestPlatform/ConsoleLogger/v1" assemblyQualifiedName="Microsoft.VisualStudio.TestPlatform.CommandLine.Internal.ConsoleLogger, vstest.console, Version=15.0.0.0, Culture=neutral, PublicKeyToken=b03f5f7f11d50a3a" codeBase="C:\Program Files\dotnet\sdk\8.0.204\vstest.console.dll" enabled="True" /></Loggers></LoggerRunSettings><DataCollectionRunSettings><DataCollectors><DataCollector friendlyName="blame" enabled="True"><Configuration><ResultsDirectory>C:\Users\ValMe\Documents\GitHub\DP_BUJ0034\UnitTests\bin\Debug\net7.0\fine-code-coverage\coverage-tool-output</ResultsDirectory></Configuration></DataCollector></DataCollectors></DataCollectionRunSettings></RunSettings> and sources System.Collections.Generic.List`1[System.String]: 
TpTrace Verbose: 0 : 24388, 5, 2024/04/29, 17:06:16.715, 3469972926438, vstest.console.dll, DataCollectionRequestSender.SendBeforeTestRunStartAndGetResult: Received message: (DataCollection.SendMessage) -> {"MessageType":"DataCollection.SendMessage","Payload":{"FriendlyName":null,"Uri":null,"TestCaseId":"00000000-0000-0000-0000-000000000000","Message":"Logging DataCollector Diagnostics in file: C:\\Users\\ValMe\\Documents\\GitHub\\DP_BUJ0034\\UnitTests\\bin\\Debug\\net7.0\\fine-code-coverage\\coverage-tool-output\\diagnostics.datacollector.24-04-29_17-06-16_40954_5.log","Level":0}}
TpTrace Verbose: 0 : 24388, 5, 2024/04/29, 17:06:16.838, 3469974152759, vstest.console.dll, DataCollectionRequestSender.SendBeforeTestRunStartAndGetResult: Received message: (DataCollection.BeforeTestRunStartResult) -> {"MessageType":"DataCollection.BeforeTestRunStartResult","Payload":{"EnvironmentVariables":{},"DataCollectionEventsPort":57598}}
TpTrace Information: 0 : 24388, 5, 2024/04/29, 17:06:16.845, 3469974230033, vstest.console.dll, ProxyDataCollectionManager.BeforeTestRunStart: SendBeforeTestRunStartAndGetResult successful, env variable from datacollector:   and testhost port: 57598
TpTrace Information: 0 : 24388, 5, 2024/04/29, 17:06:16.846, 3469974231805, vstest.console.dll, ProxyDataCollectionManager.InvokeDataCollectionServiceAction: Completed.
TpTrace Verbose: 0 : 24388, 5, 2024/04/29, 17:06:16.846, 3469974232331, vstest.console.dll, ParallelProxyExecutionManager.StartTestRunOnConcurrentManager: Initializing test run. Started clients: 0
TpTrace Verbose: 0 : 24388, 5, 2024/04/29, 17:06:16.846, 3469974233456, vstest.console.dll, ProxyExecutionManager: Test host is always Lazy initialize.
TpTrace Verbose: 0 : 24388, 5, 2024/04/29, 17:06:16.846, 3469974236286, vstest.console.dll, TestRequestSender.InitializeCommunication: initialize communication. 
TpTrace Information: 0 : 24388, 5, 2024/04/29, 17:06:16.847, 3469974248666, vstest.console.dll, SocketServer.Start: Listening on endpoint : 127.0.0.1:57599
TpTrace Verbose: 0 : 24388, 5, 2024/04/29, 17:06:16.849, 3469974263391, vstest.console.dll, DotnetTestHostmanager.GetTestHostProcessStartInfo: Platform environment 'X64' target architecture 'X64' framework '.NETCoreApp,Version=v7.0' OS 'Windows'
TpTrace Verbose: 0 : 24388, 5, 2024/04/29, 17:06:16.849, 3469974268022, vstest.console.dll, DotnetTestHostmanager: Adding  --runtimeconfig "C:\Users\ValMe\Documents\GitHub\DP_BUJ0034\UnitTests\bin\Debug\net7.0\fine-code-coverage\build-output\UnitTests.runtimeconfig.json" in args
TpTrace Verbose: 0 : 24388, 5, 2024/04/29, 17:06:16.849, 3469974270025, vstest.console.dll, DotnetTestHostmanager: Adding  --depsfile "C:\Users\ValMe\Documents\GitHub\DP_BUJ0034\UnitTests\bin\Debug\net7.0\fine-code-coverage\build-output\UnitTests.deps.json" in args
TpTrace Verbose: 0 : 24388, 5, 2024/04/29, 17:06:16.850, 3469974272997, vstest.console.dll, DotnetTestHostmanager.IsWinOnArm: Current PROCESSOR_ARCHITECTURE from environment variable 'AMD64'
TpTrace Verbose: 0 : 24388, 5, 2024/04/29, 17:06:16.850, 3469974274032, vstest.console.dll, DotnetTestHostmanager.IsWinOnArm: Is Windows on ARM 'False'
TpTrace Verbose: 0 : 24388, 5, 2024/04/29, 17:06:16.850, 3469974275635, vstest.console.dll, DotnetTestHostManager: testhost.exe found at path: C:\Users\ValMe\Documents\GitHub\DP_BUJ0034\UnitTests\bin\Debug\net7.0\fine-code-coverage\build-output\testhost.exe
TpTrace Verbose: 0 : 24388, 5, 2024/04/29, 17:06:16.850, 3469974276350, vstest.console.dll, DotnetTestHostmanager: Full path of host exe is C:\Users\ValMe\Documents\GitHub\DP_BUJ0034\UnitTests\bin\Debug\net7.0\fine-code-coverage\build-output\testhost.exe
TpTrace Verbose: 0 : 24388, 5, 2024/04/29, 17:06:16.850, 3469974278609, vstest.console.dll, DotnetTestHostmanager.LaunchTestHostAsync: Found 'VSTEST_WINAPPHOST_DOTNET_ROOT' in env variables, value 'C:\Program Files\dotnet', forwarding to 'DOTNET_ROOT'
TpTrace Verbose: 0 : 24388, 5, 2024/04/29, 17:06:16.851, 3469974280764, vstest.console.dll, DotnetTestHostManager: Starting process 'C:\Users\ValMe\Documents\GitHub\DP_BUJ0034\UnitTests\bin\Debug\net7.0\fine-code-coverage\build-output\testhost.exe' with command line ' --runtimeconfig "C:\Users\ValMe\Documents\GitHub\DP_BUJ0034\UnitTests\bin\Debug\net7.0\fine-code-coverage\build-output\UnitTests.runtimeconfig.json" --depsfile "C:\Users\ValMe\Documents\GitHub\DP_BUJ0034\UnitTests\bin\Debug\net7.0\fine-code-coverage\build-output\UnitTests.deps.json" --port 57599 --endpoint 127.0.0.1:057599 --role client --parentprocessid 24388 --diag "C:\Users\ValMe\Documents\GitHub\DP_BUJ0034\UnitTests\bin\Debug\net7.0\fine-code-coverage\coverage-tool-output\diagnostics.host.24-04-29_17-06-16_84849_5.log" --tracelevel 4 --datacollectionport 57598 --telemetryoptedin false'
TpTrace Verbose: 0 : 24388, 5, 2024/04/29, 17:06:16.861, 3469974381177, vstest.console.dll, MulticastDelegateUtilities.SafeInvoke: HostProviderEvents.OnHostLaunched: Invoking callback 1/2 for Microsoft.VisualStudio.TestPlatform.CrossPlatEngine.Client.ProxyExecutionManagerWithDataCollection., took 1 ms.
TpTrace Verbose: 0 : 24388, 5, 2024/04/29, 17:06:16.861, 3469974386937, vstest.console.dll, Test Runtime launched
TpTrace Verbose: 0 : 24388, 5, 2024/04/29, 17:06:16.861, 3469974388208, vstest.console.dll, MulticastDelegateUtilities.SafeInvoke: HostProviderEvents.OnHostLaunched: Invoking callback 2/2 for Microsoft.VisualStudio.TestPlatform.CrossPlatEngine.Client.ProxyOperationManager., took 0 ms.
TpTrace Verbose: 0 : 24388, 5, 2024/04/29, 17:06:16.862, 3469974395494, vstest.console.dll, TestRequestSender.WaitForRequestHandlerConnection: waiting for connection with timeout: 90000.
TpTrace Verbose: 0 : 24388, 7, 2024/04/29, 17:06:17.308, 3469978853394, vstest.console.dll, MulticastDelegateUtilities.SafeInvoke: SocketServer: ClientConnected: Invoking callback 1/1 for Microsoft.VisualStudio.TestPlatform.CommunicationUtilities.TestRequestSender., took 0 ms.
TpTrace Verbose: 0 : 24388, 5, 2024/04/29, 17:06:17.308, 3469978853385, vstest.console.dll, TestRequestSender.WaitForRequestHandlerConnection: waiting took 445 ms, with timeout 90000 ms, and result 0, which is success.
TpTrace Verbose: 0 : 24388, 7, 2024/04/29, 17:06:17.308, 3469978855998, vstest.console.dll, SocketServer.OnClientConnected: Client connected for endPoint: 127.0.0.1:57599, starting MessageLoopAsync:
TpTrace Verbose: 0 : 24388, 13, 2024/04/29, 17:06:17.309, 3469978868026, vstest.console.dll, TcpClientExtensions.MessageLoopAsync: Polling on remoteEndPoint: 127.0.0.1:57600 localEndPoint: 127.0.0.1:57599 after 0 ms
TpTrace Verbose: 0 : 24388, 5, 2024/04/29, 17:06:17.310, 3469978877636, vstest.console.dll, TestRequestSender.CheckVersionWithTestHost: Sending check version message: {"MessageType":"ProtocolVersion","Payload":7}
TpTrace Verbose: 0 : 24388, 13, 2024/04/29, 17:06:17.523, 3469981000733, vstest.console.dll, TcpClientExtensions.MessageLoopAsync: NotifyDataAvailable remoteEndPoint: 127.0.0.1:57600 localEndPoint: 127.0.0.1:57599
TpTrace Verbose: 0 : 24388, 13, 2024/04/29, 17:06:17.523, 3469981004329, vstest.console.dll, TestRequestSender.CheckVersionWithTestHost: onMessageReceived received message: (ProtocolVersion) -> {"MessageType":"ProtocolVersion","Payload":7}
TpTrace Verbose: 0 : 24388, 13, 2024/04/29, 17:06:17.524, 3469981016476, vstest.console.dll, MulticastDelegateUtilities.SafeInvoke: LengthPrefixCommunicationChannel: MessageReceived: Invoking callback 1/1 for Microsoft.VisualStudio.TestPlatform.CommunicationUtilities.TestRequestSender+<>c__DisplayClass29_0., took 1 ms.
TpTrace Verbose: 0 : 24388, 5, 2024/04/29, 17:06:17.524, 3469981018075, vstest.console.dll, TestPluginCache.GetExtensionPaths: Filtered extension paths: 
TpTrace Verbose: 0 : 24388, 13, 2024/04/29, 17:06:17.524, 3469981018222, vstest.console.dll, TcpClientExtensions.MessageLoopAsync: Polling on remoteEndPoint: 127.0.0.1:57600 localEndPoint: 127.0.0.1:57599 after 214 ms
TpTrace Verbose: 0 : 24388, 5, 2024/04/29, 17:06:17.524, 3469981019453, vstest.console.dll, TestPluginCache.GetExtensionPaths: Added default extension paths: C:\Program Files\dotnet\sdk\8.0.204\Extensions\Microsoft.Diagnostics.NETCore.Client.dll
C:\Program Files\dotnet\sdk\8.0.204\Extensions\Microsoft.TestPlatform.Extensions.BlameDataCollector.dll
C:\Program Files\dotnet\sdk\8.0.204\Extensions\Microsoft.TestPlatform.Extensions.EventLogCollector.dll
C:\Program Files\dotnet\sdk\8.0.204\Extensions\Microsoft.TestPlatform.TestHostRuntimeProvider.dll
C:\Program Files\dotnet\sdk\8.0.204\Extensions\Microsoft.VisualStudio.TestPlatform.Extensions.Html.TestLogger.dll
C:\Program Files\dotnet\sdk\8.0.204\Extensions\Microsoft.VisualStudio.TestPlatform.Extensions.Trx.TestLogger.dll
TpTrace Verbose: 0 : 24388, 5, 2024/04/29, 17:06:17.525, 3469981021696, vstest.console.dll, TestPluginCache.GetExtensionPaths: Added unfilterableExtensionPaths: 
TpTrace Verbose: 0 : 24388, 5, 2024/04/29, 17:06:17.530, 3469981079206, vstest.console.dll, TestRequestSender.InitializeExecution: Sending initialize execution with message: {"Version":7,"MessageType":"TestExecution.Initialize","Payload":["C:\\Users\\ValMe\\Documents\\GitHub\\DP_BUJ0034\\UnitTests\\bin\\Debug\\net7.0\\fine-code-coverage\\build-output\\xunit.runner.visualstudio.dotnetcore.testadapter.dll"]}
TpTrace Verbose: 0 : 24388, 5, 2024/04/29, 17:06:17.531, 3469981083224, vstest.console.dll, ParallelProxyExecutionManager.StartTestRunOnConcurrentManager: Execution starting. Started clients: 1
TpTrace Verbose: 0 : 24388, 5, 2024/04/29, 17:06:17.531, 3469981088354, vstest.console.dll, TestRunRequest:SendTestRunMessage: Starting.
TpTrace Verbose: 0 : 24388, 5, 2024/04/29, 17:06:17.532, 3469981091699, vstest.console.dll, MulticastDelegateUtilities.SafeInvoke: TestRun.LogMessages: Invoking callback 1/1 for Microsoft.VisualStudio.TestPlatform.CommandLine.TestRunResultAggregator., took 0 ms.
TpTrace Information: 0 : 24388, 5, 2024/04/29, 17:06:17.532, 3469981092615, vstest.console.dll, TestRunRequest:SendTestRunMessage: Completed.
TpTrace Verbose: 0 : 24388, 4, 2024/04/29, 17:06:17.532, 3469981095880, vstest.console.dll, MulticastDelegateUtilities.SafeInvoke: InternalTestLoggerEvents.SendTestRunMessage: Invoking callback 1/1 for Microsoft.VisualStudio.TestPlatform.CommandLine.Internal.ConsoleLogger., took 0 ms.
TpTrace Warning: 0 : 24388, 5, 2024/04/29, 17:06:17.532, 3469981099060, vstest.console.dll, InferRunSettingsHelper.MakeRunsettingsCompatible: Removing the following settings: TargetPlatform from RunSettings file. To use those settings please move to latest version of Microsoft.NET.Test.Sdk
TpTrace Verbose: 0 : 24388, 13, 2024/04/29, 17:06:17.539, 3469981167913, vstest.console.dll, TcpClientExtensions.MessageLoopAsync: NotifyDataAvailable remoteEndPoint: 127.0.0.1:57600 localEndPoint: 127.0.0.1:57599
TpTrace Verbose: 0 : 24388, 13, 2024/04/29, 17:06:17.540, 3469981175582, vstest.console.dll, TestRequestSender.OnExecutionMessageReceived: Received message: {"Version":7,"MessageType":"TestSession.Message","Payload":{"MessageLevel":0,"Message":"Protokolování diagnostiky TestHost v souboru: C:\\Users\\ValMe\\Documents\\GitHub\\DP_BUJ0034\\UnitTests\\bin\\Debug\\net7.0\\fine-code-coverage\\coverage-tool-output\\diagnostics.host.24-04-29_17-06-16_84849_5.log"}}
TpTrace Verbose: 0 : 24388, 5, 2024/04/29, 17:06:17.550, 3469981276804, vstest.console.dll, TestRequestSender.StartTestRun: Sending test run with message: {"Version":7,"MessageType":"TestExecution.StartWithSources","Payload":{"AdapterSourceMap":{"_none_":["C:\\Users\\ValMe\\Documents\\GitHub\\DP_BUJ0034\\UnitTests\\bin\\Debug\\net7.0\\fine-code-coverage\\build-output\\UnitTests.dll"]},"RunSettings":"<RunSettings>\r\n  <RunConfiguration>\r\n    <ResultsDirectory>C:\\Users\\ValMe\\Documents\\GitHub\\DP_BUJ0034\\UnitTests\\bin\\Debug\\net7.0\\fine-code-coverage\\coverage-tool-output</ResultsDirectory>\r\n    <TargetFrameworkVersion>.NETCoreApp,Version=v7.0</TargetFrameworkVersion>\r\n    <DesignMode>False</DesignMode>\r\n    <CollectSourceInformation>False</CollectSourceInformation>\r\n  </RunConfiguration>\r\n  <LoggerRunSettings>\r\n    <Loggers>\r\n      <Logger friendlyName=\"blame\" enabled=\"True\" />\r\n      <Logger friendlyName=\"Console\" uri=\"logger://microsoft/TestPlatform/ConsoleLogger/v1\" assemblyQualifiedName=\"Microsoft.VisualStudio.TestPlatform.CommandLine.Internal.ConsoleLogger, vstest.console, Version=15.0.0.0, Culture=neutral, PublicKeyToken=b03f5f7f11d50a3a\" codeBase=\"C:\\Program Files\\dotnet\\sdk\\8.0.204\\vstest.console.dll\" enabled=\"True\" />\r\n    </Loggers>\r\n  </LoggerRunSettings>\r\n  <DataCollectionRunSettings>\r\n    <DataCollectors>\r\n      <DataCollector friendlyName=\"blame\" enabled=\"True\">\r\n        <Configuration>\r\n          <ResultsDirectory>C:\\Users\\ValMe\\Documents\\GitHub\\DP_BUJ0034\\UnitTests\\bin\\Debug\\net7.0\\fine-code-coverage\\coverage-tool-output</ResultsDirectory>\r\n        </Configuration>\r\n      </DataCollector>\r\n    </DataCollectors>\r\n  </DataCollectionRunSettings>\r\n</RunSettings>","TestExecutionContext":{"FrequencyOfRunStatsChangeEvent":10,"RunStatsChangeEventTimeout":"00:00:01.5000000","InIsolation":false,"KeepAlive":false,"AreTestCaseLevelEventsRequired":false,"IsDebug":false,"TestCaseFilter":null,"FilterOptions":null},"Package":null}}
TpTrace Verbose: 0 : 24388, 5, 2024/04/29, 17:06:17.551, 3469981281844, vstest.console.dll, ParallelProxyExecutionManager.StartTestRunOnConcurrentManager: Execution started. Started clients: 1
TpTrace Verbose: 0 : 24388, 13, 2024/04/29, 17:06:17.551, 3469981288233, vstest.console.dll, TestRunRequest:SendTestRunMessage: Starting.
TpTrace Verbose: 0 : 24388, 13, 2024/04/29, 17:06:17.552, 3469981290385, vstest.console.dll, MulticastDelegateUtilities.SafeInvoke: TestRun.LogMessages: Invoking callback 1/1 for Microsoft.VisualStudio.TestPlatform.CommandLine.TestRunResultAggregator., took 0 ms.
TpTrace Verbose: 0 : 24388, 4, 2024/04/29, 17:06:17.552, 3469981290390, vstest.console.dll, MulticastDelegateUtilities.SafeInvoke: InternalTestLoggerEvents.SendTestRunMessage: Invoking callback 1/1 for Microsoft.VisualStudio.TestPlatform.CommandLine.Internal.ConsoleLogger., took 0 ms.
TpTrace Information: 0 : 24388, 13, 2024/04/29, 17:06:17.552, 3469981291262, vstest.console.dll, TestRunRequest:SendTestRunMessage: Completed.
TpTrace Verbose: 0 : 24388, 13, 2024/04/29, 17:06:17.552, 3469981292762, vstest.console.dll, MulticastDelegateUtilities.SafeInvoke: LengthPrefixCommunicationChannel: MessageReceived: Invoking callback 1/1 for Microsoft.VisualStudio.TestPlatform.CommunicationUtilities.TestRequestSender+<>c__DisplayClass34_0., took 12 ms.
TpTrace Verbose: 0 : 24388, 13, 2024/04/29, 17:06:17.552, 3469981293320, vstest.console.dll, TcpClientExtensions.MessageLoopAsync: Polling on remoteEndPoint: 127.0.0.1:57600 localEndPoint: 127.0.0.1:57599 after 27 ms
TpTrace Verbose: 0 : 24388, 13, 2024/04/29, 17:06:17.795, 3469983721951, vstest.console.dll, TcpClientExtensions.MessageLoopAsync: NotifyDataAvailable remoteEndPoint: 127.0.0.1:57600 localEndPoint: 127.0.0.1:57599
TpTrace Verbose: 0 : 24388, 13, 2024/04/29, 17:06:17.795, 3469983724456, vstest.console.dll, TestRequestSender.OnExecutionMessageReceived: Received message: {"Version":7,"MessageType":"TestSession.Message","Payload":{"MessageLevel":0,"Message":"[xUnit.net 00:00:00.00] xUnit.net VSTest Adapter v2.4.5+1caef2f33e (64-bit .NET 7.0.18)"}}
TpTrace Verbose: 0 : 24388, 13, 2024/04/29, 17:06:17.795, 3469983727125, vstest.console.dll, TestRunRequest:SendTestRunMessage: Starting.
TpTrace Verbose: 0 : 24388, 13, 2024/04/29, 17:06:17.795, 3469983728189, vstest.console.dll, MulticastDelegateUtilities.SafeInvoke: TestRun.LogMessages: Invoking callback 1/1 for Microsoft.VisualStudio.TestPlatform.CommandLine.TestRunResultAggregator., took 0 ms.
TpTrace Information: 0 : 24388, 13, 2024/04/29, 17:06:17.795, 3469983728808, vstest.console.dll, TestRunRequest:SendTestRunMessage: Completed.
TpTrace Verbose: 0 : 24388, 4, 2024/04/29, 17:06:17.795, 3469983728477, vstest.console.dll, MulticastDelegateUtilities.SafeInvoke: InternalTestLoggerEvents.SendTestRunMessage: Invoking callback 1/1 for Microsoft.VisualStudio.TestPlatform.CommandLine.Internal.ConsoleLogger., took 0 ms.
TpTrace Verbose: 0 : 24388, 13, 2024/04/29, 17:06:17.795, 3469983729289, vstest.console.dll, MulticastDelegateUtilities.SafeInvoke: LengthPrefixCommunicationChannel: MessageReceived: Invoking callback 1/1 for Microsoft.VisualStudio.TestPlatform.CommunicationUtilities.TestRequestSender+<>c__DisplayClass34_0., took 0 ms.
TpTrace Verbose: 0 : 24388, 13, 2024/04/29, 17:06:17.796, 3469983730967, vstest.console.dll, TcpClientExtensions.MessageLoopAsync: Polling on remoteEndPoint: 127.0.0.1:57600 localEndPoint: 127.0.0.1:57599 after 243 ms
TpTrace Verbose: 0 : 24388, 13, 2024/04/29, 17:06:18.614, 3469991917499, vstest.console.dll, TcpClientExtensions.MessageLoopAsync: NotifyDataAvailable remoteEndPoint: 127.0.0.1:57600 localEndPoint: 127.0.0.1:57599
TpTrace Verbose: 0 : 24388, 13, 2024/04/29, 17:06:18.614, 3469991919715, vstest.console.dll, TestRequestSender.OnExecutionMessageReceived: Received message: {"Version":7,"MessageType":"TestSession.Message","Payload":{"MessageLevel":0,"Message":"[xUnit.net 00:00:00.82]   Discovering: UnitTests"}}
TpTrace Verbose: 0 : 24388, 13, 2024/04/29, 17:06:18.615, 3469991921380, vstest.console.dll, TestRunRequest:SendTestRunMessage: Starting.
TpTrace Verbose: 0 : 24388, 13, 2024/04/29, 17:06:18.615, 3469991922324, vstest.console.dll, MulticastDelegateUtilities.SafeInvoke: TestRun.LogMessages: Invoking callback 1/1 for Microsoft.VisualStudio.TestPlatform.CommandLine.TestRunResultAggregator., took 0 ms.
TpTrace Information: 0 : 24388, 13, 2024/04/29, 17:06:18.615, 3469991922786, vstest.console.dll, TestRunRequest:SendTestRunMessage: Completed.
TpTrace Verbose: 0 : 24388, 4, 2024/04/29, 17:06:18.615, 3469991922726, vstest.console.dll, MulticastDelegateUtilities.SafeInvoke: InternalTestLoggerEvents.SendTestRunMessage: Invoking callback 1/1 for Microsoft.VisualStudio.TestPlatform.CommandLine.Internal.ConsoleLogger., took 0 ms.
TpTrace Verbose: 0 : 24388, 13, 2024/04/29, 17:06:18.615, 3469991923233, vstest.console.dll, MulticastDelegateUtilities.SafeInvoke: LengthPrefixCommunicationChannel: MessageReceived: Invoking callback 1/1 for Microsoft.VisualStudio.TestPlatform.CommunicationUtilities.TestRequestSender+<>c__DisplayClass34_0., took 0 ms.
TpTrace Verbose: 0 : 24388, 13, 2024/04/29, 17:06:18.615, 3469991924856, vstest.console.dll, TcpClientExtensions.MessageLoopAsync: Polling on remoteEndPoint: 127.0.0.1:57600 localEndPoint: 127.0.0.1:57599 after 819 ms
TpTrace Verbose: 0 : 24388, 13, 2024/04/29, 17:06:18.663, 3469992402212, vstest.console.dll, TcpClientExtensions.MessageLoopAsync: NotifyDataAvailable remoteEndPoint: 127.0.0.1:57600 localEndPoint: 127.0.0.1:57599
TpTrace Verbose: 0 : 24388, 13, 2024/04/29, 17:06:18.663, 3469992404459, vstest.console.dll, TestRequestSender.OnExecutionMessageReceived: Received message: {"Version":7,"MessageType":"TestSession.Message","Payload":{"MessageLevel":0,"Message":"[xUnit.net 00:00:00.87]   Discovered:  UnitTests"}}
TpTrace Verbose: 0 : 24388, 13, 2024/04/29, 17:06:18.663, 3469992406232, vstest.console.dll, TestRunRequest:SendTestRunMessage: Starting.
TpTrace Verbose: 0 : 24388, 13, 2024/04/29, 17:06:18.663, 3469992407365, vstest.console.dll, MulticastDelegateUtilities.SafeInvoke: TestRun.LogMessages: Invoking callback 1/1 for Microsoft.VisualStudio.TestPlatform.CommandLine.TestRunResultAggregator., took 0 ms.
TpTrace Verbose: 0 : 24388, 4, 2024/04/29, 17:06:18.663, 3469992407766, vstest.console.dll, MulticastDelegateUtilities.SafeInvoke: InternalTestLoggerEvents.SendTestRunMessage: Invoking callback 1/1 for Microsoft.VisualStudio.TestPlatform.CommandLine.Internal.ConsoleLogger., took 0 ms.
TpTrace Information: 0 : 24388, 13, 2024/04/29, 17:06:18.663, 3469992407965, vstest.console.dll, TestRunRequest:SendTestRunMessage: Completed.
TpTrace Verbose: 0 : 24388, 13, 2024/04/29, 17:06:18.663, 3469992409928, vstest.console.dll, MulticastDelegateUtilities.SafeInvoke: LengthPrefixCommunicationChannel: MessageReceived: Invoking callback 1/1 for Microsoft.VisualStudio.TestPlatform.CommunicationUtilities.TestRequestSender+<>c__DisplayClass34_0., took 0 ms.
TpTrace Verbose: 0 : 24388, 13, 2024/04/29, 17:06:18.664, 3469992410517, vstest.console.dll, TcpClientExtensions.MessageLoopAsync: Polling on remoteEndPoint: 127.0.0.1:57600 localEndPoint: 127.0.0.1:57599 after 48 ms
TpTrace Verbose: 0 : 24388, 13, 2024/04/29, 17:06:18.667, 3469992445255, vstest.console.dll, TcpClientExtensions.MessageLoopAsync: NotifyDataAvailable remoteEndPoint: 127.0.0.1:57600 localEndPoint: 127.0.0.1:57599
TpTrace Verbose: 0 : 24388, 13, 2024/04/29, 17:06:18.667, 3469992447199, vstest.console.dll, TestRequestSender.OnExecutionMessageReceived: Received message: {"Version":7,"MessageType":"TestSession.Message","Payload":{"MessageLevel":0,"Message":"[xUnit.net 00:00:00.87]   Starting:    UnitTests"}}
TpTrace Verbose: 0 : 24388, 13, 2024/04/29, 17:06:18.668, 3469992451292, vstest.console.dll, TestRunRequest:SendTestRunMessage: Starting.
TpTrace Verbose: 0 : 24388, 13, 2024/04/29, 17:06:18.668, 3469992452735, vstest.console.dll, MulticastDelegateUtilities.SafeInvoke: TestRun.LogMessages: Invoking callback 1/1 for Microsoft.VisualStudio.TestPlatform.CommandLine.TestRunResultAggregator., took 0 ms.
TpTrace Verbose: 0 : 24388, 4, 2024/04/29, 17:06:18.668, 3469992453091, vstest.console.dll, MulticastDelegateUtilities.SafeInvoke: InternalTestLoggerEvents.SendTestRunMessage: Invoking callback 1/1 for Microsoft.VisualStudio.TestPlatform.CommandLine.Internal.ConsoleLogger., took 0 ms.
TpTrace Information: 0 : 24388, 13, 2024/04/29, 17:06:18.668, 3469992453518, vstest.console.dll, TestRunRequest:SendTestRunMessage: Completed.
TpTrace Verbose: 0 : 24388, 13, 2024/04/29, 17:06:18.668, 3469992455414, vstest.console.dll, MulticastDelegateUtilities.SafeInvoke: LengthPrefixCommunicationChannel: MessageReceived: Invoking callback 1/1 for Microsoft.VisualStudio.TestPlatform.CommunicationUtilities.TestRequestSender+<>c__DisplayClass34_0., took 0 ms.
TpTrace Verbose: 0 : 24388, 13, 2024/04/29, 17:06:18.668, 3469992456057, vstest.console.dll, TcpClientExtensions.MessageLoopAsync: Polling on remoteEndPoint: 127.0.0.1:57600 localEndPoint: 127.0.0.1:57599 after 4 ms
TpTrace Verbose: 0 : 24388, 13, 2024/04/29, 17:06:18.916, 3469994939655, vstest.console.dll, TcpClientExtensions.MessageLoopAsync: NotifyDataAvailable remoteEndPoint: 127.0.0.1:57600 localEndPoint: 127.0.0.1:57599
TpTrace Verbose: 0 : 24388, 13, 2024/04/29, 17:06:18.917, 3469994943400, vstest.console.dll, TestRequestSender.OnExecutionMessageReceived: Received message: {"Version":7,"MessageType":"TestExecution.StatsChange","Payload":{"NewTestResults":[{"TestCase":{"Id":"226a8724-34b6-cfb7-de04-adfefd5343bd","FullyQualifiedName":"UnitTests.UnitTest1.Test1","DisplayName":"UnitTests.UnitTest1.Test1","ExecutorUri":"executor://xunit/VsTestRunner2/netcoreapp","Source":"C:\\Users\\ValMe\\Documents\\GitHub\\DP_BUJ0034\\UnitTests\\bin\\Debug\\net7.0\\fine-code-coverage\\build-output\\UnitTests.dll","CodeFilePath":null,"LineNumber":0,"Properties":[]},"Attachments":[],"Outcome":1,"ErrorMessage":null,"ErrorStackTrace":null,"DisplayName":"UnitTests.UnitTest1.Test1","Messages":[],"ComputerName":"LAPTOP-6UOKFPRI","Duration":"00:00:00.0070607","StartTime":"2024-04-29T15:06:18.8082973+00:00","EndTime":"2024-04-29T15:06:18.8083813+00:00","Properties":[]},{"TestCase":{"Id":"113f828f-9294-2155-3b45-70140c542bda","FullyQualifiedName":"UnitTests.uiTests.SLUItest.TestNullLevelInfos","DisplayName":"UnitTests.uiTests.SLUItest.TestNullLevelInfos","ExecutorUri":"executor://xunit/VsTestRunner2/netcoreapp","Source":"C:\\Users\\ValMe\\Documents\\GitHub\\DP_BUJ0034\\UnitTests\\bin\\Debug\\net7.0\\fine-code-coverage\\build-output\\UnitTests.dll","CodeFilePath":null,"LineNumber":0,"Properties":[]},"Attachments":[],"Outcome":1,"ErrorMessage":null,"ErrorStackTrace":null,"DisplayName":"UnitTests.uiTests.SLUItest.TestNullLevelInfos","Messages":[],"ComputerName":"LAPTOP-6UOKFPRI","Duration":"00:00:00.0127041","StartTime":"2024-04-29T15:06:18.8501274+00:00","EndTime":"2024-04-29T15:06:18.8501276+00:00","Properties":[]},{"TestCase":{"Id":"2a80faaa-dfb2-d1d1-8b5d-79545b51ea13","FullyQualifiedName":"UnitTests.uiTests.FPUItest.Constructor_SetsProperties","DisplayName":"UnitTests.uiTests.FPUItest.Constructor_SetsProperties","ExecutorUri":"executor://xunit/VsTestRunner2/netcoreapp","Source":"C:\\Users\\ValMe\\Documents\\GitHub\\DP_BUJ0034\\UnitTests\\bin\\Debug\\net7.0\\fine-code-coverage\\build-output\\UnitTests.dll","CodeFilePath":null,"LineNumber":0,"Properties":[]},"Attachments":[],"Outcome":1,"ErrorMessage":null,"ErrorStackTrace":null,"DisplayName":"UnitTests.uiTests.FPUItest.Constructor_SetsProperties","Messages":[],"ComputerName":"LAPTOP-6UOKFPRI","Duration":"00:00:00.0126529","StartTime":"2024-04-29T15:06:18.855307+00:00","EndTime":"2024-04-29T15:06:18.8553072+00:00","Properties":[]},{"TestCase":{"Id":"63ceed0d-c90e-2c91-78ce-01bdbe4ec629","FullyQualifiedName":"UnitTests.levelTests.GameBoardTests.AddUserMove_SaveHistoryDisabled_NoMoveAddedToHistory","DisplayName":"UnitTests.levelTests.GameBoardTests.AddUserMove_SaveHistoryDisabled_NoMoveAddedToHistory","ExecutorUri":"executor://xunit/VsTestRunner2/netcoreapp","Source":"C:\\Users\\ValMe\\Documents\\GitHub\\DP_BUJ0034\\UnitTests\\bin\\Debug\\net7.0\\fine-code-coverage\\build-output\\UnitTests.dll","CodeFilePath":null,"LineNumber":0,"Properties":[]},"Attachments":[],"Outcome":1,"ErrorMessage":null,"ErrorStackTrace":null,"DisplayName":"UnitTests.levelTests.GameBoardTests.AddUserMove_SaveHistoryDisabled_NoMoveAddedToHistory","Messages":[],"ComputerName":"LAPTOP-6UOKFPRI","Duration":"00:00:00.0135292","StartTime":"2024-04-29T15:06:18.8582795+00:00","EndTime":"2024-04-29T15:06:18.8582796+00:00","Properties":[]},{"TestCase":{"Id":"f468d572-f61c-be89-a979-e84f3c6c698e","FullyQualifiedName":"UnitTests.EngineTests.PlayframeTestsEngine.Playframe_Init","DisplayName":"UnitTests.EngineTests.PlayframeTestsEngine.Playframe_Init","ExecutorUri":"executor://xunit/VsTestRunner2/netcoreapp","Source":"C:\\Users\\ValMe\\Documents\\GitHub\\DP_BUJ0034\\UnitTests\\bin\\Debug\\net7.0\\fine-code-coverage\\build-output\\UnitTests.dll","CodeFilePath":null,"LineNumber":0,"Properties":[]},"Attachments":[],"Outcome":1,"ErrorMessage":null,"ErrorStackTrace":null,"DisplayName":"UnitTests.EngineTests.PlayframeTestsEngine.Playframe_Init","Messages":[],"ComputerName":"LAPTOP-6UOKFPRI","Duration":"00:00:00.0136123","StartTime":"2024-04-29T15:06:18.8609991+00:00","EndTime":"2024-04-29T15:06:18.8609992+00:00","Properties":[]}],"TestRunStatistics":{"ExecutedTests":5,"Stats":{"Passed":5}},"ActiveTests":[{"Id":"523e85b9-62be-027f-d3c8-5ebdb26e7a48","FullyQualifiedName":"UnitTests.uiTests.LSUITests.TestNumOfStarsOutOfRange","DisplayName":"UnitTests.uiTests.LSUITests.TestNumOfStarsOutOfRange","ExecutorUri":"executor://xunit/VsTestRunner2/netcoreapp","Source":"C:\\Users\\ValMe\\Documents\\GitHub\\DP_BUJ0034\\UnitTests\\bin\\Debug\\net7.0\\fine-code-coverage\\build-output\\UnitTests.dll","CodeFilePath":null,"LineNumber":0,"Properties":[]},{"Id":"71543bc3-88e8-7d8b-f79f-8c51ac89bc7e","FullyQualifiedName":"UnitTests.levelTests.GenratorTests.GeneratedPathWithinBounds_3","DisplayName":"UnitTests.levelTests.GenratorTests.GeneratedPathWithinBounds_3","ExecutorUri":"executor://xunit/VsTestRunner2/netcoreapp","Source":"C:\\Users\\ValMe\\Documents\\GitHub\\DP_BUJ0034\\UnitTests\\bin\\Debug\\net7.0\\fine-code-coverage\\build-output\\UnitTests.dll","CodeFilePath":null,"LineNumber":0,"Properties":[]},{"Id":"687fd831-cb6f-6a6c-26b7-476ef36c70e2","FullyQualifiedName":"UnitTests.levelTests.PlayFrameLevelTests.GeneratePaths_ValidInput_path_num_player_num_2","DisplayName":"UnitTests.levelTests.PlayFrameLevelTests.GeneratePaths_ValidInput_path_num_player_num_2","ExecutorUri":"executor://xunit/VsTestRunner2/netcoreapp","Source":"C:\\Users\\ValMe\\Documents\\GitHub\\DP_BUJ0034\\UnitTests\\bin\\Debug\\net7.0\\fine-code-coverage\\build-output\\UnitTests.dll","CodeFilePath":null,"LineNumber":0,"Properties":[]},{"Id":"320d7f44-e53e-7a35-b4f9-1a33a3628887","FullyQualifiedName":"UnitTests.EngineTests.PlayframeTestsEngine.Playframe_not_Running_Move","DisplayName":"UnitTests.EngineTests.PlayframeTestsEngine.Playframe_not_Running_Move","ExecutorUri":"executor://xunit/VsTestRunner2/netcoreapp","Source":"C:\\Users\\ValMe\\Documents\\GitHub\\DP_BUJ0034\\UnitTests\\bin\\Debug\\net7.0\\fine-code-coverage\\build-output\\UnitTests.dll","CodeFilePath":null,"LineNumber":0,"Properties":[]},{"Id":"8a0dab1a-3b7b-9c28-2aee-483f6c3b737e","FullyQualifiedName":"UnitTests.uiTests.SLUItest.TestNavigationToLevelSettings","DisplayName":"UnitTests.uiTests.SLUItest.TestNavigationToLevelSettings","ExecutorUri":"executor://xunit/VsTestRunner2/netcoreapp","Source":"C:\\Users\\ValMe\\Documents\\GitHub\\DP_BUJ0034\\UnitTests\\bin\\Debug\\net7.0\\fine-code-coverage\\build-output\\UnitTests.dll","CodeFilePath":null,"LineNumber":0,"Properties":[]}]}}
TpTrace Verbose: 0 : 24388, 13, 2024/04/29, 17:06:18.946, 3469995238969, vstest.console.dll, TestRunRequest:SendTestRunStatsChange: Starting.
TpTrace Verbose: 0 : 24388, 13, 2024/04/29, 17:06:18.947, 3469995240810, vstest.console.dll, InProgress is UnitTests.uiTests.LSUITests.TestNumOfStarsOutOfRange
TpTrace Verbose: 0 : 24388, 13, 2024/04/29, 17:06:18.947, 3469995241198, vstest.console.dll, InProgress is UnitTests.levelTests.GenratorTests.GeneratedPathWithinBounds_3
TpTrace Verbose: 0 : 24388, 13, 2024/04/29, 17:06:18.947, 3469995241527, vstest.console.dll, InProgress is UnitTests.levelTests.PlayFrameLevelTests.GeneratePaths_ValidInput_path_num_player_num_2
TpTrace Verbose: 0 : 24388, 13, 2024/04/29, 17:06:18.947, 3469995242045, vstest.console.dll, InProgress is UnitTests.EngineTests.PlayframeTestsEngine.Playframe_not_Running_Move
TpTrace Verbose: 0 : 24388, 13, 2024/04/29, 17:06:18.947, 3469995242296, vstest.console.dll, InProgress is UnitTests.uiTests.SLUItest.TestNavigationToLevelSettings
TpTrace Verbose: 0 : 24388, 13, 2024/04/29, 17:06:18.947, 3469995245520, vstest.console.dll, MulticastDelegateUtilities.SafeInvoke: TestRun.RunStatsChanged: Invoking callbacks was skipped because there are no subscribers.
TpTrace Information: 0 : 24388, 13, 2024/04/29, 17:06:18.947, 3469995246490, vstest.console.dll, TestRunRequest:SendTestRunStatsChange: Completed.
TpTrace Verbose: 0 : 24388, 13, 2024/04/29, 17:06:18.947, 3469995247420, vstest.console.dll, MulticastDelegateUtilities.SafeInvoke: LengthPrefixCommunicationChannel: MessageReceived: Invoking callback 1/1 for Microsoft.VisualStudio.TestPlatform.CommunicationUtilities.TestRequestSender+<>c__DisplayClass34_0., took 30 ms.
TpTrace Verbose: 0 : 24388, 13, 2024/04/29, 17:06:18.947, 3469995248048, vstest.console.dll, TcpClientExtensions.MessageLoopAsync: Polling on remoteEndPoint: 127.0.0.1:57600 localEndPoint: 127.0.0.1:57599 after 279 ms
TpTrace Verbose: 0 : 24388, 4, 2024/04/29, 17:06:18.952, 3469995294802, vstest.console.dll, MulticastDelegateUtilities.SafeInvoke: InternalTestLoggerEvents.SendTestResult: Invoking callback 1/1 for Microsoft.VisualStudio.TestPlatform.CommandLine.Internal.ConsoleLogger., took 4 ms.
TpTrace Verbose: 0 : 24388, 4, 2024/04/29, 17:06:18.953, 3469995300795, vstest.console.dll, MulticastDelegateUtilities.SafeInvoke: InternalTestLoggerEvents.SendTestResult: Invoking callback 1/1 for Microsoft.VisualStudio.TestPlatform.CommandLine.Internal.ConsoleLogger., took 0 ms.
TpTrace Verbose: 0 : 24388, 4, 2024/04/29, 17:06:18.953, 3469995302327, vstest.console.dll, MulticastDelegateUtilities.SafeInvoke: InternalTestLoggerEvents.SendTestResult: Invoking callback 1/1 for Microsoft.VisualStudio.TestPlatform.CommandLine.Internal.ConsoleLogger., took 0 ms.
TpTrace Verbose: 0 : 24388, 4, 2024/04/29, 17:06:18.953, 3469995302943, vstest.console.dll, MulticastDelegateUtilities.SafeInvoke: InternalTestLoggerEvents.SendTestResult: Invoking callback 1/1 for Microsoft.VisualStudio.TestPlatform.CommandLine.Internal.ConsoleLogger., took 0 ms.
TpTrace Verbose: 0 : 24388, 4, 2024/04/29, 17:06:18.953, 3469995304003, vstest.console.dll, MulticastDelegateUtilities.SafeInvoke: InternalTestLoggerEvents.SendTestResult: Invoking callback 1/1 for Microsoft.VisualStudio.TestPlatform.CommandLine.Internal.ConsoleLogger., took 0 ms.
TpTrace Verbose: 0 : 24388, 13, 2024/04/29, 17:06:18.960, 3469995377499, vstest.console.dll, TcpClientExtensions.MessageLoopAsync: NotifyDataAvailable remoteEndPoint: 127.0.0.1:57600 localEndPoint: 127.0.0.1:57599
TpTrace Verbose: 0 : 24388, 13, 2024/04/29, 17:06:18.961, 3469995380737, vstest.console.dll, TestRequestSender.OnExecutionMessageReceived: Received message: {"Version":7,"MessageType":"TestExecution.StatsChange","Payload":{"NewTestResults":[{"TestCase":{"Id":"82d08aff-962f-5e29-390c-03136cacd0e8","FullyQualifiedName":"UnitTests.levelTests.GameBoardTests.AddUserMove_SaveHistoryEnabled_AddsMoveToHistory","DisplayName":"UnitTests.levelTests.GameBoardTests.AddUserMove_SaveHistoryEnabled_AddsMoveToHistory","ExecutorUri":"executor://xunit/VsTestRunner2/netcoreapp","Source":"C:\\Users\\ValMe\\Documents\\GitHub\\DP_BUJ0034\\UnitTests\\bin\\Debug\\net7.0\\fine-code-coverage\\build-output\\UnitTests.dll","CodeFilePath":null,"LineNumber":0,"Properties":[]},"Attachments":[],"Outcome":1,"ErrorMessage":null,"ErrorStackTrace":null,"DisplayName":"UnitTests.levelTests.GameBoardTests.AddUserMove_SaveHistoryEnabled_AddsMoveToHistory","Messages":[],"ComputerName":"LAPTOP-6UOKFPRI","Duration":"00:00:00.0052802","StartTime":"2024-04-29T15:06:18.9215704+00:00","EndTime":"2024-04-29T15:06:18.9215705+00:00","Properties":[]},{"TestCase":{"Id":"320d7f44-e53e-7a35-b4f9-1a33a3628887","FullyQualifiedName":"UnitTests.EngineTests.PlayframeTestsEngine.Playframe_not_Running_Move","DisplayName":"UnitTests.EngineTests.PlayframeTestsEngine.Playframe_not_Running_Move","ExecutorUri":"executor://xunit/VsTestRunner2/netcoreapp","Source":"C:\\Users\\ValMe\\Documents\\GitHub\\DP_BUJ0034\\UnitTests\\bin\\Debug\\net7.0\\fine-code-coverage\\build-output\\UnitTests.dll","CodeFilePath":null,"LineNumber":0,"Properties":[]},"Attachments":[],"Outcome":1,"ErrorMessage":null,"ErrorStackTrace":null,"DisplayName":"UnitTests.EngineTests.PlayframeTestsEngine.Playframe_not_Running_Move","Messages":[],"ComputerName":"LAPTOP-6UOKFPRI","Duration":"00:00:00.0055174","StartTime":"2024-04-29T15:06:18.9268675+00:00","EndTime":"2024-04-29T15:06:18.9268677+00:00","Properties":[]},{"TestCase":{"Id":"fdf2e592-af12-7fe2-8f96-d626f014edfb","FullyQualifiedName":"UnitTests.EngineTests.PlayframeTestsEngine.Playframe_Init_3_1","DisplayName":"UnitTests.EngineTests.PlayframeTestsEngine.Playframe_Init_3_1","ExecutorUri":"executor://xunit/VsTestRunner2/netcoreapp","Source":"C:\\Users\\ValMe\\Documents\\GitHub\\DP_BUJ0034\\UnitTests\\bin\\Debug\\net7.0\\fine-code-coverage\\build-output\\UnitTests.dll","CodeFilePath":null,"LineNumber":0,"Properties":[]},"Attachments":[],"Outcome":1,"ErrorMessage":null,"ErrorStackTrace":null,"DisplayName":"UnitTests.EngineTests.PlayframeTestsEngine.Playframe_Init_3_1","Messages":[],"ComputerName":"LAPTOP-6UOKFPRI","Duration":"00:00:00.0003109","StartTime":"2024-04-29T15:06:18.9365482+00:00","EndTime":"2024-04-29T15:06:18.9365483+00:00","Properties":[]},{"TestCase":{"Id":"1c5604fc-b7bb-6a24-3b1d-49c0931bf640","FullyQualifiedName":"UnitTests.levelTests.GameBoardTests.IsAllVisited_EndPointsNotVisited_ReturnsFalse","DisplayName":"UnitTests.levelTests.GameBoardTests.IsAllVisited_EndPointsNotVisited_ReturnsFalse","ExecutorUri":"executor://xunit/VsTestRunner2/netcoreapp","Source":"C:\\Users\\ValMe\\Documents\\GitHub\\DP_BUJ0034\\UnitTests\\bin\\Debug\\net7.0\\fine-code-coverage\\build-output\\UnitTests.dll","CodeFilePath":null,"LineNumber":0,"Properties":[]},"Attachments":[],"Outcome":1,"ErrorMessage":null,"ErrorStackTrace":null,"DisplayName":"UnitTests.levelTests.GameBoardTests.IsAllVisited_EndPointsNotVisited_ReturnsFalse","Messages":[],"ComputerName":"LAPTOP-6UOKFPRI","Duration":"00:00:00.0009697","StartTime":"2024-04-29T15:06:18.941042+00:00","EndTime":"2024-04-29T15:06:18.9410421+00:00","Properties":[]},{"TestCase":{"Id":"7709fd22-a61f-69f8-93b4-8995c0acdd54","FullyQualifiedName":"UnitTests.EngineTests.PlayframeTestsEngine.Playframe_Init_bad","DisplayName":"UnitTests.EngineTests.PlayframeTestsEngine.Playframe_Init_bad","ExecutorUri":"executor://xunit/VsTestRunner2/netcoreapp","Source":"C:\\Users\\ValMe\\Documents\\GitHub\\DP_BUJ0034\\UnitTests\\bin\\Debug\\net7.0\\fine-code-coverage\\build-output\\UnitTests.dll","CodeFilePath":null,"LineNumber":0,"Properties":[]},"Attachments":[],"Outcome":1,"ErrorMessage":null,"ErrorStackTrace":null,"DisplayName":"UnitTests.EngineTests.PlayframeTestsEngine.Playframe_Init_bad","Messages":[],"ComputerName":"LAPTOP-6UOKFPRI","Duration":"00:00:00.0011129","StartTime":"2024-04-29T15:06:18.9459038+00:00","EndTime":"2024-04-29T15:06:18.945904+00:00","Properties":[]},{"TestCase":{"Id":"8a0dab1a-3b7b-9c28-2aee-483f6c3b737e","FullyQualifiedName":"UnitTests.uiTests.SLUItest.TestNavigationToLevelSettings","DisplayName":"UnitTests.uiTests.SLUItest.TestNavigationToLevelSettings","ExecutorUri":"executor://xunit/VsTestRunner2/netcoreapp","Source":"C:\\Users\\ValMe\\Documents\\GitHub\\DP_BUJ0034\\UnitTests\\bin\\Debug\\net7.0\\fine-code-coverage\\build-output\\UnitTests.dll","CodeFilePath":null,"LineNumber":0,"Properties":[]},"Attachments":[],"Outcome":1,"ErrorMessage":null,"ErrorStackTrace":null,"DisplayName":"UnitTests.uiTests.SLUItest.TestNavigationToLevelSettings","Messages":[],"ComputerName":"LAPTOP-6UOKFPRI","Duration":"00:00:00.0104834","StartTime":"2024-04-29T15:06:18.9508645+00:00","EndTime":"2024-04-29T15:06:18.9508647+00:00","Properties":[]},{"TestCase":{"Id":"71543bc3-88e8-7d8b-f79f-8c51ac89bc7e","FullyQualifiedName":"UnitTests.levelTests.GenratorTests.GeneratedPathWithinBounds_3","DisplayName":"UnitTests.levelTests.GenratorTests.GeneratedPathWithinBounds_3","ExecutorUri":"executor://xunit/VsTestRunner2/netcoreapp","Source":"C:\\Users\\ValMe\\Documents\\GitHub\\DP_BUJ0034\\UnitTests\\bin\\Debug\\net7.0\\fine-code-coverage\\build-output\\UnitTests.dll","CodeFilePath":null,"LineNumber":0,"Properties":[]},"Attachments":[],"Outcome":1,"ErrorMessage":null,"ErrorStackTrace":null,"DisplayName":"UnitTests.levelTests.GenratorTests.GeneratedPathWithinBounds_3","Messages":[],"ComputerName":"LAPTOP-6UOKFPRI","Duration":"00:00:00.0273856","StartTime":"2024-04-29T15:06:18.9558522+00:00","EndTime":"2024-04-29T15:06:18.9558523+00:00","Properties":[]}],"TestRunStatistics":{"ExecutedTests":12,"Stats":{"Passed":12}},"ActiveTests":[{"Id":"162b2b47-143d-3dc4-2b8b-91c306667b72","FullyQualifiedName":"UnitTests.levelTests.GameBoardTests.GeneratePaths_ValidInput_CreatesPathAndGeneratesPoints","DisplayName":"UnitTests.levelTests.GameBoardTests.GeneratePaths_ValidInput_CreatesPathAndGeneratesPoints","ExecutorUri":"executor://xunit/VsTestRunner2/netcoreapp","Source":"C:\\Users\\ValMe\\Documents\\GitHub\\DP_BUJ0034\\UnitTests\\bin\\Debug\\net7.0\\fine-code-coverage\\build-output\\UnitTests.dll","CodeFilePath":null,"LineNumber":0,"Properties":[]},{"Id":"992e3dc4-2dfa-d541-75df-8706e9c0fba9","FullyQualifiedName":"UnitTests.EngineTests.PlayframeTestsEngine.Plaframe_CountPercentage_2","DisplayName":"UnitTests.EngineTests.PlayframeTestsEngine.Plaframe_CountPercentage_2","ExecutorUri":"executor://xunit/VsTestRunner2/netcoreapp","Source":"C:\\Users\\ValMe\\Documents\\GitHub\\DP_BUJ0034\\UnitTests\\bin\\Debug\\net7.0\\fine-code-coverage\\build-output\\UnitTests.dll","CodeFilePath":null,"LineNumber":0,"Properties":[]},{"Id":"e67605f2-9e71-cb70-04f8-a35be41b48ab","FullyQualifiedName":"UnitTests.uiTests.SLUItest.TestNoMatchingLevel","DisplayName":"UnitTests.uiTests.SLUItest.TestNoMatchingLevel","ExecutorUri":"executor://xunit/VsTestRunner2/netcoreapp","Source":"C:\\Users\\ValMe\\Documents\\GitHub\\DP_BUJ0034\\UnitTests\\bin\\Debug\\net7.0\\fine-code-coverage\\build-output\\UnitTests.dll","CodeFilePath":null,"LineNumber":0,"Properties":[]}]}}
TpTrace Verbose: 0 : 24388, 13, 2024/04/29, 17:06:18.963, 3469995401064, vstest.console.dll, TestRunRequest:SendTestRunStatsChange: Starting.
TpTrace Verbose: 0 : 24388, 13, 2024/04/29, 17:06:18.963, 3469995402027, vstest.console.dll, InProgress is UnitTests.levelTests.GameBoardTests.GeneratePaths_ValidInput_CreatesPathAndGeneratesPoints
TpTrace Verbose: 0 : 24388, 13, 2024/04/29, 17:06:18.963, 3469995402451, vstest.console.dll, InProgress is UnitTests.EngineTests.PlayframeTestsEngine.Plaframe_CountPercentage_2
TpTrace Verbose: 0 : 24388, 13, 2024/04/29, 17:06:18.963, 3469995402766, vstest.console.dll, InProgress is UnitTests.uiTests.SLUItest.TestNoMatchingLevel
TpTrace Verbose: 0 : 24388, 13, 2024/04/29, 17:06:18.963, 3469995403656, vstest.console.dll, MulticastDelegateUtilities.SafeInvoke: TestRun.RunStatsChanged: Invoking callbacks was skipped because there are no subscribers.
TpTrace Information: 0 : 24388, 13, 2024/04/29, 17:06:18.963, 3469995404050, vstest.console.dll, TestRunRequest:SendTestRunStatsChange: Completed.
TpTrace Verbose: 0 : 24388, 4, 2024/04/29, 17:06:18.963, 3469995404366, vstest.console.dll, MulticastDelegateUtilities.SafeInvoke: InternalTestLoggerEvents.SendTestResult: Invoking callback 1/1 for Microsoft.VisualStudio.TestPlatform.CommandLine.Internal.ConsoleLogger., took 0 ms.
TpTrace Verbose: 0 : 24388, 13, 2024/04/29, 17:06:18.963, 3469995404501, vstest.console.dll, MulticastDelegateUtilities.SafeInvoke: LengthPrefixCommunicationChannel: MessageReceived: Invoking callback 1/1 for Microsoft.VisualStudio.TestPlatform.CommunicationUtilities.TestRequestSender+<>c__DisplayClass34_0., took 2 ms.
TpTrace Verbose: 0 : 24388, 4, 2024/04/29, 17:06:18.963, 3469995405201, vstest.console.dll, MulticastDelegateUtilities.SafeInvoke: InternalTestLoggerEvents.SendTestResult: Invoking callback 1/1 for Microsoft.VisualStudio.TestPlatform.CommandLine.Internal.ConsoleLogger., took 0 ms.
TpTrace Verbose: 0 : 24388, 13, 2024/04/29, 17:06:18.963, 3469995405570, vstest.console.dll, TcpClientExtensions.MessageLoopAsync: Polling on remoteEndPoint: 127.0.0.1:57600 localEndPoint: 127.0.0.1:57599 after 15 ms
TpTrace Verbose: 0 : 24388, 4, 2024/04/29, 17:06:18.963, 3469995406187, vstest.console.dll, MulticastDelegateUtilities.SafeInvoke: InternalTestLoggerEvents.SendTestResult: Invoking callback 1/1 for Microsoft.VisualStudio.TestPlatform.CommandLine.Internal.ConsoleLogger., took 0 ms.
TpTrace Verbose: 0 : 24388, 4, 2024/04/29, 17:06:18.965, 3469995420707, vstest.console.dll, MulticastDelegateUtilities.SafeInvoke: InternalTestLoggerEvents.SendTestResult: Invoking callback 1/1 for Microsoft.VisualStudio.TestPlatform.CommandLine.Internal.ConsoleLogger., took 1 ms.
TpTrace Verbose: 0 : 24388, 4, 2024/04/29, 17:06:18.965, 3469995422898, vstest.console.dll, MulticastDelegateUtilities.SafeInvoke: InternalTestLoggerEvents.SendTestResult: Invoking callback 1/1 for Microsoft.VisualStudio.TestPlatform.CommandLine.Internal.ConsoleLogger., took 0 ms.
TpTrace Verbose: 0 : 24388, 4, 2024/04/29, 17:06:18.965, 3469995424043, vstest.console.dll, MulticastDelegateUtilities.SafeInvoke: InternalTestLoggerEvents.SendTestResult: Invoking callback 1/1 for Microsoft.VisualStudio.TestPlatform.CommandLine.Internal.ConsoleLogger., took 0 ms.
TpTrace Verbose: 0 : 24388, 4, 2024/04/29, 17:06:18.965, 3469995424743, vstest.console.dll, MulticastDelegateUtilities.SafeInvoke: InternalTestLoggerEvents.SendTestResult: Invoking callback 1/1 for Microsoft.VisualStudio.TestPlatform.CommandLine.Internal.ConsoleLogger., took 0 ms.
TpTrace Verbose: 0 : 24388, 13, 2024/04/29, 17:06:18.986, 3469995640003, vstest.console.dll, TcpClientExtensions.MessageLoopAsync: NotifyDataAvailable remoteEndPoint: 127.0.0.1:57600 localEndPoint: 127.0.0.1:57599
TpTrace Verbose: 0 : 24388, 13, 2024/04/29, 17:06:18.987, 3469995643039, vstest.console.dll, TestRequestSender.OnExecutionMessageReceived: Received message: {"Version":7,"MessageType":"TestExecution.StatsChange","Payload":{"NewTestResults":[{"TestCase":{"Id":"e67605f2-9e71-cb70-04f8-a35be41b48ab","FullyQualifiedName":"UnitTests.uiTests.SLUItest.TestNoMatchingLevel","DisplayName":"UnitTests.uiTests.SLUItest.TestNoMatchingLevel","ExecutorUri":"executor://xunit/VsTestRunner2/netcoreapp","Source":"C:\\Users\\ValMe\\Documents\\GitHub\\DP_BUJ0034\\UnitTests\\bin\\Debug\\net7.0\\fine-code-coverage\\build-output\\UnitTests.dll","CodeFilePath":null,"LineNumber":0,"Properties":[]},"Attachments":[],"Outcome":1,"ErrorMessage":null,"ErrorStackTrace":null,"DisplayName":"UnitTests.uiTests.SLUItest.TestNoMatchingLevel","Messages":[],"ComputerName":"LAPTOP-6UOKFPRI","Duration":"00:00:00.0023730","StartTime":"2024-04-29T15:06:18.9629598+00:00","EndTime":"2024-04-29T15:06:18.9629599+00:00","Properties":[]},{"TestCase":{"Id":"687fd831-cb6f-6a6c-26b7-476ef36c70e2","FullyQualifiedName":"UnitTests.levelTests.PlayFrameLevelTests.GeneratePaths_ValidInput_path_num_player_num_2","DisplayName":"UnitTests.levelTests.PlayFrameLevelTests.GeneratePaths_ValidInput_path_num_player_num_2","ExecutorUri":"executor://xunit/VsTestRunner2/netcoreapp","Source":"C:\\Users\\ValMe\\Documents\\GitHub\\DP_BUJ0034\\UnitTests\\bin\\Debug\\net7.0\\fine-code-coverage\\build-output\\UnitTests.dll","CodeFilePath":null,"LineNumber":0,"Properties":[]},"Attachments":[],"Outcome":1,"ErrorMessage":null,"ErrorStackTrace":null,"DisplayName":"UnitTests.levelTests.PlayFrameLevelTests.GeneratePaths_ValidInput_path_num_player_num_2","Messages":[],"ComputerName":"LAPTOP-6UOKFPRI","Duration":"00:00:00.0292837","StartTime":"2024-04-29T15:06:18.9681731+00:00","EndTime":"2024-04-29T15:06:18.9681733+00:00","Properties":[]},{"TestCase":{"Id":"992e3dc4-2dfa-d541-75df-8706e9c0fba9","FullyQualifiedName":"UnitTests.EngineTests.PlayframeTestsEngine.Plaframe_CountPercentage_2","DisplayName":"UnitTests.EngineTests.PlayframeTestsEngine.Plaframe_CountPercentage_2","ExecutorUri":"executor://xunit/VsTestRunner2/netcoreapp","Source":"C:\\Users\\ValMe\\Documents\\GitHub\\DP_BUJ0034\\UnitTests\\bin\\Debug\\net7.0\\fine-code-coverage\\build-output\\UnitTests.dll","CodeFilePath":null,"LineNumber":0,"Properties":[]},"Attachments":[],"Outcome":1,"ErrorMessage":null,"ErrorStackTrace":null,"DisplayName":"UnitTests.EngineTests.PlayframeTestsEngine.Plaframe_CountPercentage_2","Messages":[],"ComputerName":"LAPTOP-6UOKFPRI","Duration":"00:00:00.0076511","StartTime":"2024-04-29T15:06:18.972181+00:00","EndTime":"2024-04-29T15:06:18.9721812+00:00","Properties":[]},{"TestCase":{"Id":"0911aaae-a5a7-4ce4-5d8a-883a778b25b7","FullyQualifiedName":"UnitTests.levelTests.PlayFrameLevelTests.Atributes_right_3_1","DisplayName":"UnitTests.levelTests.PlayFrameLevelTests.Atributes_right_3_1","ExecutorUri":"executor://xunit/VsTestRunner2/netcoreapp","Source":"C:\\Users\\ValMe\\Documents\\GitHub\\DP_BUJ0034\\UnitTests\\bin\\Debug\\net7.0\\fine-code-coverage\\build-output\\UnitTests.dll","CodeFilePath":null,"LineNumber":0,"Properties":[]},"Attachments":[],"Outcome":1,"ErrorMessage":null,"ErrorStackTrace":null,"DisplayName":"UnitTests.levelTests.PlayFrameLevelTests.Atributes_right_3_1","Messages":[],"ComputerName":"LAPTOP-6UOKFPRI","Duration":"00:00:00.0031776","StartTime":"2024-04-29T15:06:18.9759616+00:00","EndTime":"2024-04-29T15:06:18.9759617+00:00","Properties":[]},{"TestCase":{"Id":"517ea733-9bb2-8cdb-ad2c-6f8b01c6db33","FullyQualifiedName":"UnitTests.levelTests.GenratorTests.Generator_Init_3_1","DisplayName":"UnitTests.levelTests.GenratorTests.Generator_Init_3_1","ExecutorUri":"executor://xunit/VsTestRunner2/netcoreapp","Source":"C:\\Users\\ValMe\\Documents\\GitHub\\DP_BUJ0034\\UnitTests\\bin\\Debug\\net7.0\\fine-code-coverage\\build-output\\UnitTests.dll","CodeFilePath":null,"LineNumber":0,"Properties":[]},"Attachments":[],"Outcome":1,"ErrorMessage":null,"ErrorStackTrace":null,"DisplayName":"UnitTests.levelTests.GenratorTests.Generator_Init_3_1","Messages":[],"ComputerName":"LAPTOP-6UOKFPRI","Duration":"00:00:00.0067739","StartTime":"2024-04-29T15:06:18.9794382+00:00","EndTime":"2024-04-29T15:06:18.9794384+00:00","Properties":[]},{"TestCase":{"Id":"b4045c87-1ce8-d226-53c3-cf4e6eae1200","FullyQualifiedName":"UnitTests.levelTests.GenratorTests.Generator_Init_3","DisplayName":"UnitTests.levelTests.GenratorTests.Generator_Init_3","ExecutorUri":"executor://xunit/VsTestRunner2/netcoreapp","Source":"C:\\Users\\ValMe\\Documents\\GitHub\\DP_BUJ0034\\UnitTests\\bin\\Debug\\net7.0\\fine-code-coverage\\build-output\\UnitTests.dll","CodeFilePath":null,"LineNumber":0,"Properties":[]},"Attachments":[],"Outcome":1,"ErrorMessage":null,"ErrorStackTrace":null,"DisplayName":"UnitTests.levelTests.GenratorTests.Generator_Init_3","Messages":[],"ComputerName":"LAPTOP-6UOKFPRI","Duration":"00:00:00.0002340","StartTime":"2024-04-29T15:06:18.9839081+00:00","EndTime":"2024-04-29T15:06:18.9839082+00:00","Properties":[]}],"TestRunStatistics":{"ExecutedTests":18,"Stats":{"Passed":18}},"ActiveTests":[{"Id":"bb16f5c0-4b10-0f48-84ef-aadc016ed9d4","FullyQualifiedName":"UnitTests.uiTests.SLUItest.AddStarOrLockImage_WhenUnlockAtGreaterThanCompleteScore_AddsLockImage","DisplayName":"UnitTests.uiTests.SLUItest.AddStarOrLockImage_WhenUnlockAtGreaterThanCompleteScore_AddsLockImage","ExecutorUri":"executor://xunit/VsTestRunner2/netcoreapp","Source":"C:\\Users\\ValMe\\Documents\\GitHub\\DP_BUJ0034\\UnitTests\\bin\\Debug\\net7.0\\fine-code-coverage\\build-output\\UnitTests.dll","CodeFilePath":null,"LineNumber":0,"Properties":[]},{"Id":"5ba23870-c784-7b53-41fb-bb83be9ad4d0","FullyQualifiedName":"UnitTests.EngineTests.PlayframeTestsEngine.Plaframe_LastplayerMove","DisplayName":"UnitTests.EngineTests.PlayframeTestsEngine.Plaframe_LastplayerMove","ExecutorUri":"executor://xunit/VsTestRunner2/netcoreapp","Source":"C:\\Users\\ValMe\\Documents\\GitHub\\DP_BUJ0034\\UnitTests\\bin\\Debug\\net7.0\\fine-code-coverage\\build-output\\UnitTests.dll","CodeFilePath":null,"LineNumber":0,"Properties":[]},{"Id":"96ef6ac8-fd31-06cd-e6f9-33e33aad2cea","FullyQualifiedName":"UnitTests.levelTests.PlayFrameLevelTests.Optimalization_len","DisplayName":"UnitTests.levelTests.PlayFrameLevelTests.Optimalization_len","ExecutorUri":"executor://xunit/VsTestRunner2/netcoreapp","Source":"C:\\Users\\ValMe\\Documents\\GitHub\\DP_BUJ0034\\UnitTests\\bin\\Debug\\net7.0\\fine-code-coverage\\build-output\\UnitTests.dll","CodeFilePath":null,"LineNumber":0,"Properties":[]},{"Id":"0c1200ca-a98f-116e-4d3b-c3f0591ee295","FullyQualifiedName":"UnitTests.levelTests.GenratorTests.GeneratedPathStartEnd_3","DisplayName":"UnitTests.levelTests.GenratorTests.GeneratedPathStartEnd_3","ExecutorUri":"executor://xunit/VsTestRunner2/netcoreapp","Source":"C:\\Users\\ValMe\\Documents\\GitHub\\DP_BUJ0034\\UnitTests\\bin\\Debug\\net7.0\\fine-code-coverage\\build-output\\UnitTests.dll","CodeFilePath":null,"LineNumber":0,"Properties":[]}]}}
TpTrace Verbose: 0 : 24388, 13, 2024/04/29, 17:06:18.988, 3469995654791, vstest.console.dll, TestRunRequest:SendTestRunStatsChange: Starting.
TpTrace Verbose: 0 : 24388, 13, 2024/04/29, 17:06:18.988, 3469995655841, vstest.console.dll, InProgress is UnitTests.uiTests.SLUItest.AddStarOrLockImage_WhenUnlockAtGreaterThanCompleteScore_AddsLockImage
TpTrace Verbose: 0 : 24388, 13, 2024/04/29, 17:06:18.988, 3469995656280, vstest.console.dll, InProgress is UnitTests.EngineTests.PlayframeTestsEngine.Plaframe_LastplayerMove
TpTrace Verbose: 0 : 24388, 13, 2024/04/29, 17:06:18.988, 3469995656667, vstest.console.dll, InProgress is UnitTests.levelTests.PlayFrameLevelTests.Optimalization_len
TpTrace Verbose: 0 : 24388, 13, 2024/04/29, 17:06:18.988, 3469995657044, vstest.console.dll, InProgress is UnitTests.levelTests.GenratorTests.GeneratedPathStartEnd_3
TpTrace Verbose: 0 : 24388, 13, 2024/04/29, 17:06:18.988, 3469995657829, vstest.console.dll, MulticastDelegateUtilities.SafeInvoke: TestRun.RunStatsChanged: Invoking callbacks was skipped because there are no subscribers.
TpTrace Information: 0 : 24388, 13, 2024/04/29, 17:06:18.988, 3469995658611, vstest.console.dll, TestRunRequest:SendTestRunStatsChange: Completed.
TpTrace Verbose: 0 : 24388, 4, 2024/04/29, 17:06:18.988, 3469995659027, vstest.console.dll, MulticastDelegateUtilities.SafeInvoke: InternalTestLoggerEvents.SendTestResult: Invoking callback 1/1 for Microsoft.VisualStudio.TestPlatform.CommandLine.Internal.ConsoleLogger., took 0 ms.
TpTrace Verbose: 0 : 24388, 13, 2024/04/29, 17:06:18.988, 3469995659912, vstest.console.dll, MulticastDelegateUtilities.SafeInvoke: LengthPrefixCommunicationChannel: MessageReceived: Invoking callback 1/1 for Microsoft.VisualStudio.TestPlatform.CommunicationUtilities.TestRequestSender+<>c__DisplayClass34_0., took 1 ms.
TpTrace Verbose: 0 : 24388, 4, 2024/04/29, 17:06:18.989, 3469995660954, vstest.console.dll, MulticastDelegateUtilities.SafeInvoke: InternalTestLoggerEvents.SendTestResult: Invoking callback 1/1 for Microsoft.VisualStudio.TestPlatform.CommandLine.Internal.ConsoleLogger., took 0 ms.
TpTrace Verbose: 0 : 24388, 13, 2024/04/29, 17:06:18.989, 3469995661685, vstest.console.dll, TcpClientExtensions.MessageLoopAsync: Polling on remoteEndPoint: 127.0.0.1:57600 localEndPoint: 127.0.0.1:57599 after 25 ms
TpTrace Verbose: 0 : 24388, 4, 2024/04/29, 17:06:18.989, 3469995663461, vstest.console.dll, MulticastDelegateUtilities.SafeInvoke: InternalTestLoggerEvents.SendTestResult: Invoking callback 1/1 for Microsoft.VisualStudio.TestPlatform.CommandLine.Internal.ConsoleLogger., took 0 ms.
TpTrace Verbose: 0 : 24388, 4, 2024/04/29, 17:06:18.989, 3469995664462, vstest.console.dll, MulticastDelegateUtilities.SafeInvoke: InternalTestLoggerEvents.SendTestResult: Invoking callback 1/1 for Microsoft.VisualStudio.TestPlatform.CommandLine.Internal.ConsoleLogger., took 0 ms.
TpTrace Verbose: 0 : 24388, 4, 2024/04/29, 17:06:18.989, 3469995665167, vstest.console.dll, MulticastDelegateUtilities.SafeInvoke: InternalTestLoggerEvents.SendTestResult: Invoking callback 1/1 for Microsoft.VisualStudio.TestPlatform.CommandLine.Internal.ConsoleLogger., took 0 ms.
TpTrace Verbose: 0 : 24388, 4, 2024/04/29, 17:06:18.989, 3469995665776, vstest.console.dll, MulticastDelegateUtilities.SafeInvoke: InternalTestLoggerEvents.SendTestResult: Invoking callback 1/1 for Microsoft.VisualStudio.TestPlatform.CommandLine.Internal.ConsoleLogger., took 0 ms.
TpTrace Verbose: 0 : 24388, 13, 2024/04/29, 17:06:19.020, 3469995970917, vstest.console.dll, TcpClientExtensions.MessageLoopAsync: NotifyDataAvailable remoteEndPoint: 127.0.0.1:57600 localEndPoint: 127.0.0.1:57599
TpTrace Verbose: 0 : 24388, 13, 2024/04/29, 17:06:19.020, 3469995974165, vstest.console.dll, TestRequestSender.OnExecutionMessageReceived: Received message: {"Version":7,"MessageType":"TestExecution.StatsChange","Payload":{"NewTestResults":[{"TestCase":{"Id":"96ef6ac8-fd31-06cd-e6f9-33e33aad2cea","FullyQualifiedName":"UnitTests.levelTests.PlayFrameLevelTests.Optimalization_len","DisplayName":"UnitTests.levelTests.PlayFrameLevelTests.Optimalization_len","ExecutorUri":"executor://xunit/VsTestRunner2/netcoreapp","Source":"C:\\Users\\ValMe\\Documents\\GitHub\\DP_BUJ0034\\UnitTests\\bin\\Debug\\net7.0\\fine-code-coverage\\build-output\\UnitTests.dll","CodeFilePath":null,"LineNumber":0,"Properties":[]},"Attachments":[],"Outcome":1,"ErrorMessage":null,"ErrorStackTrace":null,"DisplayName":"UnitTests.levelTests.PlayFrameLevelTests.Optimalization_len","Messages":[],"ComputerName":"LAPTOP-6UOKFPRI","Duration":"00:00:00.0026339","StartTime":"2024-04-29T15:06:18.9894375+00:00","EndTime":"2024-04-29T15:06:18.9894376+00:00","Properties":[]},{"TestCase":{"Id":"0c1200ca-a98f-116e-4d3b-c3f0591ee295","FullyQualifiedName":"UnitTests.levelTests.GenratorTests.GeneratedPathStartEnd_3","DisplayName":"UnitTests.levelTests.GenratorTests.GeneratedPathStartEnd_3","ExecutorUri":"executor://xunit/VsTestRunner2/netcoreapp","Source":"C:\\Users\\ValMe\\Documents\\GitHub\\DP_BUJ0034\\UnitTests\\bin\\Debug\\net7.0\\fine-code-coverage\\build-output\\UnitTests.dll","CodeFilePath":null,"LineNumber":0,"Properties":[]},"Attachments":[],"Outcome":1,"ErrorMessage":null,"ErrorStackTrace":null,"DisplayName":"UnitTests.levelTests.GenratorTests.GeneratedPathStartEnd_3","Messages":[],"ComputerName":"LAPTOP-6UOKFPRI","Duration":"00:00:00.0017828","StartTime":"2024-04-29T15:06:18.9934098+00:00","EndTime":"2024-04-29T15:06:18.9934099+00:00","Properties":[]},{"TestCase":{"Id":"5ba23870-c784-7b53-41fb-bb83be9ad4d0","FullyQualifiedName":"UnitTests.EngineTests.PlayframeTestsEngine.Plaframe_LastplayerMove","DisplayName":"UnitTests.EngineTests.PlayframeTestsEngine.Plaframe_LastplayerMove","ExecutorUri":"executor://xunit/VsTestRunner2/netcoreapp","Source":"C:\\Users\\ValMe\\Documents\\GitHub\\DP_BUJ0034\\UnitTests\\bin\\Debug\\net7.0\\fine-code-coverage\\build-output\\UnitTests.dll","CodeFilePath":null,"LineNumber":0,"Properties":[]},"Attachments":[],"Outcome":1,"ErrorMessage":null,"ErrorStackTrace":null,"DisplayName":"UnitTests.EngineTests.PlayframeTestsEngine.Plaframe_LastplayerMove","Messages":[],"ComputerName":"LAPTOP-6UOKFPRI","Duration":"00:00:00.0068826","StartTime":"2024-04-29T15:06:18.9975944+00:00","EndTime":"2024-04-29T15:06:18.9975946+00:00","Properties":[]},{"TestCase":{"Id":"b887574e-cc02-1367-7ce0-f7bb1790c1e3","FullyQualifiedName":"UnitTests.levelTests.PlayFrameLevelTests.Optimalization_Tests","DisplayName":"UnitTests.levelTests.PlayFrameLevelTests.Optimalization_Tests","ExecutorUri":"executor://xunit/VsTestRunner2/netcoreapp","Source":"C:\\Users\\ValMe\\Documents\\GitHub\\DP_BUJ0034\\UnitTests\\bin\\Debug\\net7.0\\fine-code-coverage\\build-output\\UnitTests.dll","CodeFilePath":null,"LineNumber":0,"Properties":[]},"Attachments":[],"Outcome":1,"ErrorMessage":null,"ErrorStackTrace":null,"DisplayName":"UnitTests.levelTests.PlayFrameLevelTests.Optimalization_Tests","Messages":[],"ComputerName":"LAPTOP-6UOKFPRI","Duration":"00:00:00.0017503","StartTime":"2024-04-29T15:06:19.001896+00:00","EndTime":"2024-04-29T15:06:19.0018962+00:00","Properties":[]},{"TestCase":{"Id":"7e390ae1-10cb-f62e-5931-e65ba8d5e32f","FullyQualifiedName":"UnitTests.levelTests.GenratorTests.GeneratedPathStartEnd_31","DisplayName":"UnitTests.levelTests.GenratorTests.GeneratedPathStartEnd_31","ExecutorUri":"executor://xunit/VsTestRunner2/netcoreapp","Source":"C:\\Users\\ValMe\\Documents\\GitHub\\DP_BUJ0034\\UnitTests\\bin\\Debug\\net7.0\\fine-code-coverage\\build-output\\UnitTests.dll","CodeFilePath":null,"LineNumber":0,"Properties":[]},"Attachments":[],"Outcome":1,"ErrorMessage":null,"ErrorStackTrace":null,"DisplayName":"UnitTests.levelTests.GenratorTests.GeneratedPathStartEnd_31","Messages":[],"ComputerName":"LAPTOP-6UOKFPRI","Duration":"00:00:00.0015378","StartTime":"2024-04-29T15:06:19.0062183+00:00","EndTime":"2024-04-29T15:06:19.0062186+00:00","Properties":[]},{"TestCase":{"Id":"27ca0265-fe9e-36e0-fc9c-3f955f6010de","FullyQualifiedName":"UnitTests.EngineTests.PlayframeTestsEngine.Plaframe_Bad_Move","DisplayName":"UnitTests.EngineTests.PlayframeTestsEngine.Plaframe_Bad_Move","ExecutorUri":"executor://xunit/VsTestRunner2/netcoreapp","Source":"C:\\Users\\ValMe\\Documents\\GitHub\\DP_BUJ0034\\UnitTests\\bin\\Debug\\net7.0\\fine-code-coverage\\build-output\\UnitTests.dll","CodeFilePath":null,"LineNumber":0,"Properties":[]},"Attachments":[],"Outcome":1,"ErrorMessage":null,"ErrorStackTrace":null,"DisplayName":"UnitTests.EngineTests.PlayframeTestsEngine.Plaframe_Bad_Move","Messages":[],"ComputerName":"LAPTOP-6UOKFPRI","Duration":"00:00:00.0010492","StartTime":"2024-04-29T15:06:19.0100498+00:00","EndTime":"2024-04-29T15:06:19.0100499+00:00","Properties":[]},{"TestCase":{"Id":"fc386f93-7fc5-01d9-dffd-2a7b08d6269a","FullyQualifiedName":"UnitTests.EngineTests.PlayframeTestsEngine.Playframe_Init_bad_2","DisplayName":"UnitTests.EngineTests.PlayframeTestsEngine.Playframe_Init_bad_2","ExecutorUri":"executor://xunit/VsTestRunner2/netcoreapp","Source":"C:\\Users\\ValMe\\Documents\\GitHub\\DP_BUJ0034\\UnitTests\\bin\\Debug\\net7.0\\fine-code-coverage\\build-output\\UnitTests.dll","CodeFilePath":null,"LineNumber":0,"Properties":[]},"Attachments":[],"Outcome":1,"ErrorMessage":null,"ErrorStackTrace":null,"DisplayName":"UnitTests.EngineTests.PlayframeTestsEngine.Playframe_Init_bad_2","Messages":[],"ComputerName":"LAPTOP-6UOKFPRI","Duration":"00:00:00.0004347","StartTime":"2024-04-29T15:06:19.0139236+00:00","EndTime":"2024-04-29T15:06:19.0139239+00:00","Properties":[]},{"TestCase":{"Id":"9fecee00-3aec-7709-1deb-6c1365fea863","FullyQualifiedName":"UnitTests.levelTests.GenratorTests.GeneratedPathWithinBounds_3_1","DisplayName":"UnitTests.levelTests.GenratorTests.GeneratedPathWithinBounds_3_1","ExecutorUri":"executor://xunit/VsTestRunner2/netcoreapp","Source":"C:\\Users\\ValMe\\Documents\\GitHub\\DP_BUJ0034\\UnitTests\\bin\\Debug\\net7.0\\fine-code-coverage\\build-output\\UnitTests.dll","CodeFilePath":null,"LineNumber":0,"Properties":[]},"Attachments":[],"Outcome":1,"ErrorMessage":null,"ErrorStackTrace":null,"DisplayName":"UnitTests.levelTests.GenratorTests.GeneratedPathWithinBounds_3_1","Messages":[],"ComputerName":"LAPTOP-6UOKFPRI","Duration":"00:00:00.0006453","StartTime":"2024-04-29T15:06:19.0164601+00:00","EndTime":"2024-04-29T15:06:19.0164602+00:00","Properties":[]}],"TestRunStatistics":{"ExecutedTests":26,"Stats":{"Passed":26}},"ActiveTests":[{"Id":"94316f5e-e114-0c00-f7a2-a38456b16500","FullyQualifiedName":"UnitTests.levelTests.PlayFrameLevelTests.Atributes_right_others","DisplayName":"UnitTests.levelTests.PlayFrameLevelTests.Atributes_right_others","ExecutorUri":"executor://xunit/VsTestRunner2/netcoreapp","Source":"C:\\Users\\ValMe\\Documents\\GitHub\\DP_BUJ0034\\UnitTests\\bin\\Debug\\net7.0\\fine-code-coverage\\build-output\\UnitTests.dll","CodeFilePath":null,"LineNumber":0,"Properties":[]},{"Id":"1c1e02d7-11d8-aa41-f829-31e99c6ba26f","FullyQualifiedName":"UnitTests.EngineTests.PlayframeTestsEngine.Plaframe_MoveBy_Path","DisplayName":"UnitTests.EngineTests.PlayframeTestsEngine.Plaframe_MoveBy_Path","ExecutorUri":"executor://xunit/VsTestRunner2/netcoreapp","Source":"C:\\Users\\ValMe\\Documents\\GitHub\\DP_BUJ0034\\UnitTests\\bin\\Debug\\net7.0\\fine-code-coverage\\build-output\\UnitTests.dll","CodeFilePath":null,"LineNumber":0,"Properties":[]}]}}
TpTrace Verbose: 0 : 24388, 13, 2024/04/29, 17:06:19.021, 3469995985260, vstest.console.dll, TestRunRequest:SendTestRunStatsChange: Starting.
TpTrace Verbose: 0 : 24388, 13, 2024/04/29, 17:06:19.021, 3469995986167, vstest.console.dll, InProgress is UnitTests.levelTests.PlayFrameLevelTests.Atributes_right_others
TpTrace Verbose: 0 : 24388, 13, 2024/04/29, 17:06:19.021, 3469995986568, vstest.console.dll, InProgress is UnitTests.EngineTests.PlayframeTestsEngine.Plaframe_MoveBy_Path
TpTrace Verbose: 0 : 24388, 13, 2024/04/29, 17:06:19.021, 3469995987382, vstest.console.dll, MulticastDelegateUtilities.SafeInvoke: TestRun.RunStatsChanged: Invoking callbacks was skipped because there are no subscribers.
TpTrace Information: 0 : 24388, 13, 2024/04/29, 17:06:19.021, 3469995987800, vstest.console.dll, TestRunRequest:SendTestRunStatsChange: Completed.
TpTrace Verbose: 0 : 24388, 4, 2024/04/29, 17:06:19.021, 3469995988004, vstest.console.dll, MulticastDelegateUtilities.SafeInvoke: InternalTestLoggerEvents.SendTestResult: Invoking callback 1/1 for Microsoft.VisualStudio.TestPlatform.CommandLine.Internal.ConsoleLogger., took 0 ms.
TpTrace Verbose: 0 : 24388, 13, 2024/04/29, 17:06:19.021, 3469995989590, vstest.console.dll, MulticastDelegateUtilities.SafeInvoke: LengthPrefixCommunicationChannel: MessageReceived: Invoking callback 1/1 for Microsoft.VisualStudio.TestPlatform.CommunicationUtilities.TestRequestSender+<>c__DisplayClass34_0., took 1 ms.
TpTrace Verbose: 0 : 24388, 4, 2024/04/29, 17:06:19.022, 3469995990325, vstest.console.dll, MulticastDelegateUtilities.SafeInvoke: InternalTestLoggerEvents.SendTestResult: Invoking callback 1/1 for Microsoft.VisualStudio.TestPlatform.CommandLine.Internal.ConsoleLogger., took 0 ms.
TpTrace Verbose: 0 : 24388, 13, 2024/04/29, 17:06:19.022, 3469995990952, vstest.console.dll, TcpClientExtensions.MessageLoopAsync: Polling on remoteEndPoint: 127.0.0.1:57600 localEndPoint: 127.0.0.1:57599 after 32 ms
TpTrace Verbose: 0 : 24388, 4, 2024/04/29, 17:06:19.022, 3469995991739, vstest.console.dll, MulticastDelegateUtilities.SafeInvoke: InternalTestLoggerEvents.SendTestResult: Invoking callback 1/1 for Microsoft.VisualStudio.TestPlatform.CommandLine.Internal.ConsoleLogger., took 0 ms.
TpTrace Verbose: 0 : 24388, 4, 2024/04/29, 17:06:19.022, 3469995992653, vstest.console.dll, MulticastDelegateUtilities.SafeInvoke: InternalTestLoggerEvents.SendTestResult: Invoking callback 1/1 for Microsoft.VisualStudio.TestPlatform.CommandLine.Internal.ConsoleLogger., took 0 ms.
TpTrace Verbose: 0 : 24388, 4, 2024/04/29, 17:06:19.022, 3469995993127, vstest.console.dll, MulticastDelegateUtilities.SafeInvoke: InternalTestLoggerEvents.SendTestResult: Invoking callback 1/1 for Microsoft.VisualStudio.TestPlatform.CommandLine.Internal.ConsoleLogger., took 0 ms.
TpTrace Verbose: 0 : 24388, 4, 2024/04/29, 17:06:19.022, 3469995993619, vstest.console.dll, MulticastDelegateUtilities.SafeInvoke: InternalTestLoggerEvents.SendTestResult: Invoking callback 1/1 for Microsoft.VisualStudio.TestPlatform.CommandLine.Internal.ConsoleLogger., took 0 ms.
TpTrace Verbose: 0 : 24388, 4, 2024/04/29, 17:06:19.022, 3469995994017, vstest.console.dll, MulticastDelegateUtilities.SafeInvoke: InternalTestLoggerEvents.SendTestResult: Invoking callback 1/1 for Microsoft.VisualStudio.TestPlatform.CommandLine.Internal.ConsoleLogger., took 0 ms.
TpTrace Verbose: 0 : 24388, 4, 2024/04/29, 17:06:19.022, 3469995994492, vstest.console.dll, MulticastDelegateUtilities.SafeInvoke: InternalTestLoggerEvents.SendTestResult: Invoking callback 1/1 for Microsoft.VisualStudio.TestPlatform.CommandLine.Internal.ConsoleLogger., took 0 ms.
TpTrace Verbose: 0 : 24388, 13, 2024/04/29, 17:06:19.059, 3469996360870, vstest.console.dll, TcpClientExtensions.MessageLoopAsync: NotifyDataAvailable remoteEndPoint: 127.0.0.1:57600 localEndPoint: 127.0.0.1:57599
TpTrace Verbose: 0 : 24388, 13, 2024/04/29, 17:06:19.059, 3469996364111, vstest.console.dll, TestRequestSender.OnExecutionMessageReceived: Received message: {"Version":7,"MessageType":"TestExecution.StatsChange","Payload":{"NewTestResults":[{"TestCase":{"Id":"94316f5e-e114-0c00-f7a2-a38456b16500","FullyQualifiedName":"UnitTests.levelTests.PlayFrameLevelTests.Atributes_right_others","DisplayName":"UnitTests.levelTests.PlayFrameLevelTests.Atributes_right_others","ExecutorUri":"executor://xunit/VsTestRunner2/netcoreapp","Source":"C:\\Users\\ValMe\\Documents\\GitHub\\DP_BUJ0034\\UnitTests\\bin\\Debug\\net7.0\\fine-code-coverage\\build-output\\UnitTests.dll","CodeFilePath":null,"LineNumber":0,"Properties":[]},"Attachments":[],"Outcome":1,"ErrorMessage":null,"ErrorStackTrace":null,"DisplayName":"UnitTests.levelTests.PlayFrameLevelTests.Atributes_right_others","Messages":[],"ComputerName":"LAPTOP-6UOKFPRI","Duration":"00:00:00.0017114","StartTime":"2024-04-29T15:06:19.0240236+00:00","EndTime":"2024-04-29T15:06:19.0240237+00:00","Properties":[]},{"TestCase":{"Id":"8bd97967-4fa2-b47e-eeb0-723b217ef2d4","FullyQualifiedName":"UnitTests.levelTests.GenratorTests.Generator_Init_2","DisplayName":"UnitTests.levelTests.GenratorTests.Generator_Init_2","ExecutorUri":"executor://xunit/VsTestRunner2/netcoreapp","Source":"C:\\Users\\ValMe\\Documents\\GitHub\\DP_BUJ0034\\UnitTests\\bin\\Debug\\net7.0\\fine-code-coverage\\build-output\\UnitTests.dll","CodeFilePath":null,"LineNumber":0,"Properties":[]},"Attachments":[],"Outcome":1,"ErrorMessage":null,"ErrorStackTrace":null,"DisplayName":"UnitTests.levelTests.GenratorTests.Generator_Init_2","Messages":[],"ComputerName":"LAPTOP-6UOKFPRI","Duration":"00:00:00.0004332","StartTime":"2024-04-29T15:06:19.0277657+00:00","EndTime":"2024-04-29T15:06:19.0277658+00:00","Properties":[]},{"TestCase":{"Id":"7bc457dc-abe2-dfee-e3f8-f96a99e6059a","FullyQualifiedName":"UnitTests.levelTests.PlayFrameLevelTests.GeneratePaths_ValidInput_path_num_player_num_3_1","DisplayName":"UnitTests.levelTests.PlayFrameLevelTests.GeneratePaths_ValidInput_path_num_player_num_3_1","ExecutorUri":"executor://xunit/VsTestRunner2/netcoreapp","Source":"C:\\Users\\ValMe\\Documents\\GitHub\\DP_BUJ0034\\UnitTests\\bin\\Debug\\net7.0\\fine-code-coverage\\build-output\\UnitTests.dll","CodeFilePath":null,"LineNumber":0,"Properties":[]},"Attachments":[],"Outcome":1,"ErrorMessage":null,"ErrorStackTrace":null,"DisplayName":"UnitTests.levelTests.PlayFrameLevelTests.GeneratePaths_ValidInput_path_num_player_num_3_1","Messages":[],"ComputerName":"LAPTOP-6UOKFPRI","Duration":"00:00:00.0014150","StartTime":"2024-04-29T15:06:19.0319442+00:00","EndTime":"2024-04-29T15:06:19.0319444+00:00","Properties":[]},{"TestCase":{"Id":"c997a28d-f30f-1769-7e7f-8f5401701798","FullyQualifiedName":"UnitTests.levelTests.PlayFrameLevelTests.GeneratePaths_ValidInput_path_num_player_num_3","DisplayName":"UnitTests.levelTests.PlayFrameLevelTests.GeneratePaths_ValidInput_path_num_player_num_3","ExecutorUri":"executor://xunit/VsTestRunner2/netcoreapp","Source":"C:\\Users\\ValMe\\Documents\\GitHub\\DP_BUJ0034\\UnitTests\\bin\\Debug\\net7.0\\fine-code-coverage\\build-output\\UnitTests.dll","CodeFilePath":null,"LineNumber":0,"Properties":[]},"Attachments":[],"Outcome":1,"ErrorMessage":null,"ErrorStackTrace":null,"DisplayName":"UnitTests.levelTests.PlayFrameLevelTests.GeneratePaths_ValidInput_path_num_player_num_3","Messages":[],"ComputerName":"LAPTOP-6UOKFPRI","Duration":"00:00:00.0017657","StartTime":"2024-04-29T15:06:19.0360988+00:00","EndTime":"2024-04-29T15:06:19.0360989+00:00","Properties":[]},{"TestCase":{"Id":"ae3533d3-a6b7-33d0-d1ac-e3b4931187fc","FullyQualifiedName":"UnitTests.levelTests.PlayFrameLevelTests.GeneratePaths_ValidInput_path_num_player_num_1","DisplayName":"UnitTests.levelTests.PlayFrameLevelTests.GeneratePaths_ValidInput_path_num_player_num_1","ExecutorUri":"executor://xunit/VsTestRunner2/netcoreapp","Source":"C:\\Users\\ValMe\\Documents\\GitHub\\DP_BUJ0034\\UnitTests\\bin\\Debug\\net7.0\\fine-code-coverage\\build-output\\UnitTests.dll","CodeFilePath":null,"LineNumber":0,"Properties":[]},"Attachments":[],"Outcome":1,"ErrorMessage":null,"ErrorStackTrace":null,"DisplayName":"UnitTests.levelTests.PlayFrameLevelTests.GeneratePaths_ValidInput_path_num_player_num_1","Messages":[],"ComputerName":"LAPTOP-6UOKFPRI","Duration":"00:00:00.0016849","StartTime":"2024-04-29T15:06:19.0405129+00:00","EndTime":"2024-04-29T15:06:19.040513+00:00","Properties":[]},{"TestCase":{"Id":"0dfa4ef0-9a6e-35e6-04e5-adbc1161197d","FullyQualifiedName":"UnitTests.levelTests.GenratorTests.GeneratedPathStartEnd_2","DisplayName":"UnitTests.levelTests.GenratorTests.GeneratedPathStartEnd_2","ExecutorUri":"executor://xunit/VsTestRunner2/netcoreapp","Source":"C:\\Users\\ValMe\\Documents\\GitHub\\DP_BUJ0034\\UnitTests\\bin\\Debug\\net7.0\\fine-code-coverage\\build-output\\UnitTests.dll","CodeFilePath":null,"LineNumber":0,"Properties":[]},"Attachments":[],"Outcome":1,"ErrorMessage":null,"ErrorStackTrace":null,"DisplayName":"UnitTests.levelTests.GenratorTests.GeneratedPathStartEnd_2","Messages":[],"ComputerName":"LAPTOP-6UOKFPRI","Duration":"00:00:00.0124157","StartTime":"2024-04-29T15:06:19.0424812+00:00","EndTime":"2024-04-29T15:06:19.0424813+00:00","Properties":[]},{"TestCase":{"Id":"ff86cf96-58f9-e91c-6ced-ee3756c2d0ca","FullyQualifiedName":"UnitTests.levelTests.GenratorTests.Generator_Init_1","DisplayName":"UnitTests.levelTests.GenratorTests.Generator_Init_1","ExecutorUri":"executor://xunit/VsTestRunner2/netcoreapp","Source":"C:\\Users\\ValMe\\Documents\\GitHub\\DP_BUJ0034\\UnitTests\\bin\\Debug\\net7.0\\fine-code-coverage\\build-output\\UnitTests.dll","CodeFilePath":null,"LineNumber":0,"Properties":[]},"Attachments":[],"Outcome":1,"ErrorMessage":null,"ErrorStackTrace":null,"DisplayName":"UnitTests.levelTests.GenratorTests.Generator_Init_1","Messages":[],"ComputerName":"LAPTOP-6UOKFPRI","Duration":"00:00:00.0002797","StartTime":"2024-04-29T15:06:19.0461536+00:00","EndTime":"2024-04-29T15:06:19.0461538+00:00","Properties":[]},{"TestCase":{"Id":"f03c1064-1e54-2524-a7f7-d492675345d0","FullyQualifiedName":"UnitTests.levelTests.GenratorTests.GeneratedPath_Distance_2","DisplayName":"UnitTests.levelTests.GenratorTests.GeneratedPath_Distance_2","ExecutorUri":"executor://xunit/VsTestRunner2/netcoreapp","Source":"C:\\Users\\ValMe\\Documents\\GitHub\\DP_BUJ0034\\UnitTests\\bin\\Debug\\net7.0\\fine-code-coverage\\build-output\\UnitTests.dll","CodeFilePath":null,"LineNumber":0,"Properties":[]},"Attachments":[],"Outcome":1,"ErrorMessage":null,"ErrorStackTrace":null,"DisplayName":"UnitTests.levelTests.GenratorTests.GeneratedPath_Distance_2","Messages":[],"ComputerName":"LAPTOP-6UOKFPRI","Duration":"00:00:00.0010739","StartTime":"2024-04-29T15:06:19.052095+00:00","EndTime":"2024-04-29T15:06:19.0520952+00:00","Properties":[]},{"TestCase":{"Id":"60f0f02d-3bf2-6dd1-acc3-060d141b56c1","FullyQualifiedName":"UnitTests.levelTests.GenratorTests.GeneratedPathWithinBounds_1","DisplayName":"UnitTests.levelTests.GenratorTests.GeneratedPathWithinBounds_1","ExecutorUri":"executor://xunit/VsTestRunner2/netcoreapp","Source":"C:\\Users\\ValMe\\Documents\\GitHub\\DP_BUJ0034\\UnitTests\\bin\\Debug\\net7.0\\fine-code-coverage\\build-output\\UnitTests.dll","CodeFilePath":null,"LineNumber":0,"Properties":[]},"Attachments":[],"Outcome":1,"ErrorMessage":null,"ErrorStackTrace":null,"DisplayName":"UnitTests.levelTests.GenratorTests.GeneratedPathWithinBounds_1","Messages":[],"ComputerName":"LAPTOP-6UOKFPRI","Duration":"00:00:00.0010721","StartTime":"2024-04-29T15:06:19.0563258+00:00","EndTime":"2024-04-29T15:06:19.056326+00:00","Properties":[]}],"TestRunStatistics":{"ExecutedTests":35,"Stats":{"Passed":35}},"ActiveTests":[{"Id":"080cd43b-7968-869e-46f0-b34cafed8fc8","FullyQualifiedName":"UnitTests.levelTests.GenratorTests.GeneratedPathStartEnd_1","DisplayName":"UnitTests.levelTests.GenratorTests.GeneratedPathStartEnd_1","ExecutorUri":"executor://xunit/VsTestRunner2/netcoreapp","Source":"C:\\Users\\ValMe\\Documents\\GitHub\\DP_BUJ0034\\UnitTests\\bin\\Debug\\net7.0\\fine-code-coverage\\build-output\\UnitTests.dll","CodeFilePath":null,"LineNumber":0,"Properties":[]}]}}
TpTrace Verbose: 0 : 24388, 13, 2024/04/29, 17:06:19.060, 3469996376355, vstest.console.dll, TestRunRequest:SendTestRunStatsChange: Starting.
TpTrace Verbose: 0 : 24388, 13, 2024/04/29, 17:06:19.060, 3469996377384, vstest.console.dll, InProgress is UnitTests.levelTests.GenratorTests.GeneratedPathStartEnd_1
TpTrace Verbose: 0 : 24388, 13, 2024/04/29, 17:06:19.060, 3469996378196, vstest.console.dll, MulticastDelegateUtilities.SafeInvoke: TestRun.RunStatsChanged: Invoking callbacks was skipped because there are no subscribers.
TpTrace Information: 0 : 24388, 13, 2024/04/29, 17:06:19.060, 3469996378887, vstest.console.dll, TestRunRequest:SendTestRunStatsChange: Completed.
TpTrace Verbose: 0 : 24388, 4, 2024/04/29, 17:06:19.060, 3469996379279, vstest.console.dll, MulticastDelegateUtilities.SafeInvoke: InternalTestLoggerEvents.SendTestResult: Invoking callback 1/1 for Microsoft.VisualStudio.TestPlatform.CommandLine.Internal.ConsoleLogger., took 0 ms.
TpTrace Verbose: 0 : 24388, 13, 2024/04/29, 17:06:19.060, 3469996379504, vstest.console.dll, MulticastDelegateUtilities.SafeInvoke: LengthPrefixCommunicationChannel: MessageReceived: Invoking callback 1/1 for Microsoft.VisualStudio.TestPlatform.CommunicationUtilities.TestRequestSender+<>c__DisplayClass34_0., took 1 ms.
TpTrace Verbose: 0 : 24388, 4, 2024/04/29, 17:06:19.061, 3469996380346, vstest.console.dll, MulticastDelegateUtilities.SafeInvoke: InternalTestLoggerEvents.SendTestResult: Invoking callback 1/1 for Microsoft.VisualStudio.TestPlatform.CommandLine.Internal.ConsoleLogger., took 0 ms.
TpTrace Verbose: 0 : 24388, 13, 2024/04/29, 17:06:19.061, 3469996381194, vstest.console.dll, TcpClientExtensions.MessageLoopAsync: Polling on remoteEndPoint: 127.0.0.1:57600 localEndPoint: 127.0.0.1:57599 after 38 ms
TpTrace Verbose: 0 : 24388, 4, 2024/04/29, 17:06:19.061, 3469996382131, vstest.console.dll, MulticastDelegateUtilities.SafeInvoke: InternalTestLoggerEvents.SendTestResult: Invoking callback 1/1 for Microsoft.VisualStudio.TestPlatform.CommandLine.Internal.ConsoleLogger., took 0 ms.
TpTrace Verbose: 0 : 24388, 4, 2024/04/29, 17:06:19.061, 3469996382810, vstest.console.dll, MulticastDelegateUtilities.SafeInvoke: InternalTestLoggerEvents.SendTestResult: Invoking callback 1/1 for Microsoft.VisualStudio.TestPlatform.CommandLine.Internal.ConsoleLogger., took 0 ms.
TpTrace Verbose: 0 : 24388, 4, 2024/04/29, 17:06:19.061, 3469996383490, vstest.console.dll, MulticastDelegateUtilities.SafeInvoke: InternalTestLoggerEvents.SendTestResult: Invoking callback 1/1 for Microsoft.VisualStudio.TestPlatform.CommandLine.Internal.ConsoleLogger., took 0 ms.
TpTrace Verbose: 0 : 24388, 4, 2024/04/29, 17:06:19.061, 3469996384046, vstest.console.dll, MulticastDelegateUtilities.SafeInvoke: InternalTestLoggerEvents.SendTestResult: Invoking callback 1/1 for Microsoft.VisualStudio.TestPlatform.CommandLine.Internal.ConsoleLogger., took 0 ms.
TpTrace Verbose: 0 : 24388, 4, 2024/04/29, 17:06:19.061, 3469996384554, vstest.console.dll, MulticastDelegateUtilities.SafeInvoke: InternalTestLoggerEvents.SendTestResult: Invoking callback 1/1 for Microsoft.VisualStudio.TestPlatform.CommandLine.Internal.ConsoleLogger., took 0 ms.
TpTrace Verbose: 0 : 24388, 4, 2024/04/29, 17:06:19.061, 3469996385056, vstest.console.dll, MulticastDelegateUtilities.SafeInvoke: InternalTestLoggerEvents.SendTestResult: Invoking callback 1/1 for Microsoft.VisualStudio.TestPlatform.CommandLine.Internal.ConsoleLogger., took 0 ms.
TpTrace Verbose: 0 : 24388, 4, 2024/04/29, 17:06:19.061, 3469996385582, vstest.console.dll, MulticastDelegateUtilities.SafeInvoke: InternalTestLoggerEvents.SendTestResult: Invoking callback 1/1 for Microsoft.VisualStudio.TestPlatform.CommandLine.Internal.ConsoleLogger., took 0 ms.
TpTrace Verbose: 0 : 24388, 13, 2024/04/29, 17:06:19.080, 3469996578402, vstest.console.dll, TcpClientExtensions.MessageLoopAsync: NotifyDataAvailable remoteEndPoint: 127.0.0.1:57600 localEndPoint: 127.0.0.1:57599
TpTrace Verbose: 0 : 24388, 13, 2024/04/29, 17:06:19.081, 3469996581158, vstest.console.dll, TestRequestSender.OnExecutionMessageReceived: Received message: {"Version":7,"MessageType":"TestSession.Message","Payload":{"MessageLevel":2,"Message":"[xUnit.net 00:00:01.29]     UnitTests.EngineTests.PlayframeTestsEngine.Plaframe_MoveBy_Path [FAIL]"}}
TpTrace Verbose: 0 : 24388, 13, 2024/04/29, 17:06:19.081, 3469996583332, vstest.console.dll, TestRunRequest:SendTestRunMessage: Starting.
TpTrace Verbose: 0 : 24388, 13, 2024/04/29, 17:06:19.081, 3469996584706, vstest.console.dll, MulticastDelegateUtilities.SafeInvoke: TestRun.LogMessages: Invoking callback 1/1 for Microsoft.VisualStudio.TestPlatform.CommandLine.TestRunResultAggregator., took 0 ms.
TpTrace Information: 0 : 24388, 13, 2024/04/29, 17:06:19.081, 3469996585900, vstest.console.dll, TestRunRequest:SendTestRunMessage: Completed.
TpTrace Verbose: 0 : 24388, 13, 2024/04/29, 17:06:19.081, 3469996586779, vstest.console.dll, MulticastDelegateUtilities.SafeInvoke: LengthPrefixCommunicationChannel: MessageReceived: Invoking callback 1/1 for Microsoft.VisualStudio.TestPlatform.CommunicationUtilities.TestRequestSender+<>c__DisplayClass34_0., took 0 ms.
TpTrace Verbose: 0 : 24388, 13, 2024/04/29, 17:06:19.081, 3469996587715, vstest.console.dll, TcpClientExtensions.MessageLoopAsync: Polling on remoteEndPoint: 127.0.0.1:57600 localEndPoint: 127.0.0.1:57599 after 20 ms
TpTrace Verbose: 0 : 24388, 4, 2024/04/29, 17:06:19.081, 3469996587742, vstest.console.dll, MulticastDelegateUtilities.SafeInvoke: InternalTestLoggerEvents.SendTestRunMessage: Invoking callback 1/1 for Microsoft.VisualStudio.TestPlatform.CommandLine.Internal.ConsoleLogger., took 0 ms.
TpTrace Verbose: 0 : 24388, 13, 2024/04/29, 17:06:19.082, 3469996595829, vstest.console.dll, TcpClientExtensions.MessageLoopAsync: NotifyDataAvailable remoteEndPoint: 127.0.0.1:57600 localEndPoint: 127.0.0.1:57599
TpTrace Verbose: 0 : 24388, 13, 2024/04/29, 17:06:19.082, 3469996597885, vstest.console.dll, TestRequestSender.OnExecutionMessageReceived: Received message: {"Version":7,"MessageType":"TestSession.Message","Payload":{"MessageLevel":0,"Message":"[xUnit.net 00:00:01.29]       Assert.True() Failure"}}
TpTrace Verbose: 0 : 24388, 13, 2024/04/29, 17:06:19.082, 3469996600131, vstest.console.dll, TestRunRequest:SendTestRunMessage: Starting.
TpTrace Verbose: 0 : 24388, 13, 2024/04/29, 17:06:19.083, 3469996601639, vstest.console.dll, MulticastDelegateUtilities.SafeInvoke: TestRun.LogMessages: Invoking callback 1/1 for Microsoft.VisualStudio.TestPlatform.CommandLine.TestRunResultAggregator., took 0 ms.
TpTrace Verbose: 0 : 24388, 4, 2024/04/29, 17:06:19.083, 3469996601865, vstest.console.dll, MulticastDelegateUtilities.SafeInvoke: InternalTestLoggerEvents.SendTestRunMessage: Invoking callback 1/1 for Microsoft.VisualStudio.TestPlatform.CommandLine.Internal.ConsoleLogger., took 0 ms.
TpTrace Information: 0 : 24388, 13, 2024/04/29, 17:06:19.083, 3469996602191, vstest.console.dll, TestRunRequest:SendTestRunMessage: Completed.
TpTrace Verbose: 0 : 24388, 13, 2024/04/29, 17:06:19.083, 3469996603882, vstest.console.dll, MulticastDelegateUtilities.SafeInvoke: LengthPrefixCommunicationChannel: MessageReceived: Invoking callback 1/1 for Microsoft.VisualStudio.TestPlatform.CommunicationUtilities.TestRequestSender+<>c__DisplayClass34_0., took 0 ms.
TpTrace Verbose: 0 : 24388, 13, 2024/04/29, 17:06:19.083, 3469996604362, vstest.console.dll, TcpClientExtensions.MessageLoopAsync: Polling on remoteEndPoint: 127.0.0.1:57600 localEndPoint: 127.0.0.1:57599 after 1 ms
TpTrace Verbose: 0 : 24388, 13, 2024/04/29, 17:06:19.083, 3469996605000, vstest.console.dll, TcpClientExtensions.MessageLoopAsync: NotifyDataAvailable remoteEndPoint: 127.0.0.1:57600 localEndPoint: 127.0.0.1:57599
TpTrace Verbose: 0 : 24388, 13, 2024/04/29, 17:06:19.083, 3469996606051, vstest.console.dll, TestRequestSender.OnExecutionMessageReceived: Received message: {"Version":7,"MessageType":"TestSession.Message","Payload":{"MessageLevel":0,"Message":"[xUnit.net 00:00:01.29]       Expected: True"}}
TpTrace Verbose: 0 : 24388, 13, 2024/04/29, 17:06:19.083, 3469996607562, vstest.console.dll, TestRunRequest:SendTestRunMessage: Starting.
TpTrace Verbose: 0 : 24388, 13, 2024/04/29, 17:06:19.083, 3469996609421, vstest.console.dll, MulticastDelegateUtilities.SafeInvoke: TestRun.LogMessages: Invoking callback 1/1 for Microsoft.VisualStudio.TestPlatform.CommandLine.TestRunResultAggregator., took 0 ms.
TpTrace Verbose: 0 : 24388, 4, 2024/04/29, 17:06:19.083, 3469996609635, vstest.console.dll, MulticastDelegateUtilities.SafeInvoke: InternalTestLoggerEvents.SendTestRunMessage: Invoking callback 1/1 for Microsoft.VisualStudio.TestPlatform.CommandLine.Internal.ConsoleLogger., took 0 ms.
TpTrace Information: 0 : 24388, 13, 2024/04/29, 17:06:19.083, 3469996610109, vstest.console.dll, TestRunRequest:SendTestRunMessage: Completed.
TpTrace Verbose: 0 : 24388, 13, 2024/04/29, 17:06:19.084, 3469996611284, vstest.console.dll, MulticastDelegateUtilities.SafeInvoke: LengthPrefixCommunicationChannel: MessageReceived: Invoking callback 1/1 for Microsoft.VisualStudio.TestPlatform.CommunicationUtilities.TestRequestSender+<>c__DisplayClass34_0., took 0 ms.
TpTrace Verbose: 0 : 24388, 13, 2024/04/29, 17:06:19.084, 3469996611859, vstest.console.dll, TcpClientExtensions.MessageLoopAsync: Polling on remoteEndPoint: 127.0.0.1:57600 localEndPoint: 127.0.0.1:57599 after 0 ms
TpTrace Verbose: 0 : 24388, 13, 2024/04/29, 17:06:19.084, 3469996612604, vstest.console.dll, TcpClientExtensions.MessageLoopAsync: NotifyDataAvailable remoteEndPoint: 127.0.0.1:57600 localEndPoint: 127.0.0.1:57599
TpTrace Verbose: 0 : 24388, 13, 2024/04/29, 17:06:19.084, 3469996613606, vstest.console.dll, TestRequestSender.OnExecutionMessageReceived: Received message: {"Version":7,"MessageType":"TestSession.Message","Payload":{"MessageLevel":0,"Message":"[xUnit.net 00:00:01.29]       Actual:   False"}}
TpTrace Verbose: 0 : 24388, 13, 2024/04/29, 17:06:19.084, 3469996615358, vstest.console.dll, TestRunRequest:SendTestRunMessage: Starting.
TpTrace Verbose: 0 : 24388, 13, 2024/04/29, 17:06:19.084, 3469996616482, vstest.console.dll, MulticastDelegateUtilities.SafeInvoke: TestRun.LogMessages: Invoking callback 1/1 for Microsoft.VisualStudio.TestPlatform.CommandLine.TestRunResultAggregator., took 0 ms.
TpTrace Verbose: 0 : 24388, 4, 2024/04/29, 17:06:19.084, 3469996616672, vstest.console.dll, MulticastDelegateUtilities.SafeInvoke: InternalTestLoggerEvents.SendTestRunMessage: Invoking callback 1/1 for Microsoft.VisualStudio.TestPlatform.CommandLine.Internal.ConsoleLogger., took 0 ms.
TpTrace Information: 0 : 24388, 13, 2024/04/29, 17:06:19.084, 3469996617160, vstest.console.dll, TestRunRequest:SendTestRunMessage: Completed.
TpTrace Verbose: 0 : 24388, 13, 2024/04/29, 17:06:19.084, 3469996618283, vstest.console.dll, MulticastDelegateUtilities.SafeInvoke: LengthPrefixCommunicationChannel: MessageReceived: Invoking callback 1/1 for Microsoft.VisualStudio.TestPlatform.CommunicationUtilities.TestRequestSender+<>c__DisplayClass34_0., took 0 ms.
TpTrace Verbose: 0 : 24388, 13, 2024/04/29, 17:06:19.084, 3469996618825, vstest.console.dll, TcpClientExtensions.MessageLoopAsync: Polling on remoteEndPoint: 127.0.0.1:57600 localEndPoint: 127.0.0.1:57599 after 0 ms
TpTrace Verbose: 0 : 24388, 13, 2024/04/29, 17:06:19.085, 3469996621164, vstest.console.dll, TcpClientExtensions.MessageLoopAsync: NotifyDataAvailable remoteEndPoint: 127.0.0.1:57600 localEndPoint: 127.0.0.1:57599
TpTrace Verbose: 0 : 24388, 13, 2024/04/29, 17:06:19.085, 3469996622060, vstest.console.dll, TestRequestSender.OnExecutionMessageReceived: Received message: {"Version":7,"MessageType":"TestSession.Message","Payload":{"MessageLevel":0,"Message":"[xUnit.net 00:00:01.29]       Stack Trace:"}}
TpTrace Verbose: 0 : 24388, 13, 2024/04/29, 17:06:19.085, 3469996623538, vstest.console.dll, TestRunRequest:SendTestRunMessage: Starting.
TpTrace Verbose: 0 : 24388, 13, 2024/04/29, 17:06:19.085, 3469996624721, vstest.console.dll, MulticastDelegateUtilities.SafeInvoke: TestRun.LogMessages: Invoking callback 1/1 for Microsoft.VisualStudio.TestPlatform.CommandLine.TestRunResultAggregator., took 0 ms.
TpTrace Information: 0 : 24388, 13, 2024/04/29, 17:06:19.085, 3469996625269, vstest.console.dll, TestRunRequest:SendTestRunMessage: Completed.
TpTrace Verbose: 0 : 24388, 4, 2024/04/29, 17:06:19.085, 3469996624958, vstest.console.dll, MulticastDelegateUtilities.SafeInvoke: InternalTestLoggerEvents.SendTestRunMessage: Invoking callback 1/1 for Microsoft.VisualStudio.TestPlatform.CommandLine.Internal.ConsoleLogger., took 0 ms.
TpTrace Verbose: 0 : 24388, 13, 2024/04/29, 17:06:19.085, 3469996625770, vstest.console.dll, MulticastDelegateUtilities.SafeInvoke: LengthPrefixCommunicationChannel: MessageReceived: Invoking callback 1/1 for Microsoft.VisualStudio.TestPlatform.CommunicationUtilities.TestRequestSender+<>c__DisplayClass34_0., took 0 ms.
TpTrace Verbose: 0 : 24388, 13, 2024/04/29, 17:06:19.085, 3469996626805, vstest.console.dll, TcpClientExtensions.MessageLoopAsync: Polling on remoteEndPoint: 127.0.0.1:57600 localEndPoint: 127.0.0.1:57599 after 0 ms
TpTrace Verbose: 0 : 24388, 13, 2024/04/29, 17:06:19.086, 3469996634997, vstest.console.dll, TcpClientExtensions.MessageLoopAsync: NotifyDataAvailable remoteEndPoint: 127.0.0.1:57600 localEndPoint: 127.0.0.1:57599
TpTrace Verbose: 0 : 24388, 13, 2024/04/29, 17:06:19.086, 3469996637136, vstest.console.dll, TestRequestSender.OnExecutionMessageReceived: Received message: {"Version":7,"MessageType":"TestSession.Message","Payload":{"MessageLevel":0,"Message":"[xUnit.net 00:00:01.29]         C:\\Users\\ValMe\\Documents\\GitHub\\DP_BUJ0034\\UnitTests\\EngineTests\\PlayframeTestsEngine.cs(89,0): at UnitTests.EngineTests.PlayframeTestsEngine.Plaframe_MoveBy_Path()"}}
TpTrace Verbose: 0 : 24388, 13, 2024/04/29, 17:06:19.089, 3469996668047, vstest.console.dll, TestRunRequest:SendTestRunMessage: Starting.
TpTrace Verbose: 0 : 24388, 13, 2024/04/29, 17:06:19.090, 3469996670553, vstest.console.dll, MulticastDelegateUtilities.SafeInvoke: TestRun.LogMessages: Invoking callback 1/1 for Microsoft.VisualStudio.TestPlatform.CommandLine.TestRunResultAggregator., took 0 ms.
TpTrace Verbose: 0 : 24388, 4, 2024/04/29, 17:06:19.090, 3469996670658, vstest.console.dll, MulticastDelegateUtilities.SafeInvoke: InternalTestLoggerEvents.SendTestRunMessage: Invoking callback 1/1 for Microsoft.VisualStudio.TestPlatform.CommandLine.Internal.ConsoleLogger., took 0 ms.
TpTrace Information: 0 : 24388, 13, 2024/04/29, 17:06:19.090, 3469996671207, vstest.console.dll, TestRunRequest:SendTestRunMessage: Completed.
TpTrace Verbose: 0 : 24388, 13, 2024/04/29, 17:06:19.090, 3469996672583, vstest.console.dll, MulticastDelegateUtilities.SafeInvoke: LengthPrefixCommunicationChannel: MessageReceived: Invoking callback 1/1 for Microsoft.VisualStudio.TestPlatform.CommunicationUtilities.TestRequestSender+<>c__DisplayClass34_0., took 3 ms.
TpTrace Verbose: 0 : 24388, 13, 2024/04/29, 17:06:19.090, 3469996673008, vstest.console.dll, TcpClientExtensions.MessageLoopAsync: Polling on remoteEndPoint: 127.0.0.1:57600 localEndPoint: 127.0.0.1:57599 after 4 ms
TpTrace Verbose: 0 : 24388, 13, 2024/04/29, 17:06:19.090, 3469996673594, vstest.console.dll, TcpClientExtensions.MessageLoopAsync: NotifyDataAvailable remoteEndPoint: 127.0.0.1:57600 localEndPoint: 127.0.0.1:57599
TpTrace Verbose: 0 : 24388, 13, 2024/04/29, 17:06:19.090, 3469996674425, vstest.console.dll, TestRequestSender.OnExecutionMessageReceived: Received message: {"Version":7,"MessageType":"TestSession.Message","Payload":{"MessageLevel":0,"Message":"[xUnit.net 00:00:01.29]            at System.RuntimeMethodHandle.InvokeMethod(Object target, Void** arguments, Signature sig, Boolean isConstructor)"}}
TpTrace Verbose: 0 : 24388, 13, 2024/04/29, 17:06:19.090, 3469996675778, vstest.console.dll, TestRunRequest:SendTestRunMessage: Starting.
TpTrace Verbose: 0 : 24388, 13, 2024/04/29, 17:06:19.090, 3469996676526, vstest.console.dll, MulticastDelegateUtilities.SafeInvoke: TestRun.LogMessages: Invoking callback 1/1 for Microsoft.VisualStudio.TestPlatform.CommandLine.TestRunResultAggregator., took 0 ms.
TpTrace Information: 0 : 24388, 13, 2024/04/29, 17:06:19.090, 3469996676953, vstest.console.dll, TestRunRequest:SendTestRunMessage: Completed.
TpTrace Verbose: 0 : 24388, 13, 2024/04/29, 17:06:19.090, 3469996677311, vstest.console.dll, MulticastDelegateUtilities.SafeInvoke: LengthPrefixCommunicationChannel: MessageReceived: Invoking callback 1/1 for Microsoft.VisualStudio.TestPlatform.CommunicationUtilities.TestRequestSender+<>c__DisplayClass34_0., took 0 ms.
TpTrace Verbose: 0 : 24388, 13, 2024/04/29, 17:06:19.090, 3469996677710, vstest.console.dll, TcpClientExtensions.MessageLoopAsync: Polling on remoteEndPoint: 127.0.0.1:57600 localEndPoint: 127.0.0.1:57599 after 0 ms
TpTrace Verbose: 0 : 24388, 4, 2024/04/29, 17:06:19.090, 3469996676646, vstest.console.dll, MulticastDelegateUtilities.SafeInvoke: InternalTestLoggerEvents.SendTestRunMessage: Invoking callback 1/1 for Microsoft.VisualStudio.TestPlatform.CommandLine.Internal.ConsoleLogger., took 0 ms.
TpTrace Verbose: 0 : 24388, 13, 2024/04/29, 17:06:19.090, 3469996678220, vstest.console.dll, TcpClientExtensions.MessageLoopAsync: NotifyDataAvailable remoteEndPoint: 127.0.0.1:57600 localEndPoint: 127.0.0.1:57599
TpTrace Verbose: 0 : 24388, 13, 2024/04/29, 17:06:19.090, 3469996679260, vstest.console.dll, TestRequestSender.OnExecutionMessageReceived: Received message: {"Version":7,"MessageType":"TestSession.Message","Payload":{"MessageLevel":0,"Message":"[xUnit.net 00:00:01.29]            at System.Reflection.MethodInvoker.Invoke(Object obj, IntPtr* args, BindingFlags invokeAttr)"}}
TpTrace Verbose: 0 : 24388, 13, 2024/04/29, 17:06:19.091, 3469996680365, vstest.console.dll, TestRunRequest:SendTestRunMessage: Starting.
TpTrace Verbose: 0 : 24388, 13, 2024/04/29, 17:06:19.091, 3469996681011, vstest.console.dll, MulticastDelegateUtilities.SafeInvoke: TestRun.LogMessages: Invoking callback 1/1 for Microsoft.VisualStudio.TestPlatform.CommandLine.TestRunResultAggregator., took 0 ms.
TpTrace Verbose: 0 : 24388, 4, 2024/04/29, 17:06:19.091, 3469996681259, vstest.console.dll, MulticastDelegateUtilities.SafeInvoke: InternalTestLoggerEvents.SendTestRunMessage: Invoking callback 1/1 for Microsoft.VisualStudio.TestPlatform.CommandLine.Internal.ConsoleLogger., took 0 ms.
TpTrace Information: 0 : 24388, 13, 2024/04/29, 17:06:19.091, 3469996681358, vstest.console.dll, TestRunRequest:SendTestRunMessage: Completed.
TpTrace Verbose: 0 : 24388, 13, 2024/04/29, 17:06:19.091, 3469996682368, vstest.console.dll, MulticastDelegateUtilities.SafeInvoke: LengthPrefixCommunicationChannel: MessageReceived: Invoking callback 1/1 for Microsoft.VisualStudio.TestPlatform.CommunicationUtilities.TestRequestSender+<>c__DisplayClass34_0., took 0 ms.
TpTrace Verbose: 0 : 24388, 13, 2024/04/29, 17:06:19.091, 3469996682722, vstest.console.dll, TcpClientExtensions.MessageLoopAsync: Polling on remoteEndPoint: 127.0.0.1:57600 localEndPoint: 127.0.0.1:57599 after 0 ms
TpTrace Verbose: 0 : 24388, 13, 2024/04/29, 17:06:19.110, 3469996874118, vstest.console.dll, TcpClientExtensions.MessageLoopAsync: NotifyDataAvailable remoteEndPoint: 127.0.0.1:57600 localEndPoint: 127.0.0.1:57599
TpTrace Verbose: 0 : 24388, 13, 2024/04/29, 17:06:19.110, 3469996876996, vstest.console.dll, TestRequestSender.OnExecutionMessageReceived: Received message: {"Version":7,"MessageType":"TestExecution.StatsChange","Payload":{"NewTestResults":[{"TestCase":{"Id":"080cd43b-7968-869e-46f0-b34cafed8fc8","FullyQualifiedName":"UnitTests.levelTests.GenratorTests.GeneratedPathStartEnd_1","DisplayName":"UnitTests.levelTests.GenratorTests.GeneratedPathStartEnd_1","ExecutorUri":"executor://xunit/VsTestRunner2/netcoreapp","Source":"C:\\Users\\ValMe\\Documents\\GitHub\\DP_BUJ0034\\UnitTests\\bin\\Debug\\net7.0\\fine-code-coverage\\build-output\\UnitTests.dll","CodeFilePath":null,"LineNumber":0,"Properties":[]},"Attachments":[],"Outcome":1,"ErrorMessage":null,"ErrorStackTrace":null,"DisplayName":"UnitTests.levelTests.GenratorTests.GeneratedPathStartEnd_1","Messages":[],"ComputerName":"LAPTOP-6UOKFPRI","Duration":"00:00:00.0011406","StartTime":"2024-04-29T15:06:19.0609753+00:00","EndTime":"2024-04-29T15:06:19.0609754+00:00","Properties":[]},{"TestCase":{"Id":"523e85b9-62be-027f-d3c8-5ebdb26e7a48","FullyQualifiedName":"UnitTests.uiTests.LSUITests.TestNumOfStarsOutOfRange","DisplayName":"UnitTests.uiTests.LSUITests.TestNumOfStarsOutOfRange","ExecutorUri":"executor://xunit/VsTestRunner2/netcoreapp","Source":"C:\\Users\\ValMe\\Documents\\GitHub\\DP_BUJ0034\\UnitTests\\bin\\Debug\\net7.0\\fine-code-coverage\\build-output\\UnitTests.dll","CodeFilePath":null,"LineNumber":0,"Properties":[]},"Attachments":[],"Outcome":1,"ErrorMessage":null,"ErrorStackTrace":null,"DisplayName":"UnitTests.uiTests.LSUITests.TestNumOfStarsOutOfRange","Messages":[],"ComputerName":"LAPTOP-6UOKFPRI","Duration":"00:00:00.0614661","StartTime":"2024-04-29T15:06:19.0660751+00:00","EndTime":"2024-04-29T15:06:19.0660752+00:00","Properties":[]},{"TestCase":{"Id":"2f81a236-9624-9ffe-120d-d77ead6f45a3","FullyQualifiedName":"UnitTests.uiTests.LSUITests.CheckClicks","DisplayName":"UnitTests.uiTests.LSUITests.CheckClicks","ExecutorUri":"executor://xunit/VsTestRunner2/netcoreapp","Source":"C:\\Users\\ValMe\\Documents\\GitHub\\DP_BUJ0034\\UnitTests\\bin\\Debug\\net7.0\\fine-code-coverage\\build-output\\UnitTests.dll","CodeFilePath":null,"LineNumber":0,"Properties":[]},"Attachments":[],"Outcome":1,"ErrorMessage":null,"ErrorStackTrace":null,"DisplayName":"UnitTests.uiTests.LSUITests.CheckClicks","Messages":[],"ComputerName":"LAPTOP-6UOKFPRI","Duration":"00:00:00.0182254","StartTime":"2024-04-29T15:06:19.0697902+00:00","EndTime":"2024-04-29T15:06:19.0697903+00:00","Properties":[]},{"TestCase":{"Id":"dbfc5af9-7158-0068-a3ad-0e178b234532","FullyQualifiedName":"UnitTests.uiTests.LSUITests.TestPocetCestOutOfRange","DisplayName":"UnitTests.uiTests.LSUITests.TestPocetCestOutOfRange","ExecutorUri":"executor://xunit/VsTestRunner2/netcoreapp","Source":"C:\\Users\\ValMe\\Documents\\GitHub\\DP_BUJ0034\\UnitTests\\bin\\Debug\\net7.0\\fine-code-coverage\\build-output\\UnitTests.dll","CodeFilePath":null,"LineNumber":0,"Properties":[]},"Attachments":[],"Outcome":1,"ErrorMessage":null,"ErrorStackTrace":null,"DisplayName":"UnitTests.uiTests.LSUITests.TestPocetCestOutOfRange","Messages":[],"ComputerName":"LAPTOP-6UOKFPRI","Duration":"00:00:00.0010090","StartTime":"2024-04-29T15:06:19.0740743+00:00","EndTime":"2024-04-29T15:06:19.0740744+00:00","Properties":[]},{"TestCase":{"Id":"1c1e02d7-11d8-aa41-f829-31e99c6ba26f","FullyQualifiedName":"UnitTests.EngineTests.PlayframeTestsEngine.Plaframe_MoveBy_Path","DisplayName":"UnitTests.EngineTests.PlayframeTestsEngine.Plaframe_MoveBy_Path","ExecutorUri":"executor://xunit/VsTestRunner2/netcoreapp","Source":"C:\\Users\\ValMe\\Documents\\GitHub\\DP_BUJ0034\\UnitTests\\bin\\Debug\\net7.0\\fine-code-coverage\\build-output\\UnitTests.dll","CodeFilePath":null,"LineNumber":0,"Properties":[]},"Attachments":[],"Outcome":2,"ErrorMessage":"Assert.True() Failure\r\nExpected: True\r\nActual:   False","ErrorStackTrace":"   at UnitTests.EngineTests.PlayframeTestsEngine.Plaframe_MoveBy_Path() in C:\\Users\\ValMe\\Documents\\GitHub\\DP_BUJ0034\\UnitTests\\EngineTests\\PlayframeTestsEngine.cs:line 89\r\n   at System.RuntimeMethodHandle.InvokeMethod(Object target, Void** arguments, Signature sig, Boolean isConstructor)\r\n   at System.Reflection.MethodInvoker.Invoke(Object obj, IntPtr* args, BindingFlags invokeAttr)","DisplayName":"UnitTests.EngineTests.PlayframeTestsEngine.Plaframe_MoveBy_Path","Messages":[],"ComputerName":"LAPTOP-6UOKFPRI","Duration":"00:00:00.0080461","StartTime":"2024-04-29T15:06:19.0881581+00:00","EndTime":"2024-04-29T15:06:19.0881588+00:00","Properties":[]},{"TestCase":{"Id":"148d92f0-0d1f-4795-f9c6-36b77a21c8a0","FullyQualifiedName":"UnitTests.uiTests.LSUITests.TestPocetCest","DisplayName":"UnitTests.uiTests.LSUITests.TestPocetCest","ExecutorUri":"executor://xunit/VsTestRunner2/netcoreapp","Source":"C:\\Users\\ValMe\\Documents\\GitHub\\DP_BUJ0034\\UnitTests\\bin\\Debug\\net7.0\\fine-code-coverage\\build-output\\UnitTests.dll","CodeFilePath":null,"LineNumber":0,"Properties":[]},"Attachments":[],"Outcome":1,"ErrorMessage":null,"ErrorStackTrace":null,"DisplayName":"UnitTests.uiTests.LSUITests.TestPocetCest","Messages":[],"ComputerName":"LAPTOP-6UOKFPRI","Duration":"00:00:00.0005919","StartTime":"2024-04-29T15:06:19.0955756+00:00","EndTime":"2024-04-29T15:06:19.0955758+00:00","Properties":[]},{"TestCase":{"Id":"0442867c-0b31-bfcd-5ae7-e7dd059d7c9e","FullyQualifiedName":"UnitTests.EngineTests.PlayframeTestsEngine.Plaframe_CountPercentage","DisplayName":"UnitTests.EngineTests.PlayframeTestsEngine.Plaframe_CountPercentage","ExecutorUri":"executor://xunit/VsTestRunner2/netcoreapp","Source":"C:\\Users\\ValMe\\Documents\\GitHub\\DP_BUJ0034\\UnitTests\\bin\\Debug\\net7.0\\fine-code-coverage\\build-output\\UnitTests.dll","CodeFilePath":null,"LineNumber":0,"Properties":[]},"Attachments":[],"Outcome":1,"ErrorMessage":null,"ErrorStackTrace":null,"DisplayName":"UnitTests.EngineTests.PlayframeTestsEngine.Plaframe_CountPercentage","Messages":[],"ComputerName":"LAPTOP-6UOKFPRI","Duration":"00:00:00.0012204","StartTime":"2024-04-29T15:06:19.0999343+00:00","EndTime":"2024-04-29T15:06:19.0999344+00:00","Properties":[]},{"TestCase":{"Id":"4df9bc5a-f875-9bf0-4f3b-e54c9d883a99","FullyQualifiedName":"UnitTests.uiTests.LSUITests.TestNumOfStars","DisplayName":"UnitTests.uiTests.LSUITests.TestNumOfStars","ExecutorUri":"executor://xunit/VsTestRunner2/netcoreapp","Source":"C:\\Users\\ValMe\\Documents\\GitHub\\DP_BUJ0034\\UnitTests\\bin\\Debug\\net7.0\\fine-code-coverage\\build-output\\UnitTests.dll","CodeFilePath":null,"LineNumber":0,"Properties":[]},"Attachments":[],"Outcome":1,"ErrorMessage":null,"ErrorStackTrace":null,"DisplayName":"UnitTests.uiTests.LSUITests.TestNumOfStars","Messages":[],"ComputerName":"LAPTOP-6UOKFPRI","Duration":"00:00:00.0006062","StartTime":"2024-04-29T15:06:19.1039385+00:00","EndTime":"2024-04-29T15:06:19.1039386+00:00","Properties":[]},{"TestCase":{"Id":"34000166-2e27-2998-c768-d23cdd2027af","FullyQualifiedName":"UnitTests.EngineTests.PlayframeTestsEngine.Plaframe_Running","DisplayName":"UnitTests.EngineTests.PlayframeTestsEngine.Plaframe_Running","ExecutorUri":"executor://xunit/VsTestRunner2/netcoreapp","Source":"C:\\Users\\ValMe\\Documents\\GitHub\\DP_BUJ0034\\UnitTests\\bin\\Debug\\net7.0\\fine-code-coverage\\build-output\\UnitTests.dll","CodeFilePath":null,"LineNumber":0,"Properties":[]},"Attachments":[],"Outcome":1,"ErrorMessage":null,"ErrorStackTrace":null,"DisplayName":"UnitTests.EngineTests.PlayframeTestsEngine.Plaframe_Running","Messages":[],"ComputerName":"LAPTOP-6UOKFPRI","Duration":"00:00:00.0021527","StartTime":"2024-04-29T15:06:19.1059096+00:00","EndTime":"2024-04-29T15:06:19.1059097+00:00","Properties":[]},{"TestCase":{"Id":"bb16f5c0-4b10-0f48-84ef-aadc016ed9d4","FullyQualifiedName":"UnitTests.uiTests.SLUItest.AddStarOrLockImage_WhenUnlockAtGreaterThanCompleteScore_AddsLockImage","DisplayName":"UnitTests.uiTests.SLUItest.AddStarOrLockImage_WhenUnlockAtGreaterThanCompleteScore_AddsLockImage","ExecutorUri":"executor://xunit/VsTestRunner2/netcoreapp","Source":"C:\\Users\\ValMe\\Documents\\GitHub\\DP_BUJ0034\\UnitTests\\bin\\Debug\\net7.0\\fine-code-coverage\\build-output\\UnitTests.dll","CodeFilePath":null,"LineNumber":0,"Properties":[]},"Attachments":[],"Outcome":1,"ErrorMessage":null,"ErrorStackTrace":null,"DisplayName":"UnitTests.uiTests.SLUItest.AddStarOrLockImage_WhenUnlockAtGreaterThanCompleteScore_AddsLockImage","Messages":[],"ComputerName":"LAPTOP-6UOKFPRI","Duration":"00:00:00.1051112","StartTime":"2024-04-29T15:06:19.1078478+00:00","EndTime":"2024-04-29T15:06:19.107848+00:00","Properties":[]}],"TestRunStatistics":{"ExecutedTests":45,"Stats":{"Passed":44,"Failed":1}},"ActiveTests":[]}}
TpTrace Verbose: 0 : 24388, 13, 2024/04/29, 17:06:19.112, 3469996890870, vstest.console.dll, TestRunRequest:SendTestRunStatsChange: Starting.
TpTrace Verbose: 0 : 24388, 13, 2024/04/29, 17:06:19.112, 3469996893377, vstest.console.dll, MulticastDelegateUtilities.SafeInvoke: TestRun.RunStatsChanged: Invoking callbacks was skipped because there are no subscribers.
TpTrace Information: 0 : 24388, 13, 2024/04/29, 17:06:19.112, 3469996893984, vstest.console.dll, TestRunRequest:SendTestRunStatsChange: Completed.
TpTrace Verbose: 0 : 24388, 4, 2024/04/29, 17:06:19.112, 3469996894241, vstest.console.dll, MulticastDelegateUtilities.SafeInvoke: InternalTestLoggerEvents.SendTestResult: Invoking callback 1/1 for Microsoft.VisualStudio.TestPlatform.CommandLine.Internal.ConsoleLogger., took 0 ms.
TpTrace Verbose: 0 : 24388, 13, 2024/04/29, 17:06:19.112, 3469996894403, vstest.console.dll, MulticastDelegateUtilities.SafeInvoke: LengthPrefixCommunicationChannel: MessageReceived: Invoking callback 1/1 for Microsoft.VisualStudio.TestPlatform.CommunicationUtilities.TestRequestSender+<>c__DisplayClass34_0., took 1 ms.
TpTrace Verbose: 0 : 24388, 4, 2024/04/29, 17:06:19.112, 3469996895114, vstest.console.dll, MulticastDelegateUtilities.SafeInvoke: InternalTestLoggerEvents.SendTestResult: Invoking callback 1/1 for Microsoft.VisualStudio.TestPlatform.CommandLine.Internal.ConsoleLogger., took 0 ms.
TpTrace Verbose: 0 : 24388, 13, 2024/04/29, 17:06:19.112, 3469996895521, vstest.console.dll, TcpClientExtensions.MessageLoopAsync: Polling on remoteEndPoint: 127.0.0.1:57600 localEndPoint: 127.0.0.1:57599 after 21 ms
TpTrace Verbose: 0 : 24388, 4, 2024/04/29, 17:06:19.112, 3469996896357, vstest.console.dll, MulticastDelegateUtilities.SafeInvoke: InternalTestLoggerEvents.SendTestResult: Invoking callback 1/1 for Microsoft.VisualStudio.TestPlatform.CommandLine.Internal.ConsoleLogger., took 0 ms.
TpTrace Verbose: 0 : 24388, 4, 2024/04/29, 17:06:19.112, 3469996897266, vstest.console.dll, MulticastDelegateUtilities.SafeInvoke: InternalTestLoggerEvents.SendTestResult: Invoking callback 1/1 for Microsoft.VisualStudio.TestPlatform.CommandLine.Internal.ConsoleLogger., took 0 ms.
TpTrace Verbose: 0 : 24388, 4, 2024/04/29, 17:06:19.113, 3469996904826, vstest.console.dll, MulticastDelegateUtilities.SafeInvoke: InternalTestLoggerEvents.SendTestResult: Invoking callback 1/1 for Microsoft.VisualStudio.TestPlatform.CommandLine.Internal.ConsoleLogger., took 0 ms.
TpTrace Verbose: 0 : 24388, 4, 2024/04/29, 17:06:19.113, 3469996906525, vstest.console.dll, MulticastDelegateUtilities.SafeInvoke: InternalTestLoggerEvents.SendTestResult: Invoking callback 1/1 for Microsoft.VisualStudio.TestPlatform.CommandLine.Internal.ConsoleLogger., took 0 ms.
TpTrace Verbose: 0 : 24388, 4, 2024/04/29, 17:06:19.113, 3469996907979, vstest.console.dll, MulticastDelegateUtilities.SafeInvoke: InternalTestLoggerEvents.SendTestResult: Invoking callback 1/1 for Microsoft.VisualStudio.TestPlatform.CommandLine.Internal.ConsoleLogger., took 0 ms.
TpTrace Verbose: 0 : 24388, 4, 2024/04/29, 17:06:19.113, 3469996909050, vstest.console.dll, MulticastDelegateUtilities.SafeInvoke: InternalTestLoggerEvents.SendTestResult: Invoking callback 1/1 for Microsoft.VisualStudio.TestPlatform.CommandLine.Internal.ConsoleLogger., took 0 ms.
TpTrace Verbose: 0 : 24388, 4, 2024/04/29, 17:06:19.113, 3469996909889, vstest.console.dll, MulticastDelegateUtilities.SafeInvoke: InternalTestLoggerEvents.SendTestResult: Invoking callback 1/1 for Microsoft.VisualStudio.TestPlatform.CommandLine.Internal.ConsoleLogger., took 0 ms.
TpTrace Verbose: 0 : 24388, 4, 2024/04/29, 17:06:19.114, 3469996910674, vstest.console.dll, MulticastDelegateUtilities.SafeInvoke: InternalTestLoggerEvents.SendTestResult: Invoking callback 1/1 for Microsoft.VisualStudio.TestPlatform.CommandLine.Internal.ConsoleLogger., took 0 ms.
TpTrace Verbose: 0 : 24388, 13, 2024/04/29, 17:06:19.128, 3469997052873, vstest.console.dll, TcpClientExtensions.MessageLoopAsync: NotifyDataAvailable remoteEndPoint: 127.0.0.1:57600 localEndPoint: 127.0.0.1:57599
TpTrace Verbose: 0 : 24388, 13, 2024/04/29, 17:06:19.128, 3469997054968, vstest.console.dll, TestRequestSender.OnExecutionMessageReceived: Received message: {"Version":7,"MessageType":"TestSession.Message","Payload":{"MessageLevel":0,"Message":"[xUnit.net 00:00:01.34]   Finished:    UnitTests"}}
TpTrace Verbose: 0 : 24388, 13, 2024/04/29, 17:06:19.128, 3469997056521, vstest.console.dll, TestRunRequest:SendTestRunMessage: Starting.
TpTrace Verbose: 0 : 24388, 13, 2024/04/29, 17:06:19.128, 3469997057313, vstest.console.dll, MulticastDelegateUtilities.SafeInvoke: TestRun.LogMessages: Invoking callback 1/1 for Microsoft.VisualStudio.TestPlatform.CommandLine.TestRunResultAggregator., took 0 ms.
TpTrace Verbose: 0 : 24388, 4, 2024/04/29, 17:06:19.128, 3469997057613, vstest.console.dll, MulticastDelegateUtilities.SafeInvoke: InternalTestLoggerEvents.SendTestRunMessage: Invoking callback 1/1 for Microsoft.VisualStudio.TestPlatform.CommandLine.Internal.ConsoleLogger., took 0 ms.
TpTrace Information: 0 : 24388, 13, 2024/04/29, 17:06:19.128, 3469997057715, vstest.console.dll, TestRunRequest:SendTestRunMessage: Completed.
TpTrace Verbose: 0 : 24388, 13, 2024/04/29, 17:06:19.128, 3469997059136, vstest.console.dll, MulticastDelegateUtilities.SafeInvoke: LengthPrefixCommunicationChannel: MessageReceived: Invoking callback 1/1 for Microsoft.VisualStudio.TestPlatform.CommunicationUtilities.TestRequestSender+<>c__DisplayClass34_0., took 0 ms.
TpTrace Verbose: 0 : 24388, 13, 2024/04/29, 17:06:19.128, 3469997059646, vstest.console.dll, TcpClientExtensions.MessageLoopAsync: Polling on remoteEndPoint: 127.0.0.1:57600 localEndPoint: 127.0.0.1:57599 after 16 ms
TpTrace Verbose: 0 : 24388, 13, 2024/04/29, 17:06:19.161, 3469997382152, vstest.console.dll, TcpClientExtensions.MessageLoopAsync: NotifyDataAvailable remoteEndPoint: 127.0.0.1:57600 localEndPoint: 127.0.0.1:57599
TpTrace Verbose: 0 : 24388, 13, 2024/04/29, 17:06:19.161, 3469997385090, vstest.console.dll, TestRequestSender.OnExecutionMessageReceived: Received message: {"Version":7,"MessageType":"TestExecution.Completed","Payload":{"TestRunCompleteArgs":{"TestRunStatistics":{"ExecutedTests":49,"Stats":{"Passed":48,"Failed":1}},"IsCanceled":false,"IsAborted":false,"Error":null,"AttachmentSets":[],"InvokedDataCollectors":[],"ElapsedTimeInRunningTests":"00:00:01.3585491","Metrics":{},"DiscoveredExtensions":{"TestDiscoverers":["Xunit.Runner.VisualStudio.VsTestRunner, xunit.runner.visualstudio.dotnetcore.testadapter, Version=2.4.0.0, Culture=neutral, PublicKeyToken=8d05b1bb7a6fdb6c"],"TestExecutors":["executor://xunit/VsTestRunner2/netcoreapp"],"TestExecutors2":[],"TestSettingsProviders":[]}},"LastRunTests":{"NewTestResults":[{"TestCase":{"Id":"873bc353-de16-ec89-a16d-57b332efbdfb","FullyQualifiedName":"UnitTests.uiTests.SLUItest.AddStarOrLockImage_WhenUnlockAtLessThanOrEqualToCompleteScore_AddsStarImage","DisplayName":"UnitTests.uiTests.SLUItest.AddStarOrLockImage_WhenUnlockAtLessThanOrEqualToCompleteScore_AddsStarImage","ExecutorUri":"executor://xunit/VsTestRunner2/netcoreapp","Source":"C:\\Users\\ValMe\\Documents\\GitHub\\DP_BUJ0034\\UnitTests\\bin\\Debug\\net7.0\\fine-code-coverage\\build-output\\UnitTests.dll","CodeFilePath":null,"LineNumber":0,"Properties":[]},"Attachments":[],"Outcome":1,"ErrorMessage":null,"ErrorStackTrace":null,"DisplayName":"UnitTests.uiTests.SLUItest.AddStarOrLockImage_WhenUnlockAtLessThanOrEqualToCompleteScore_AddsStarImage","Messages":[],"ComputerName":"LAPTOP-6UOKFPRI","Duration":"00:00:00.0021166","StartTime":"2024-04-29T15:06:19.1140237+00:00","EndTime":"2024-04-29T15:06:19.1140239+00:00","Properties":[]},{"TestCase":{"Id":"9fff6044-4028-7c51-1498-315ef593604d","FullyQualifiedName":"UnitTests.uiTests.SLUItest.isCompletScoreBindedgood","DisplayName":"UnitTests.uiTests.SLUItest.isCompletScoreBindedgood","ExecutorUri":"executor://xunit/VsTestRunner2/netcoreapp","Source":"C:\\Users\\ValMe\\Documents\\GitHub\\DP_BUJ0034\\UnitTests\\bin\\Debug\\net7.0\\fine-code-coverage\\build-output\\UnitTests.dll","CodeFilePath":null,"LineNumber":0,"Properties":[]},"Attachments":[],"Outcome":1,"ErrorMessage":null,"ErrorStackTrace":null,"DisplayName":"UnitTests.uiTests.SLUItest.isCompletScoreBindedgood","Messages":[],"ComputerName":"LAPTOP-6UOKFPRI","Duration":"00:00:00.0001899","StartTime":"2024-04-29T15:06:19.1180755+00:00","EndTime":"2024-04-29T15:06:19.1180756+00:00","Properties":[]},{"TestCase":{"Id":"89846ea4-a6b5-6acc-d021-8f44f0aff118","FullyQualifiedName":"UnitTests.uiTests.SLUItest.ConfigPage_ChecksIfBoxViewIsEnabled","DisplayName":"UnitTests.uiTests.SLUItest.ConfigPage_ChecksIfBoxViewIsEnabled","ExecutorUri":"executor://xunit/VsTestRunner2/netcoreapp","Source":"C:\\Users\\ValMe\\Documents\\GitHub\\DP_BUJ0034\\UnitTests\\bin\\Debug\\net7.0\\fine-code-coverage\\build-output\\UnitTests.dll","CodeFilePath":null,"LineNumber":0,"Properties":[]},"Attachments":[],"Outcome":1,"ErrorMessage":null,"ErrorStackTrace":null,"DisplayName":"UnitTests.uiTests.SLUItest.ConfigPage_ChecksIfBoxViewIsEnabled","Messages":[],"ComputerName":"LAPTOP-6UOKFPRI","Duration":"00:00:00.0218968","StartTime":"2024-04-29T15:06:19.1216441+00:00","EndTime":"2024-04-29T15:06:19.1216442+00:00","Properties":[]},{"TestCase":{"Id":"162b2b47-143d-3dc4-2b8b-91c306667b72","FullyQualifiedName":"UnitTests.levelTests.GameBoardTests.GeneratePaths_ValidInput_CreatesPathAndGeneratesPoints","DisplayName":"UnitTests.levelTests.GameBoardTests.GeneratePaths_ValidInput_CreatesPathAndGeneratesPoints","ExecutorUri":"executor://xunit/VsTestRunner2/netcoreapp","Source":"C:\\Users\\ValMe\\Documents\\GitHub\\DP_BUJ0034\\UnitTests\\bin\\Debug\\net7.0\\fine-code-coverage\\build-output\\UnitTests.dll","CodeFilePath":null,"LineNumber":0,"Properties":[]},"Attachments":[],"Outcome":1,"ErrorMessage":null,"ErrorStackTrace":null,"DisplayName":"UnitTests.levelTests.GameBoardTests.GeneratePaths_ValidInput_CreatesPathAndGeneratesPoints","Messages":[],"ComputerName":"LAPTOP-6UOKFPRI","Duration":"00:00:00.1460073","StartTime":"2024-04-29T15:06:19.1234212+00:00","EndTime":"2024-04-29T15:06:19.1234214+00:00","Properties":[]}],"TestRunStatistics":{"ExecutedTests":49,"Stats":{"Passed":48,"Failed":1}},"ActiveTests":[]},"RunAttachments":[],"ExecutorUris":["executor://xunit/VsTestRunner2/netcoreapp"]}}
TpTrace Verbose: 0 : 24388, 13, 2024/04/29, 17:06:19.161, 3469997387140, vstest.console.dll, TestRequestSender.EndSession: Sending end session.
TpTrace Verbose: 0 : 24388, 13, 2024/04/29, 17:06:19.162, 3469997390327, vstest.console.dll, ProxyOperationManager.Close: waiting for test host to exit for 100 ms
TpTrace Verbose: 0 : 24388, 11, 2024/04/29, 17:06:19.194, 3469997712769, vstest.console.dll, TestHostManagerCallbacks.ctor: Experimental forwarding output is disabled.
TpTrace Warning: 0 : 24388, 11, 2024/04/29, 17:06:19.194, 3469997714357, vstest.console.dll, TestHostManagerCallbacks.ErrorReceivedCallback Test host standard error line: 
TpTrace Verbose: 0 : 24388, 11, 2024/04/29, 17:06:19.212, 3469997894519, vstest.console.dll, TestHostProvider.ExitCallBack: Host exited starting callback.
TpTrace Information: 0 : 24388, 11, 2024/04/29, 17:06:19.212, 3469997896479, vstest.console.dll, TestHostManagerCallbacks.ExitCallBack: Testhost processId: 25356 exited with exitcode: 0 error: ''
TpTrace Verbose: 0 : 24388, 11, 2024/04/29, 17:06:19.212, 3469997897057, vstest.console.dll, DotnetTestHostManager.OnHostExited: invoking OnHostExited callback
TpTrace Verbose: 0 : 24388, 11, 2024/04/29, 17:06:19.212, 3469997897687, vstest.console.dll, CrossPlatEngine.TestHostManagerHostExited: calling on client process exit callback.
TpTrace Information: 0 : 24388, 11, 2024/04/29, 17:06:19.212, 3469997898509, vstest.console.dll, TestRequestSender.OnClientProcessExit: Test host process exited. Standard error: 
TpTrace Information: 0 : 24388, 13, 2024/04/29, 17:06:19.212, 3469997898788, vstest.console.dll, SocketServer.Stop: Stop server endPoint: 127.0.0.1:57599
TpTrace Information: 0 : 24388, 13, 2024/04/29, 17:06:19.212, 3469997899669, vstest.console.dll, SocketServer.Stop: Cancellation requested. Stopping message loop.
TpTrace Information: 0 : 24388, 11, 2024/04/29, 17:06:19.212, 3469997899067, vstest.console.dll, SocketServer.Stop: Stop server endPoint: 127.0.0.1:57599
TpTrace Information: 0 : 24388, 11, 2024/04/29, 17:06:19.213, 3469997900678, vstest.console.dll, SocketServer.Stop: Cancellation requested. Stopping message loop.
TpTrace Verbose: 0 : 24388, 11, 2024/04/29, 17:06:19.213, 3469997901113, vstest.console.dll, MulticastDelegateUtilities.SafeInvoke: HostProviderEvents.OnHostExited: Invoking callback 1/1 for Microsoft.VisualStudio.TestPlatform.CrossPlatEngine.Client.ProxyOperationManager., took 0 ms.
TpTrace Information: 0 : 24388, 13, 2024/04/29, 17:06:19.213, 3469997901550, vstest.console.dll, Closing the connection
TpTrace Verbose: 0 : 24388, 13, 2024/04/29, 17:06:19.213, 3469997904658, vstest.console.dll, ProxyDataCollectionManager.InvokeDataCollectionServiceAction: Starting.
TpTrace Information: 0 : 24388, 13, 2024/04/29, 17:06:19.213, 3469997905403, vstest.console.dll, ProxyDataCollectionManager.AfterTestRunEnd: Get attachment set and invoked data collectors processId: 20628 port: 57596
TpTrace Verbose: 0 : 24388, 13, 2024/04/29, 17:06:19.213, 3469997906170, vstest.console.dll, DataCollectionRequestSender.SendAfterTestRunStartAndGetResult: Send AfterTestRunEnd message with isCancelled: False
TpTrace Verbose: 0 : 24388, 13, 2024/04/29, 17:06:19.221, 3469997981547, vstest.console.dll, DataCollectionRequestSender.SendAfterTestRunStartAndGetResult: Received message: (DataCollection.AfterTestRunEndResult) -> {"MessageType":"DataCollection.AfterTestRunEndResult","Payload":{"AttachmentSets":[],"InvokedDataCollectors":[{"Uri":"datacollector://Microsoft/TestPlatform/Extensions/Blame/v1","FriendlyName":"Blame","AssemblyQualifiedName":"Microsoft.TestPlatform.Extensions.BlameDataCollector.BlameCollector, Microsoft.TestPlatform.Extensions.BlameDataCollector, Version=15.0.0.0, Culture=neutral, PublicKeyToken=b03f5f7f11d50a3a","FilePath":"C:\\Program Files\\dotnet\\sdk\\8.0.204\\Extensions\\Microsoft.TestPlatform.Extensions.BlameDataCollector.dll","HasAttachmentProcessor":false}],"Metrics":{}}}
TpTrace Warning: 0 : 24388, 10, 2024/04/29, 17:06:19.228, 3469998052822, vstest.console.dll, DataCollectionLauncher.ErrorReceivedCallback datacollector standard error line: 
TpTrace Information: 0 : 24388, 13, 2024/04/29, 17:06:19.229, 3469998062552, vstest.console.dll, ProxyDataCollectionManager.InvokeDataCollectionServiceAction: Completed.
TpTrace Information: 0 : 24388, 10, 2024/04/29, 17:06:19.235, 3469998129491, vstest.console.dll, DataCollectionLauncher.ExitCallBack: Data collector exited with exitcode: 0 error: ''
TpTrace Verbose: 0 : 24388, 13, 2024/04/29, 17:06:19.271, 3469998488987, vstest.console.dll, TestRunRequest:SendTestRunStatsChange: Starting.
TpTrace Verbose: 0 : 24388, 13, 2024/04/29, 17:06:19.272, 3469998490584, vstest.console.dll, MulticastDelegateUtilities.SafeInvoke: TestRun.RunStatsChanged: Invoking callbacks was skipped because there are no subscribers.
TpTrace Information: 0 : 24388, 13, 2024/04/29, 17:06:19.272, 3469998490943, vstest.console.dll, TestRunRequest:SendTestRunStatsChange: Completed.
TpTrace Verbose: 0 : 24388, 4, 2024/04/29, 17:06:19.272, 3469998491474, vstest.console.dll, MulticastDelegateUtilities.SafeInvoke: InternalTestLoggerEvents.SendTestResult: Invoking callback 1/1 for Microsoft.VisualStudio.TestPlatform.CommandLine.Internal.ConsoleLogger., took 0 ms.
TpTrace Verbose: 0 : 24388, 4, 2024/04/29, 17:06:19.272, 3469998492644, vstest.console.dll, MulticastDelegateUtilities.SafeInvoke: InternalTestLoggerEvents.SendTestResult: Invoking callback 1/1 for Microsoft.VisualStudio.TestPlatform.CommandLine.Internal.ConsoleLogger., took 0 ms.
TpTrace Verbose: 0 : 24388, 4, 2024/04/29, 17:06:19.272, 3469998493354, vstest.console.dll, MulticastDelegateUtilities.SafeInvoke: InternalTestLoggerEvents.SendTestResult: Invoking callback 1/1 for Microsoft.VisualStudio.TestPlatform.CommandLine.Internal.ConsoleLogger., took 0 ms.
TpTrace Verbose: 0 : 24388, 4, 2024/04/29, 17:06:19.272, 3469998494182, vstest.console.dll, MulticastDelegateUtilities.SafeInvoke: InternalTestLoggerEvents.SendTestResult: Invoking callback 1/1 for Microsoft.VisualStudio.TestPlatform.CommandLine.Internal.ConsoleLogger., took 0 ms.
TpTrace Verbose: 0 : 24388, 13, 2024/04/29, 17:06:19.272, 3469998495371, vstest.console.dll, ParallelProxyExecutionManager: HandlePartialRunComplete: Total workloads = 1, Total started clients = 1 Total completed clients = 1, Run complete = True, Run canceled: False.
TpTrace Verbose: 0 : 24388, 13, 2024/04/29, 17:06:19.272, 3469998496101, vstest.console.dll, ParallelProxyExecutionManager: HandlePartialRunComplete: All runs completed stopping all managers.
TpTrace Verbose: 0 : 24388, 13, 2024/04/29, 17:06:19.272, 3469998496618, vstest.console.dll, ParallelOperationManager.StopAllManagers: Stopping all managers.
TpTrace Verbose: 0 : 24388, 13, 2024/04/29, 17:06:19.272, 3469998497041, vstest.console.dll, ParallelOperationManager.ClearSlots: Clearing all slots. Slots should accept more work: False
TpTrace Verbose: 0 : 24388, 13, 2024/04/29, 17:06:19.272, 3469998497737, vstest.console.dll, ParallelOperationManager.SetOccupiedSlotCount: Setting slot counts AvailableSlotCount = 1, OccupiedSlotCount = 0.
TpTrace Verbose: 0 : 24388, 13, 2024/04/29, 17:06:19.272, 3469998498692, vstest.console.dll, Occupied slots:

TpTrace Verbose: 0 : 24388, 4, 2024/04/29, 17:06:19.287, 3469998645473, vstest.console.dll, MulticastDelegateUtilities.SafeInvoke: InternalTestLoggerEvents.SendTestRunComplete: Invoking callback 1/2 for Microsoft.TestPlatform.Extensions.BlameDataCollector.BlameLogger., took 0 ms.
TpTrace Verbose: 0 : 24388, 4, 2024/04/29, 17:06:19.295, 3469998727840, vstest.console.dll, MulticastDelegateUtilities.SafeInvoke: InternalTestLoggerEvents.SendTestRunComplete: Invoking callback 2/2 for Microsoft.VisualStudio.TestPlatform.CommandLine.Internal.ConsoleLogger., took 8 ms.
TpTrace Verbose: 0 : 24388, 13, 2024/04/29, 17:06:19.296, 3469998731596, vstest.console.dll, TestRunRequest:TestRunComplete: Starting. IsAborted:False IsCanceled:False.
TpTrace Verbose: 0 : 24388, 13, 2024/04/29, 17:06:19.296, 3469998736378, vstest.console.dll, ParallelOperationManager.DoActionOnAllManagers: Calling an action on all managers.
TpTrace Verbose: 0 : 24388, 13, 2024/04/29, 17:06:19.299, 3469998760511, vstest.console.dll, TestLoggerManager.HandleTestRunComplete: Ignoring as the object is disposed.
TpTrace Verbose: 0 : 24388, 13, 2024/04/29, 17:06:19.299, 3469998765209, vstest.console.dll, MulticastDelegateUtilities.SafeInvoke: TestRun.TestRunComplete: Invoking callback 1/2 for Microsoft.VisualStudio.TestPlatform.CommandLine.TestRunResultAggregator., took 0 ms.
TpTrace Verbose: 0 : 24388, 13, 2024/04/29, 17:06:19.299, 3469998768354, vstest.console.dll, MulticastDelegateUtilities.SafeInvoke: TestRun.TestRunComplete: Invoking callback 2/2 for Microsoft.VisualStudio.TestPlatform.CommandLine.Processors.RunTestsArgumentExecutor+TestRunRequestEventsRegistrar., took 0 ms.
TpTrace Information: 0 : 24388, 13, 2024/04/29, 17:06:19.300, 3469998770775, vstest.console.dll, TestRunRequest:TestRunComplete: Completed.
TpTrace Verbose: 0 : 24388, 1, 2024/04/29, 17:06:19.300, 3469998771033, vstest.console.dll, TestRunRequest.Dispose: Starting.
TpTrace Verbose: 0 : 24388, 13, 2024/04/29, 17:06:19.300, 3469998771739, vstest.console.dll, TestRequestSender.SetOperationComplete: Setting operation complete.
TpTrace Information: 0 : 24388, 13, 2024/04/29, 17:06:19.300, 3469998772813, vstest.console.dll, SocketServer.Stop: Stop server endPoint: 127.0.0.1:57599
TpTrace Information: 0 : 24388, 1, 2024/04/29, 17:06:19.300, 3469998772546, vstest.console.dll, TestRunRequest.Dispose: Completed.
TpTrace Information: 0 : 24388, 13, 2024/04/29, 17:06:19.300, 3469998773221, vstest.console.dll, SocketServer.Stop: Cancellation requested. Stopping message loop.
TpTrace Information: 0 : 24388, 1, 2024/04/29, 17:06:19.300, 3469998774716, vstest.console.dll, TestRequestManager.RunTests: run tests completed.
TpTrace Verbose: 0 : 24388, 13, 2024/04/29, 17:06:19.300, 3469998775138, vstest.console.dll, MulticastDelegateUtilities.SafeInvoke: LengthPrefixCommunicationChannel: MessageReceived: Invoking callback 1/1 for Microsoft.VisualStudio.TestPlatform.CommunicationUtilities.TestRequestSender+<>c__DisplayClass34_0., took 139 ms.
TpTrace Information: 0 : 24388, 13, 2024/04/29, 17:06:19.300, 3469998776530, vstest.console.dll, SocketServer.PrivateStop: Stopping server endPoint: 127.0.0.1:57599 error: 
TpTrace Information: 0 : 24388, 1, 2024/04/29, 17:06:19.300, 3469998776912, vstest.console.dll, RunTestsArgumentProcessor:Execute: Test run is completed.
TpTrace Verbose: 0 : 24388, 1, 2024/04/29, 17:06:19.301, 3469998780701, vstest.console.dll, Executor.Execute: Exiting with exit code of 1
TpTrace Verbose: 0 : 24388, 13, 2024/04/29, 17:06:19.301, 3469998783939, vstest.console.dll, LengthPrefixCommunicationChannel.Dispose: Dispose reader and writer.
TpTrace Information: 0 : 24388, 13, 2024/04/29, 17:06:19.301, 3469998785329, vstest.console.dll, SocketServer.Stop: Raise disconnected event endPoint: 127.0.0.1:57599 error: 
TpTrace Verbose: 0 : 24388, 13, 2024/04/29, 17:06:19.301, 3469998786697, vstest.console.dll, TestRequestSender: OnTestRunAbort: Operation is already complete. Skip error message.
